{"/home/runner/work/lizards-inc-fe/lizards-inc-fe/libs/auth/src/index.ts": {"path":"/home/runner/work/lizards-inc-fe/lizards-inc-fe/libs/auth/src/index.ts","statementMap":{},"fnMap":{},"branchMap":{},"s":{},"f":{},"b":{},"_coverageSchema":"1a1c01bbd47fc00a2c39e90264f33305004495a9","hash":"da9f6af6bd9af81c05e1795c010e8adbeeb42878"}
,"/home/runner/work/lizards-inc-fe/lizards-inc-fe/libs/auth/src/lib/AuthProvider.tsx": {"path":"/home/runner/work/lizards-inc-fe/lizards-inc-fe/libs/auth/src/lib/AuthProvider.tsx","statementMap":{"0":{"start":{"line":20,"column":20},"end":{"line":20,"column":70}},"1":{"start":{"line":25,"column":28},"end":{"line":68,"column":1}},"2":{"start":{"line":26,"column":44},"end":{"line":26,"column":63}},"3":{"start":{"line":28,"column":2},"end":{"line":39,"column":9}},"4":{"start":{"line":29,"column":17},"end":{"line":29,"column":93}},"5":{"start":{"line":31,"column":4},"end":{"line":36,"column":5}},"6":{"start":{"line":32,"column":6},"end":{"line":32,"column":29}},"7":{"start":{"line":33,"column":6},"end":{"line":35,"column":8}},"8":{"start":{"line":38,"column":4},"end":{"line":38,"column":59}},"9":{"start":{"line":41,"column":16},"end":{"line":52,"column":3}},"10":{"start":{"line":42,"column":4},"end":{"line":42,"column":65}},"11":{"start":{"line":43,"column":4},"end":{"line":43,"column":27}},"12":{"start":{"line":45,"column":17},"end":{"line":45,"column":91}},"13":{"start":{"line":47,"column":4},"end":{"line":51,"column":5}},"14":{"start":{"line":48,"column":6},"end":{"line":50,"column":8}},"15":{"start":{"line":54,"column":17},"end":{"line":59,"column":3}},"16":{"start":{"line":55,"column":4},"end":{"line":55,"column":42}},"17":{"start":{"line":56,"column":4},"end":{"line":56,"column":28}},"18":{"start":{"line":57,"column":4},"end":{"line":57,"column":19}},"19":{"start":{"line":58,"column":4},"end":{"line":58,"column":58}},"20":{"start":{"line":61,"column":30},"end":{"line":61,"column":111}},"21":{"start":{"line":61,"column":45},"end":{"line":61,"column":77}},"22":{"start":{"line":63,"column":2},"end":{"line":67,"column":4}},"23":{"start":{"line":70,"column":30},"end":{"line":76,"column":1}},"24":{"start":{"line":71,"column":18},"end":{"line":71,"column":41}},"25":{"start":{"line":72,"column":2},"end":{"line":74,"column":3}},"26":{"start":{"line":73,"column":4},"end":{"line":73,"column":73}},"27":{"start":{"line":75,"column":2},"end":{"line":75,"column":17}}},"fnMap":{"0":{"name":"(anonymous_0)","decl":{"start":{"line":25,"column":28},"end":{"line":25,"column":29}},"loc":{"start":{"line":25,"column":53},"end":{"line":68,"column":1}},"line":25},"1":{"name":"(anonymous_1)","decl":{"start":{"line":28,"column":12},"end":{"line":28,"column":13}},"loc":{"start":{"line":28,"column":18},"end":{"line":39,"column":3}},"line":28},"2":{"name":"(anonymous_2)","decl":{"start":{"line":41,"column":16},"end":{"line":41,"column":17}},"loc":{"start":{"line":41,"column":50},"end":{"line":52,"column":3}},"line":41},"3":{"name":"(anonymous_3)","decl":{"start":{"line":54,"column":17},"end":{"line":54,"column":18}},"loc":{"start":{"line":54,"column":23},"end":{"line":59,"column":3}},"line":54},"4":{"name":"(anonymous_4)","decl":{"start":{"line":61,"column":38},"end":{"line":61,"column":39}},"loc":{"start":{"line":61,"column":45},"end":{"line":61,"column":77}},"line":61},"5":{"name":"(anonymous_5)","decl":{"start":{"line":70,"column":30},"end":{"line":70,"column":31}},"loc":{"start":{"line":70,"column":36},"end":{"line":76,"column":1}},"line":70}},"branchMap":{"0":{"loc":{"start":{"line":29,"column":28},"end":{"line":29,"column":70}},"type":"binary-expr","locations":[{"start":{"line":29,"column":28},"end":{"line":29,"column":62}},{"start":{"line":29,"column":66},"end":{"line":29,"column":70}}],"line":29},"1":{"loc":{"start":{"line":31,"column":4},"end":{"line":36,"column":5}},"type":"if","locations":[{"start":{"line":31,"column":4},"end":{"line":36,"column":5}},{"start":{},"end":{}}],"line":31},"2":{"loc":{"start":{"line":45,"column":28},"end":{"line":45,"column":68}},"type":"binary-expr","locations":[{"start":{"line":45,"column":28},"end":{"line":45,"column":62}},{"start":{"line":45,"column":66},"end":{"line":45,"column":68}}],"line":45},"3":{"loc":{"start":{"line":47,"column":4},"end":{"line":51,"column":5}},"type":"if","locations":[{"start":{"line":47,"column":4},"end":{"line":51,"column":5}},{"start":{},"end":{}}],"line":47},"4":{"loc":{"start":{"line":72,"column":2},"end":{"line":74,"column":3}},"type":"if","locations":[{"start":{"line":72,"column":2},"end":{"line":74,"column":3}},{"start":{},"end":{}}],"line":72}},"s":{"0":7,"1":7,"2":36,"3":36,"4":18,"5":18,"6":0,"7":0,"8":18,"9":36,"10":0,"11":0,"12":0,"13":0,"14":0,"15":36,"16":0,"17":0,"18":0,"19":0,"20":36,"21":36,"22":36,"23":7,"24":38,"25":38,"26":0,"27":38},"f":{"0":36,"1":18,"2":0,"3":0,"4":36,"5":38},"b":{"0":[18,18],"1":[0,18],"2":[0,0],"3":[0,0],"4":[0,38]},"_coverageSchema":"1a1c01bbd47fc00a2c39e90264f33305004495a9","hash":"89129c258eacf241ebf914073e22e69cfac6383d"}
,"/home/runner/work/lizards-inc-fe/lizards-inc-fe/libs/fetcher/src/index.ts": {"path":"/home/runner/work/lizards-inc-fe/lizards-inc-fe/libs/fetcher/src/index.ts","statementMap":{},"fnMap":{},"branchMap":{},"s":{},"f":{},"b":{},"_coverageSchema":"1a1c01bbd47fc00a2c39e90264f33305004495a9","hash":"5f32ff82fbffe1c14eee5259e81b499525fd0b26"}
,"/home/runner/work/lizards-inc-fe/lizards-inc-fe/libs/fetcher/src/lib/ApiUrl.ts": {"path":"/home/runner/work/lizards-inc-fe/lizards-inc-fe/libs/fetcher/src/lib/ApiUrl.ts","statementMap":{"0":{"start":{"line":1,"column":22},"end":{"line":1,"column":44}}},"fnMap":{},"branchMap":{},"s":{"0":5},"f":{},"b":{},"_coverageSchema":"1a1c01bbd47fc00a2c39e90264f33305004495a9","hash":"139b49df773f67ff067e5fea6a570a4815df44e4"}
,"/home/runner/work/lizards-inc-fe/lizards-inc-fe/libs/fetcher/src/lib/useDeleteRequest.ts": {"path":"/home/runner/work/lizards-inc-fe/lizards-inc-fe/libs/fetcher/src/lib/useDeleteRequest.ts","statementMap":{"0":{"start":{"line":13,"column":32},"end":{"line":44,"column":1}},"1":{"start":{"line":18,"column":28},"end":{"line":18,"column":44}},"2":{"start":{"line":19,"column":35},"end":{"line":19,"column":55}},"3":{"start":{"line":21,"column":63},"end":{"line":25,"column":3}},"4":{"start":{"line":27,"column":2},"end":{"line":29,"column":3}},"5":{"start":{"line":28,"column":4},"end":{"line":28,"column":36}},"6":{"start":{"line":31,"column":2},"end":{"line":33,"column":3}},"7":{"start":{"line":32,"column":4},"end":{"line":32,"column":40}},"8":{"start":{"line":35,"column":19},"end":{"line":35,"column":92}},"9":{"start":{"line":37,"column":2},"end":{"line":41,"column":17}},"10":{"start":{"line":38,"column":4},"end":{"line":40,"column":5}},"11":{"start":{"line":39,"column":6},"end":{"line":39,"column":61}},"12":{"start":{"line":43,"column":2},"end":{"line":43,"column":18}}},"fnMap":{"0":{"name":"(anonymous_0)","decl":{"start":{"line":13,"column":32},"end":{"line":13,"column":33}},"loc":{"start":{"line":17,"column":43},"end":{"line":44,"column":1}},"line":17},"1":{"name":"(anonymous_1)","decl":{"start":{"line":37,"column":12},"end":{"line":37,"column":13}},"loc":{"start":{"line":37,"column":18},"end":{"line":41,"column":3}},"line":37}},"branchMap":{"0":{"loc":{"start":{"line":27,"column":2},"end":{"line":29,"column":3}},"type":"if","locations":[{"start":{"line":27,"column":2},"end":{"line":29,"column":3}},{"start":{},"end":{}}],"line":27},"1":{"loc":{"start":{"line":31,"column":2},"end":{"line":33,"column":3}},"type":"if","locations":[{"start":{"line":31,"column":2},"end":{"line":33,"column":3}},{"start":{},"end":{}}],"line":31},"2":{"loc":{"start":{"line":35,"column":49},"end":{"line":35,"column":91}},"type":"cond-expr","locations":[{"start":{"line":35,"column":65},"end":{"line":35,"column":84}},{"start":{"line":35,"column":87},"end":{"line":35,"column":91}}],"line":35},"3":{"loc":{"start":{"line":38,"column":4},"end":{"line":40,"column":5}},"type":"if","locations":[{"start":{"line":38,"column":4},"end":{"line":40,"column":5}},{"start":{},"end":{}}],"line":38}},"s":{"0":5,"1":0,"2":0,"3":0,"4":0,"5":0,"6":0,"7":0,"8":0,"9":0,"10":0,"11":0,"12":0},"f":{"0":0,"1":0},"b":{"0":[0,0],"1":[0,0],"2":[0,0],"3":[0,0]},"_coverageSchema":"1a1c01bbd47fc00a2c39e90264f33305004495a9","hash":"bc9403330b0c7d787b77fcbc8aa92424cda69875"}
,"/home/runner/work/lizards-inc-fe/lizards-inc-fe/libs/fetcher/src/lib/useGetRequest.ts": {"path":"/home/runner/work/lizards-inc-fe/lizards-inc-fe/libs/fetcher/src/lib/useGetRequest.ts","statementMap":{"0":{"start":{"line":13,"column":29},"end":{"line":39,"column":1}},"1":{"start":{"line":17,"column":28},"end":{"line":17,"column":44}},"2":{"start":{"line":18,"column":35},"end":{"line":18,"column":55}},"3":{"start":{"line":20,"column":47},"end":{"line":24,"column":3}},"4":{"start":{"line":26,"column":2},"end":{"line":28,"column":3}},"5":{"start":{"line":27,"column":4},"end":{"line":27,"column":37}},"6":{"start":{"line":30,"column":19},"end":{"line":30,"column":83}},"7":{"start":{"line":32,"column":2},"end":{"line":36,"column":17}},"8":{"start":{"line":33,"column":4},"end":{"line":35,"column":5}},"9":{"start":{"line":34,"column":6},"end":{"line":34,"column":61}},"10":{"start":{"line":38,"column":2},"end":{"line":38,"column":18}}},"fnMap":{"0":{"name":"(anonymous_0)","decl":{"start":{"line":13,"column":29},"end":{"line":13,"column":30}},"loc":{"start":{"line":16,"column":27},"end":{"line":39,"column":1}},"line":16},"1":{"name":"(anonymous_1)","decl":{"start":{"line":32,"column":12},"end":{"line":32,"column":13}},"loc":{"start":{"line":32,"column":18},"end":{"line":36,"column":3}},"line":32}},"branchMap":{"0":{"loc":{"start":{"line":26,"column":2},"end":{"line":28,"column":3}},"type":"if","locations":[{"start":{"line":26,"column":2},"end":{"line":28,"column":3}},{"start":{},"end":{}}],"line":26},"1":{"loc":{"start":{"line":30,"column":43},"end":{"line":30,"column":82}},"type":"cond-expr","locations":[{"start":{"line":30,"column":59},"end":{"line":30,"column":75}},{"start":{"line":30,"column":78},"end":{"line":30,"column":82}}],"line":30},"2":{"loc":{"start":{"line":33,"column":4},"end":{"line":35,"column":5}},"type":"if","locations":[{"start":{"line":33,"column":4},"end":{"line":35,"column":5}},{"start":{},"end":{}}],"line":33}},"s":{"0":5,"1":12,"2":12,"3":12,"4":12,"5":2,"6":12,"7":12,"8":12,"9":0,"10":12},"f":{"0":12,"1":12},"b":{"0":[2,10],"1":[0,12],"2":[0,12]},"_coverageSchema":"1a1c01bbd47fc00a2c39e90264f33305004495a9","hash":"e20a1857a6194d47f49463550a15eec9a1c8d81b"}
,"/home/runner/work/lizards-inc-fe/lizards-inc-fe/libs/fetcher/src/lib/useMutateRequest.ts": {"path":"/home/runner/work/lizards-inc-fe/lizards-inc-fe/libs/fetcher/src/lib/useMutateRequest.ts","statementMap":{"0":{"start":{"line":30,"column":6},"end":{"line":47,"column":3}},"1":{"start":{"line":33,"column":10},"end":{"line":33,"column":39}},"2":{"start":{"line":49,"column":2},"end":{"line":56,"column":4}}},"fnMap":{"0":{"name":"useMutateRequest","decl":{"start":{"line":20,"column":16},"end":{"line":20,"column":32}},"loc":{"start":{"line":23,"column":23},"end":{"line":57,"column":1}},"line":23},"1":{"name":"(anonymous_1)","decl":{"start":{"line":33,"column":4},"end":{"line":33,"column":5}},"loc":{"start":{"line":33,"column":10},"end":{"line":33,"column":39}},"line":33}},"branchMap":{"0":{"loc":{"start":{"line":50,"column":10},"end":{"line":50,"column":35}},"type":"binary-expr","locations":[{"start":{"line":50,"column":10},"end":{"line":50,"column":18}},{"start":{"line":50,"column":22},"end":{"line":50,"column":35}}],"line":50}},"s":{"0":24,"1":0,"2":24},"f":{"0":24,"1":0},"b":{"0":[24,0]},"_coverageSchema":"1a1c01bbd47fc00a2c39e90264f33305004495a9","hash":"9168e65cb26def13da76c9218aa84139de1d88fd"}
,"/home/runner/work/lizards-inc-fe/lizards-inc-fe/libs/fetcher/src/lib/usePostRequest.ts": {"path":"/home/runner/work/lizards-inc-fe/lizards-inc-fe/libs/fetcher/src/lib/usePostRequest.ts","statementMap":{"0":{"start":{"line":14,"column":30},"end":{"line":50,"column":1}},"1":{"start":{"line":20,"column":28},"end":{"line":20,"column":44}},"2":{"start":{"line":21,"column":35},"end":{"line":21,"column":55}},"3":{"start":{"line":23,"column":61},"end":{"line":27,"column":3}},"4":{"start":{"line":29,"column":2},"end":{"line":31,"column":3}},"5":{"start":{"line":30,"column":4},"end":{"line":30,"column":34}},"6":{"start":{"line":33,"column":2},"end":{"line":35,"column":3}},"7":{"start":{"line":34,"column":4},"end":{"line":34,"column":38}},"8":{"start":{"line":37,"column":22},"end":{"line":39,"column":11}},"9":{"start":{"line":38,"column":4},"end":{"line":38,"column":37}},"10":{"start":{"line":41,"column":19},"end":{"line":41,"column":105}},"11":{"start":{"line":43,"column":2},"end":{"line":47,"column":36}},"12":{"start":{"line":44,"column":4},"end":{"line":46,"column":5}},"13":{"start":{"line":45,"column":6},"end":{"line":45,"column":61}},"14":{"start":{"line":49,"column":2},"end":{"line":49,"column":18}}},"fnMap":{"0":{"name":"(anonymous_0)","decl":{"start":{"line":14,"column":30},"end":{"line":14,"column":31}},"loc":{"start":{"line":19,"column":41},"end":{"line":50,"column":1}},"line":19},"1":{"name":"(anonymous_1)","decl":{"start":{"line":37,"column":30},"end":{"line":37,"column":31}},"loc":{"start":{"line":37,"column":36},"end":{"line":39,"column":3}},"line":37},"2":{"name":"(anonymous_2)","decl":{"start":{"line":43,"column":12},"end":{"line":43,"column":13}},"loc":{"start":{"line":43,"column":18},"end":{"line":47,"column":3}},"line":43}},"branchMap":{"0":{"loc":{"start":{"line":18,"column":2},"end":{"line":18,"column":26}},"type":"default-arg","locations":[{"start":{"line":18,"column":22},"end":{"line":18,"column":26}}],"line":18},"1":{"loc":{"start":{"line":29,"column":2},"end":{"line":31,"column":3}},"type":"if","locations":[{"start":{"line":29,"column":2},"end":{"line":31,"column":3}},{"start":{},"end":{}}],"line":29},"2":{"loc":{"start":{"line":33,"column":2},"end":{"line":35,"column":3}},"type":"if","locations":[{"start":{"line":33,"column":2},"end":{"line":35,"column":3}},{"start":{},"end":{}}],"line":33},"3":{"loc":{"start":{"line":41,"column":49},"end":{"line":41,"column":104}},"type":"cond-expr","locations":[{"start":{"line":41,"column":80},"end":{"line":41,"column":97}},{"start":{"line":41,"column":100},"end":{"line":41,"column":104}}],"line":41},"4":{"loc":{"start":{"line":41,"column":49},"end":{"line":41,"column":77}},"type":"binary-expr","locations":[{"start":{"line":41,"column":49},"end":{"line":41,"column":62}},{"start":{"line":41,"column":66},"end":{"line":41,"column":77}}],"line":41},"5":{"loc":{"start":{"line":44,"column":4},"end":{"line":46,"column":5}},"type":"if","locations":[{"start":{"line":44,"column":4},"end":{"line":46,"column":5}},{"start":{},"end":{}}],"line":44},"6":{"loc":{"start":{"line":44,"column":8},"end":{"line":44,"column":61}},"type":"binary-expr","locations":[{"start":{"line":44,"column":8},"end":{"line":44,"column":40}},{"start":{"line":44,"column":44},"end":{"line":44,"column":61}}],"line":44}},"s":{"0":5,"1":0,"2":0,"3":0,"4":0,"5":0,"6":0,"7":0,"8":0,"9":0,"10":0,"11":0,"12":0,"13":0,"14":0},"f":{"0":0,"1":0,"2":0},"b":{"0":[0],"1":[0,0],"2":[0,0],"3":[0,0],"4":[0,0],"5":[0,0],"6":[0,0]},"_coverageSchema":"1a1c01bbd47fc00a2c39e90264f33305004495a9","hash":"80fc7d2da545b4275426a9a348ea8cf4c25bb330"}
,"/home/runner/work/lizards-inc-fe/lizards-inc-fe/libs/fetcher/src/lib/usePutRequest.ts": {"path":"/home/runner/work/lizards-inc-fe/lizards-inc-fe/libs/fetcher/src/lib/usePutRequest.ts","statementMap":{"0":{"start":{"line":13,"column":29},"end":{"line":44,"column":1}},"1":{"start":{"line":18,"column":28},"end":{"line":18,"column":44}},"2":{"start":{"line":19,"column":35},"end":{"line":19,"column":55}},"3":{"start":{"line":21,"column":60},"end":{"line":25,"column":3}},"4":{"start":{"line":27,"column":2},"end":{"line":29,"column":3}},"5":{"start":{"line":28,"column":4},"end":{"line":28,"column":33}},"6":{"start":{"line":31,"column":2},"end":{"line":33,"column":3}},"7":{"start":{"line":32,"column":4},"end":{"line":32,"column":37}},"8":{"start":{"line":35,"column":19},"end":{"line":35,"column":89}},"9":{"start":{"line":37,"column":2},"end":{"line":41,"column":17}},"10":{"start":{"line":38,"column":4},"end":{"line":40,"column":5}},"11":{"start":{"line":39,"column":6},"end":{"line":39,"column":61}},"12":{"start":{"line":43,"column":2},"end":{"line":43,"column":18}}},"fnMap":{"0":{"name":"(anonymous_0)","decl":{"start":{"line":13,"column":29},"end":{"line":13,"column":30}},"loc":{"start":{"line":17,"column":40},"end":{"line":44,"column":1}},"line":17},"1":{"name":"(anonymous_1)","decl":{"start":{"line":37,"column":12},"end":{"line":37,"column":13}},"loc":{"start":{"line":37,"column":18},"end":{"line":41,"column":3}},"line":37}},"branchMap":{"0":{"loc":{"start":{"line":27,"column":2},"end":{"line":29,"column":3}},"type":"if","locations":[{"start":{"line":27,"column":2},"end":{"line":29,"column":3}},{"start":{},"end":{}}],"line":27},"1":{"loc":{"start":{"line":31,"column":2},"end":{"line":33,"column":3}},"type":"if","locations":[{"start":{"line":31,"column":2},"end":{"line":33,"column":3}},{"start":{},"end":{}}],"line":31},"2":{"loc":{"start":{"line":35,"column":49},"end":{"line":35,"column":88}},"type":"cond-expr","locations":[{"start":{"line":35,"column":65},"end":{"line":35,"column":81}},{"start":{"line":35,"column":84},"end":{"line":35,"column":88}}],"line":35},"3":{"loc":{"start":{"line":38,"column":4},"end":{"line":40,"column":5}},"type":"if","locations":[{"start":{"line":38,"column":4},"end":{"line":40,"column":5}},{"start":{},"end":{}}],"line":38}},"s":{"0":5,"1":24,"2":24,"3":24,"4":24,"5":8,"6":24,"7":0,"8":24,"9":24,"10":24,"11":0,"12":24},"f":{"0":24,"1":24},"b":{"0":[8,16],"1":[0,24],"2":[0,24],"3":[0,24]},"_coverageSchema":"1a1c01bbd47fc00a2c39e90264f33305004495a9","hash":"087f1ac028a9fd3fbaf029ff43020219a9194d64"}
,"/home/runner/work/lizards-inc-fe/lizards-inc-fe/libs/fetcher/src/lib/useRequest.ts": {"path":"/home/runner/work/lizards-inc-fe/lizards-inc-fe/libs/fetcher/src/lib/useRequest.ts","statementMap":{"0":{"start":{"line":27,"column":6},"end":{"line":48,"column":3}},"1":{"start":{"line":34,"column":10},"end":{"line":34,"column":39}},"2":{"start":{"line":50,"column":2},"end":{"line":57,"column":4}}},"fnMap":{"0":{"name":"useRequest","decl":{"start":{"line":17,"column":16},"end":{"line":17,"column":26}},"loc":{"start":{"line":20,"column":23},"end":{"line":58,"column":1}},"line":20},"1":{"name":"(anonymous_1)","decl":{"start":{"line":34,"column":4},"end":{"line":34,"column":5}},"loc":{"start":{"line":34,"column":10},"end":{"line":34,"column":39}},"line":34}},"branchMap":{"0":{"loc":{"start":{"line":19,"column":2},"end":{"line":19,"column":55}},"type":"default-arg","locations":[{"start":{"line":19,"column":53},"end":{"line":19,"column":55}}],"line":19},"1":{"loc":{"start":{"line":38,"column":8},"end":{"line":46,"column":33}},"type":"binary-expr","locations":[{"start":{"line":38,"column":8},"end":{"line":38,"column":20}},{"start":{"line":39,"column":9},"end":{"line":46,"column":32}}],"line":38},"2":{"loc":{"start":{"line":51,"column":10},"end":{"line":51,"column":35}},"type":"binary-expr","locations":[{"start":{"line":51,"column":10},"end":{"line":51,"column":18}},{"start":{"line":51,"column":22},"end":{"line":51,"column":35}}],"line":51}},"s":{"0":12,"1":0,"2":12},"f":{"0":12,"1":0},"b":{"0":[12],"1":[12,0],"2":[12,0]},"_coverageSchema":"1a1c01bbd47fc00a2c39e90264f33305004495a9","hash":"7a59c8938e5f692bd6525726150d875668cbc6e1"}
,"/home/runner/work/lizards-inc-fe/lizards-inc-fe/libs/home/src/lib/Home.tsx": {"path":"/home/runner/work/lizards-inc-fe/lizards-inc-fe/libs/home/src/lib/Home.tsx","statementMap":{"0":{"start":{"line":20,"column":20},"end":{"line":126,"column":1}},"1":{"start":{"line":21,"column":77},"end":{"line":23,"column":4}},"2":{"start":{"line":24,"column":31},"end":{"line":26,"column":4}},"3":{"start":{"line":27,"column":49},"end":{"line":33,"column":4}},"4":{"start":{"line":35,"column":27},"end":{"line":41,"column":36}},"5":{"start":{"line":36,"column":4},"end":{"line":39,"column":8}},"6":{"start":{"line":37,"column":6},"end":{"line":39,"column":8}},"7":{"start":{"line":38,"column":18},"end":{"line":38,"column":101}},"8":{"start":{"line":40,"column":4},"end":{"line":40,"column":40}},"9":{"start":{"line":43,"column":2},"end":{"line":125,"column":4}},"10":{"start":{"line":71,"column":92},"end":{"line":74,"column":17}},"11":{"start":{"line":93,"column":92},"end":{"line":96,"column":17}},"12":{"start":{"line":113,"column":92},"end":{"line":116,"column":17}}},"fnMap":{"0":{"name":"(anonymous_0)","decl":{"start":{"line":20,"column":20},"end":{"line":20,"column":21}},"loc":{"start":{"line":20,"column":26},"end":{"line":126,"column":1}},"line":20},"1":{"name":"(anonymous_1)","decl":{"start":{"line":35,"column":35},"end":{"line":35,"column":36}},"loc":{"start":{"line":35,"column":41},"end":{"line":41,"column":3}},"line":35},"2":{"name":"(anonymous_2)","decl":{"start":{"line":38,"column":8},"end":{"line":38,"column":9}},"loc":{"start":{"line":38,"column":18},"end":{"line":38,"column":101}},"line":38},"3":{"name":"(anonymous_3)","decl":{"start":{"line":71,"column":76},"end":{"line":71,"column":77}},"loc":{"start":{"line":71,"column":92},"end":{"line":74,"column":17}},"line":71},"4":{"name":"(anonymous_4)","decl":{"start":{"line":93,"column":76},"end":{"line":93,"column":77}},"loc":{"start":{"line":93,"column":92},"end":{"line":96,"column":17}},"line":93},"5":{"name":"(anonymous_5)","decl":{"start":{"line":113,"column":76},"end":{"line":113,"column":77}},"loc":{"start":{"line":113,"column":92},"end":{"line":116,"column":17}},"line":113}},"branchMap":{"0":{"loc":{"start":{"line":36,"column":4},"end":{"line":39,"column":8}},"type":"if","locations":[{"start":{"line":36,"column":4},"end":{"line":39,"column":8}},{"start":{},"end":{}}],"line":36},"1":{"loc":{"start":{"line":51,"column":13},"end":{"line":55,"column":13}},"type":"cond-expr","locations":[{"start":{"line":52,"column":14},"end":{"line":52,"column":81}},{"start":{"line":54,"column":14},"end":{"line":54,"column":102}}],"line":51},"2":{"loc":{"start":{"line":68,"column":28},"end":{"line":70,"column":29}},"type":"cond-expr","locations":[{"start":{"line":69,"column":20},"end":{"line":69,"column":102}},{"start":{"line":70,"column":20},"end":{"line":70,"column":29}}],"line":68},"3":{"loc":{"start":{"line":76,"column":73},"end":{"line":76,"column":108}},"type":"binary-expr","locations":[{"start":{"line":76,"column":73},"end":{"line":76,"column":103}},{"start":{"line":76,"column":107},"end":{"line":76,"column":108}}],"line":76},"4":{"loc":{"start":{"line":90,"column":28},"end":{"line":92,"column":29}},"type":"cond-expr","locations":[{"start":{"line":91,"column":20},"end":{"line":91,"column":96}},{"start":{"line":92,"column":20},"end":{"line":92,"column":29}}],"line":90},"5":{"loc":{"start":{"line":98,"column":70},"end":{"line":98,"column":102}},"type":"binary-expr","locations":[{"start":{"line":98,"column":70},"end":{"line":98,"column":97}},{"start":{"line":98,"column":101},"end":{"line":98,"column":102}}],"line":98},"6":{"loc":{"start":{"line":112,"column":28},"end":{"line":112,"column":119}},"type":"cond-expr","locations":[{"start":{"line":112,"column":41},"end":{"line":112,"column":107}},{"start":{"line":112,"column":110},"end":{"line":112,"column":119}}],"line":112},"7":{"loc":{"start":{"line":118,"column":65},"end":{"line":118,"column":92}},"type":"binary-expr","locations":[{"start":{"line":118,"column":65},"end":{"line":118,"column":87}},{"start":{"line":118,"column":91},"end":{"line":118,"column":92}}],"line":118}},"s":{"0":1,"1":2,"2":2,"3":2,"4":2,"5":1,"6":0,"7":0,"8":1,"9":2,"10":0,"11":0,"12":0},"f":{"0":2,"1":1,"2":0,"3":0,"4":0,"5":0},"b":{"0":[0,1],"1":[0,2],"2":[0,2],"3":[2,2],"4":[0,2],"5":[2,2],"6":[0,2],"7":[2,2]},"_coverageSchema":"1a1c01bbd47fc00a2c39e90264f33305004495a9","hash":"1c4e487653b19d40bdd65d5a5162a8d7cd691b9f"}
,"/home/runner/work/lizards-inc-fe/lizards-inc-fe/libs/home/src/lib/assets/co2-icon.png": {"path":"/home/runner/work/lizards-inc-fe/lizards-inc-fe/libs/home/src/lib/assets/co2-icon.png","statementMap":{"0":{"start":{"line":1,"column":0},"end":{"line":1,"column":32}}},"fnMap":{},"branchMap":{},"s":{"0":1},"f":{},"b":{},"_coverageSchema":"1a1c01bbd47fc00a2c39e90264f33305004495a9","hash":"b3ad91ccea616614d65a15c08f6167c7d62bf809"}
,"/home/runner/work/lizards-inc-fe/lizards-inc-fe/libs/home/src/lib/assets/humidity-icon.png": {"path":"/home/runner/work/lizards-inc-fe/lizards-inc-fe/libs/home/src/lib/assets/humidity-icon.png","statementMap":{"0":{"start":{"line":1,"column":0},"end":{"line":1,"column":37}}},"fnMap":{},"branchMap":{},"s":{"0":1},"f":{},"b":{},"_coverageSchema":"1a1c01bbd47fc00a2c39e90264f33305004495a9","hash":"2d8a832da4bdd4064518fbed113e0bdfda44ddcb"}
,"/home/runner/work/lizards-inc-fe/lizards-inc-fe/libs/home/src/lib/assets/temperature-icon.png": {"path":"/home/runner/work/lizards-inc-fe/lizards-inc-fe/libs/home/src/lib/assets/temperature-icon.png","statementMap":{"0":{"start":{"line":1,"column":0},"end":{"line":1,"column":40}}},"fnMap":{},"branchMap":{},"s":{"0":1},"f":{},"b":{},"_coverageSchema":"1a1c01bbd47fc00a2c39e90264f33305004495a9","hash":"406f98707977e78c083f64a6ce0a32a41f53327f"}
,"/home/runner/work/lizards-inc-fe/lizards-inc-fe/libs/home/src/lib/components/MeasurementCard.tsx": {"path":"/home/runner/work/lizards-inc-fe/lizards-inc-fe/libs/home/src/lib/components/MeasurementCard.tsx","statementMap":{"0":{"start":{"line":11,"column":31},"end":{"line":32,"column":1}},"1":{"start":{"line":12,"column":2},"end":{"line":31,"column":4}}},"fnMap":{"0":{"name":"(anonymous_0)","decl":{"start":{"line":11,"column":31},"end":{"line":11,"column":32}},"loc":{"start":{"line":11,"column":107},"end":{"line":32,"column":1}},"line":11}},"branchMap":{"0":{"loc":{"start":{"line":14,"column":7},"end":{"line":29,"column":7}},"type":"cond-expr","locations":[{"start":{"line":15,"column":8},"end":{"line":21,"column":11}},{"start":{"line":23,"column":8},"end":{"line":28,"column":10}}],"line":14}},"s":{"0":3,"1":21},"f":{"0":21},"b":{"0":[7,14]},"_coverageSchema":"1a1c01bbd47fc00a2c39e90264f33305004495a9","hash":"e1e8b91f1af3ee5a1812ad1ba1da48dd53ca3467"}
,"/home/runner/work/lizards-inc-fe/lizards-inc-fe/libs/home/src/lib/components/MeasurementContainer.tsx": {"path":"/home/runner/work/lizards-inc-fe/lizards-inc-fe/libs/home/src/lib/components/MeasurementContainer.tsx","statementMap":{"0":{"start":{"line":38,"column":36},"end":{"line":114,"column":1}},"1":{"start":{"line":39,"column":46},"end":{"line":39,"column":61}},"2":{"start":{"line":40,"column":40},"end":{"line":40,"column":58}},"3":{"start":{"line":41,"column":44},"end":{"line":41,"column":71}},"4":{"start":{"line":43,"column":39},"end":{"line":50,"column":3}},"5":{"start":{"line":44,"column":11},"end":{"line":48,"column":5}},"6":{"start":{"line":52,"column":39},"end":{"line":59,"column":3}},"7":{"start":{"line":53,"column":11},"end":{"line":57,"column":5}},"8":{"start":{"line":61,"column":2},"end":{"line":74,"column":95}},"9":{"start":{"line":62,"column":4},"end":{"line":64,"column":5}},"10":{"start":{"line":63,"column":6},"end":{"line":63,"column":59}},"11":{"start":{"line":66,"column":4},"end":{"line":73,"column":5}},"12":{"start":{"line":67,"column":6},"end":{"line":69,"column":7}},"13":{"start":{"line":68,"column":8},"end":{"line":68,"column":70}},"14":{"start":{"line":70,"column":6},"end":{"line":72,"column":7}},"15":{"start":{"line":71,"column":8},"end":{"line":71,"column":70}},"16":{"start":{"line":76,"column":24},"end":{"line":76,"column":72}},"17":{"start":{"line":76,"column":30},"end":{"line":76,"column":72}},"18":{"start":{"line":76,"column":61},"end":{"line":76,"column":71}},"19":{"start":{"line":78,"column":2},"end":{"line":113,"column":4}}},"fnMap":{"0":{"name":"(anonymous_0)","decl":{"start":{"line":38,"column":36},"end":{"line":38,"column":37}},"loc":{"start":{"line":38,"column":115},"end":{"line":114,"column":1}},"line":38},"1":{"name":"(anonymous_1)","decl":{"start":{"line":44,"column":4},"end":{"line":44,"column":5}},"loc":{"start":{"line":44,"column":11},"end":{"line":48,"column":5}},"line":44},"2":{"name":"(anonymous_2)","decl":{"start":{"line":53,"column":4},"end":{"line":53,"column":5}},"loc":{"start":{"line":53,"column":11},"end":{"line":57,"column":5}},"line":53},"3":{"name":"(anonymous_3)","decl":{"start":{"line":61,"column":12},"end":{"line":61,"column":13}},"loc":{"start":{"line":61,"column":18},"end":{"line":74,"column":3}},"line":61},"4":{"name":"(anonymous_4)","decl":{"start":{"line":76,"column":24},"end":{"line":76,"column":25}},"loc":{"start":{"line":76,"column":30},"end":{"line":76,"column":72}},"line":76},"5":{"name":"(anonymous_5)","decl":{"start":{"line":76,"column":48},"end":{"line":76,"column":49}},"loc":{"start":{"line":76,"column":61},"end":{"line":76,"column":71}},"line":76}},"branchMap":{"0":{"loc":{"start":{"line":62,"column":4},"end":{"line":64,"column":5}},"type":"if","locations":[{"start":{"line":62,"column":4},"end":{"line":64,"column":5}},{"start":{},"end":{}}],"line":62},"1":{"loc":{"start":{"line":66,"column":4},"end":{"line":73,"column":5}},"type":"if","locations":[{"start":{"line":66,"column":4},"end":{"line":73,"column":5}},{"start":{},"end":{}}],"line":66},"2":{"loc":{"start":{"line":66,"column":8},"end":{"line":66,"column":55}},"type":"binary-expr","locations":[{"start":{"line":66,"column":8},"end":{"line":66,"column":27}},{"start":{"line":66,"column":31},"end":{"line":66,"column":55}}],"line":66},"3":{"loc":{"start":{"line":67,"column":6},"end":{"line":69,"column":7}},"type":"if","locations":[{"start":{"line":67,"column":6},"end":{"line":69,"column":7}},{"start":{},"end":{}}],"line":67},"4":{"loc":{"start":{"line":70,"column":6},"end":{"line":72,"column":7}},"type":"if","locations":[{"start":{"line":70,"column":6},"end":{"line":72,"column":7}},{"start":{},"end":{}}],"line":70},"5":{"loc":{"start":{"line":85,"column":17},"end":{"line":85,"column":54}},"type":"binary-expr","locations":[{"start":{"line":85,"column":17},"end":{"line":85,"column":48}},{"start":{"line":85,"column":52},"end":{"line":85,"column":54}}],"line":85},"6":{"loc":{"start":{"line":88,"column":9},"end":{"line":94,"column":9}},"type":"cond-expr","locations":[{"start":{"line":89,"column":10},"end":{"line":91,"column":16}},{"start":{"line":93,"column":10},"end":{"line":93,"column":72}}],"line":88},"7":{"loc":{"start":{"line":100,"column":74},"end":{"line":100,"column":111}},"type":"cond-expr","locations":[{"start":{"line":100,"column":91},"end":{"line":100,"column":99}},{"start":{"line":100,"column":102},"end":{"line":100,"column":111}}],"line":100}},"s":{"0":2,"1":18,"2":18,"3":18,"4":18,"5":8,"6":18,"7":8,"8":18,"9":8,"10":5,"11":8,"12":5,"13":1,"14":5,"15":1,"16":18,"17":2,"18":2,"19":18},"f":{"0":18,"1":8,"2":8,"3":8,"4":2,"5":2},"b":{"0":[5,3],"1":[5,3],"2":[8,5],"3":[1,4],"4":[1,4],"5":[18,0],"6":[16,2],"7":[1,17]},"_coverageSchema":"1a1c01bbd47fc00a2c39e90264f33305004495a9","hash":"c6a36bd2fa3c079bb8a75e4852e67a01cc82905b"}
,"/home/runner/work/lizards-inc-fe/lizards-inc-fe/libs/home/src/lib/components/MeasurementDiagramWithReferenceLine.tsx": {"path":"/home/runner/work/lizards-inc-fe/lizards-inc-fe/libs/home/src/lib/components/MeasurementDiagramWithReferenceLine.tsx","statementMap":{"0":{"start":{"line":30,"column":30},"end":{"line":30,"column":40}},"1":{"start":{"line":32,"column":4},"end":{"line":38,"column":6}},"2":{"start":{"line":42,"column":51},"end":{"line":69,"column":1}},"3":{"start":{"line":51,"column":2},"end":{"line":68,"column":4}},"4":{"start":{"line":61,"column":8},"end":{"line":61,"column":75}}},"fnMap":{"0":{"name":"(anonymous_0)","decl":{"start":{"line":27,"column":2},"end":{"line":27,"column":3}},"loc":{"start":{"line":27,"column":11},"end":{"line":39,"column":3}},"line":27},"1":{"name":"(anonymous_1)","decl":{"start":{"line":42,"column":51},"end":{"line":42,"column":52}},"loc":{"start":{"line":50,"column":48},"end":{"line":69,"column":1}},"line":50},"2":{"name":"(anonymous_2)","decl":{"start":{"line":60,"column":17},"end":{"line":60,"column":18}},"loc":{"start":{"line":61,"column":8},"end":{"line":61,"column":75}},"line":61}},"branchMap":{"0":{"loc":{"start":{"line":51,"column":9},"end":{"line":68,"column":3}},"type":"cond-expr","locations":[{"start":{"line":52,"column":4},"end":{"line":52,"column":113}},{"start":{"line":53,"column":6},"end":{"line":68,"column":3}}],"line":51},"1":{"loc":{"start":{"line":53,"column":6},"end":{"line":68,"column":3}},"type":"cond-expr","locations":[{"start":{"line":54,"column":4},"end":{"line":65,"column":16}},{"start":{"line":67,"column":4},"end":{"line":67,"column":90}}],"line":53},"2":{"loc":{"start":{"line":53,"column":6},"end":{"line":53,"column":29}},"type":"binary-expr","locations":[{"start":{"line":53,"column":6},"end":{"line":53,"column":10}},{"start":{"line":53,"column":14},"end":{"line":53,"column":29}}],"line":53}},"s":{"0":7,"1":7,"2":3,"3":22,"4":2},"f":{"0":7,"1":22,"2":2},"b":{"0":[8,14],"1":[2,12],"2":[14,14]},"_coverageSchema":"1a1c01bbd47fc00a2c39e90264f33305004495a9","hash":"4ee3728cdacb3dd35d0f2188b78112a2046ab811"}
,"/home/runner/work/lizards-inc-fe/lizards-inc-fe/libs/limits-and-boundaries/src/lib/LimitsAndBoundaries.tsx": {"path":"/home/runner/work/lizards-inc-fe/lizards-inc-fe/libs/limits-and-boundaries/src/lib/LimitsAndBoundaries.tsx","statementMap":{"0":{"start":{"line":10,"column":28},"end":{"line":85,"column":1}},"1":{"start":{"line":11,"column":35},"end":{"line":13,"column":4}},"2":{"start":{"line":14,"column":57},"end":{"line":14,"column":108}},"3":{"start":{"line":16,"column":2},"end":{"line":84,"column":4}}},"fnMap":{"0":{"name":"(anonymous_0)","decl":{"start":{"line":10,"column":28},"end":{"line":10,"column":29}},"loc":{"start":{"line":10,"column":34},"end":{"line":85,"column":1}},"line":10}},"branchMap":{},"s":{"0":1,"1":2,"2":2,"3":2},"f":{"0":2},"b":{},"_coverageSchema":"1a1c01bbd47fc00a2c39e90264f33305004495a9","hash":"9cf078fa79cd268aa5569af33a0d5d3e141bfa37"}
,"/home/runner/work/lizards-inc-fe/lizards-inc-fe/libs/limits-and-boundaries/src/lib/components/BoundariesSlider.tsx": {"path":"/home/runner/work/lizards-inc-fe/lizards-inc-fe/libs/limits-and-boundaries/src/lib/components/BoundariesSlider.tsx","statementMap":{"0":{"start":{"line":7,"column":32},"end":{"line":122,"column":1}},"1":{"start":{"line":20,"column":34},"end":{"line":20,"column":62}},"2":{"start":{"line":21,"column":32},"end":{"line":21,"column":59}},"3":{"start":{"line":22,"column":32},"end":{"line":22,"column":59}},"4":{"start":{"line":24,"column":15},"end":{"line":24,"column":29}},"5":{"start":{"line":25,"column":31},"end":{"line":25,"column":61}},"6":{"start":{"line":26,"column":22},"end":{"line":29,"column":4}},"7":{"start":{"line":30,"column":32},"end":{"line":30,"column":62}},"8":{"start":{"line":32,"column":24},"end":{"line":38,"column":3}},"9":{"start":{"line":33,"column":4},"end":{"line":37,"column":5}},"10":{"start":{"line":34,"column":6},"end":{"line":34,"column":28}},"11":{"start":{"line":36,"column":6},"end":{"line":36,"column":19}},"12":{"start":{"line":40,"column":24},"end":{"line":66,"column":3}},"13":{"start":{"line":41,"column":23},"end":{"line":41,"column":43}},"14":{"start":{"line":42,"column":4},"end":{"line":65,"column":5}},"15":{"start":{"line":43,"column":6},"end":{"line":64,"column":7}},"16":{"start":{"line":44,"column":8},"end":{"line":47,"column":11}},"17":{"start":{"line":48,"column":8},"end":{"line":48,"column":42}},"18":{"start":{"line":49,"column":8},"end":{"line":49,"column":42}},"19":{"start":{"line":50,"column":13},"end":{"line":64,"column":7}},"20":{"start":{"line":51,"column":8},"end":{"line":54,"column":11}},"21":{"start":{"line":55,"column":8},"end":{"line":55,"column":39}},"22":{"start":{"line":56,"column":8},"end":{"line":56,"column":39}},"23":{"start":{"line":58,"column":8},"end":{"line":61,"column":11}},"24":{"start":{"line":62,"column":8},"end":{"line":62,"column":34}},"25":{"start":{"line":63,"column":8},"end":{"line":63,"column":34}},"26":{"start":{"line":68,"column":2},"end":{"line":83,"column":44}},"27":{"start":{"line":69,"column":4},"end":{"line":82,"column":5}},"28":{"start":{"line":70,"column":6},"end":{"line":81,"column":11}},"29":{"start":{"line":72,"column":10},"end":{"line":76,"column":11}},"30":{"start":{"line":73,"column":12},"end":{"line":73,"column":84}},"31":{"start":{"line":75,"column":12},"end":{"line":75,"column":76}},"32":{"start":{"line":79,"column":10},"end":{"line":79,"column":31}},"33":{"start":{"line":80,"column":10},"end":{"line":80,"column":79}},"34":{"start":{"line":85,"column":2},"end":{"line":92,"column":21}},"35":{"start":{"line":86,"column":4},"end":{"line":91,"column":5}},"36":{"start":{"line":87,"column":6},"end":{"line":90,"column":9}},"37":{"start":{"line":94,"column":39},"end":{"line":94,"column":46}},"38":{"start":{"line":96,"column":2},"end":{"line":102,"column":3}},"39":{"start":{"line":97,"column":4},"end":{"line":97,"column":111}},"40":{"start":{"line":98,"column":9},"end":{"line":102,"column":3}},"41":{"start":{"line":99,"column":4},"end":{"line":99,"column":105}},"42":{"start":{"line":100,"column":9},"end":{"line":102,"column":3}},"43":{"start":{"line":101,"column":4},"end":{"line":101,"column":95}},"44":{"start":{"line":104,"column":2},"end":{"line":121,"column":4}}},"fnMap":{"0":{"name":"(anonymous_0)","decl":{"start":{"line":7,"column":32},"end":{"line":7,"column":33}},"loc":{"start":{"line":19,"column":6},"end":{"line":122,"column":1}},"line":19},"1":{"name":"(anonymous_1)","decl":{"start":{"line":32,"column":24},"end":{"line":32,"column":25}},"loc":{"start":{"line":32,"column":80},"end":{"line":38,"column":3}},"line":32},"2":{"name":"(anonymous_2)","decl":{"start":{"line":40,"column":24},"end":{"line":40,"column":25}},"loc":{"start":{"line":40,"column":62},"end":{"line":66,"column":3}},"line":40},"3":{"name":"(anonymous_3)","decl":{"start":{"line":68,"column":12},"end":{"line":68,"column":13}},"loc":{"start":{"line":68,"column":18},"end":{"line":83,"column":3}},"line":68},"4":{"name":"(anonymous_4)","decl":{"start":{"line":71,"column":14},"end":{"line":71,"column":15}},"loc":{"start":{"line":71,"column":26},"end":{"line":77,"column":9}},"line":71},"5":{"name":"(anonymous_5)","decl":{"start":{"line":78,"column":15},"end":{"line":78,"column":16}},"loc":{"start":{"line":78,"column":24},"end":{"line":81,"column":9}},"line":78},"6":{"name":"(anonymous_6)","decl":{"start":{"line":85,"column":12},"end":{"line":85,"column":13}},"loc":{"start":{"line":85,"column":18},"end":{"line":92,"column":3}},"line":85}},"branchMap":{"0":{"loc":{"start":{"line":33,"column":4},"end":{"line":37,"column":5}},"type":"if","locations":[{"start":{"line":33,"column":4},"end":{"line":37,"column":5}},{"start":{"line":35,"column":11},"end":{"line":37,"column":5}}],"line":33},"1":{"loc":{"start":{"line":42,"column":4},"end":{"line":65,"column":5}},"type":"if","locations":[{"start":{"line":42,"column":4},"end":{"line":65,"column":5}},{"start":{},"end":{}}],"line":42},"2":{"loc":{"start":{"line":43,"column":6},"end":{"line":64,"column":7}},"type":"if","locations":[{"start":{"line":43,"column":6},"end":{"line":64,"column":7}},{"start":{"line":50,"column":13},"end":{"line":64,"column":7}}],"line":43},"3":{"loc":{"start":{"line":50,"column":13},"end":{"line":64,"column":7}},"type":"if","locations":[{"start":{"line":50,"column":13},"end":{"line":64,"column":7}},{"start":{"line":57,"column":13},"end":{"line":64,"column":7}}],"line":50},"4":{"loc":{"start":{"line":69,"column":4},"end":{"line":82,"column":5}},"type":"if","locations":[{"start":{"line":69,"column":4},"end":{"line":82,"column":5}},{"start":{},"end":{}}],"line":69},"5":{"loc":{"start":{"line":69,"column":8},"end":{"line":69,"column":38}},"type":"binary-expr","locations":[{"start":{"line":69,"column":8},"end":{"line":69,"column":16}},{"start":{"line":69,"column":20},"end":{"line":69,"column":27}},{"start":{"line":69,"column":31},"end":{"line":69,"column":38}}],"line":69},"6":{"loc":{"start":{"line":72,"column":10},"end":{"line":76,"column":11}},"type":"if","locations":[{"start":{"line":72,"column":10},"end":{"line":76,"column":11}},{"start":{"line":74,"column":17},"end":{"line":76,"column":11}}],"line":72},"7":{"loc":{"start":{"line":86,"column":4},"end":{"line":91,"column":5}},"type":"if","locations":[{"start":{"line":86,"column":4},"end":{"line":91,"column":5}},{"start":{},"end":{}}],"line":86},"8":{"loc":{"start":{"line":96,"column":2},"end":{"line":102,"column":3}},"type":"if","locations":[{"start":{"line":96,"column":2},"end":{"line":102,"column":3}},{"start":{"line":98,"column":9},"end":{"line":102,"column":3}}],"line":96},"9":{"loc":{"start":{"line":97,"column":20},"end":{"line":97,"column":63}},"type":"binary-expr","locations":[{"start":{"line":97,"column":20},"end":{"line":97,"column":58}},{"start":{"line":97,"column":62},"end":{"line":97,"column":63}}],"line":97},"10":{"loc":{"start":{"line":97,"column":65},"end":{"line":97,"column":109}},"type":"binary-expr","locations":[{"start":{"line":97,"column":65},"end":{"line":97,"column":103}},{"start":{"line":97,"column":107},"end":{"line":97,"column":109}}],"line":97},"11":{"loc":{"start":{"line":98,"column":9},"end":{"line":102,"column":3}},"type":"if","locations":[{"start":{"line":98,"column":9},"end":{"line":102,"column":3}},{"start":{"line":100,"column":9},"end":{"line":102,"column":3}}],"line":98},"12":{"loc":{"start":{"line":99,"column":20},"end":{"line":99,"column":60}},"type":"binary-expr","locations":[{"start":{"line":99,"column":20},"end":{"line":99,"column":55}},{"start":{"line":99,"column":59},"end":{"line":99,"column":60}}],"line":99},"13":{"loc":{"start":{"line":99,"column":62},"end":{"line":99,"column":103}},"type":"binary-expr","locations":[{"start":{"line":99,"column":62},"end":{"line":99,"column":97}},{"start":{"line":99,"column":101},"end":{"line":99,"column":103}}],"line":99},"14":{"loc":{"start":{"line":100,"column":9},"end":{"line":102,"column":3}},"type":"if","locations":[{"start":{"line":100,"column":9},"end":{"line":102,"column":3}},{"start":{},"end":{}}],"line":100},"15":{"loc":{"start":{"line":101,"column":20},"end":{"line":101,"column":55}},"type":"binary-expr","locations":[{"start":{"line":101,"column":20},"end":{"line":101,"column":50}},{"start":{"line":101,"column":54},"end":{"line":101,"column":55}}],"line":101},"16":{"loc":{"start":{"line":101,"column":57},"end":{"line":101,"column":93}},"type":"binary-expr","locations":[{"start":{"line":101,"column":57},"end":{"line":101,"column":87}},{"start":{"line":101,"column":91},"end":{"line":101,"column":93}}],"line":101},"17":{"loc":{"start":{"line":112,"column":9},"end":{"line":118,"column":9}},"type":"cond-expr","locations":[{"start":{"line":113,"column":10},"end":{"line":113,"column":108}},{"start":{"line":115,"column":10},"end":{"line":117,"column":21}}],"line":112}},"s":{"0":2,"1":18,"2":18,"3":18,"4":18,"5":18,"6":18,"7":18,"8":18,"9":0,"10":0,"11":0,"12":18,"13":0,"14":0,"15":0,"16":0,"17":0,"18":0,"19":0,"20":0,"21":0,"22":0,"23":0,"24":0,"25":0,"26":18,"27":9,"28":0,"29":0,"30":0,"31":0,"32":0,"33":0,"34":18,"35":9,"36":0,"37":18,"38":18,"39":6,"40":12,"41":6,"42":6,"43":6,"44":18},"f":{"0":18,"1":0,"2":0,"3":9,"4":0,"5":0,"6":9},"b":{"0":[0,0],"1":[0,0],"2":[0,0],"3":[0,0],"4":[0,9],"5":[9,9,9],"6":[0,0],"7":[0,9],"8":[6,12],"9":[6,4],"10":[6,4],"11":[6,6],"12":[6,4],"13":[6,4],"14":[6,0],"15":[6,4],"16":[6,4],"17":[6,12]},"_coverageSchema":"1a1c01bbd47fc00a2c39e90264f33305004495a9","hash":"4e57e69568c6e804c6b38620aaf9dde4c5652af5"}
,"/home/runner/work/lizards-inc-fe/lizards-inc-fe/libs/limits-and-boundaries/src/lib/components/ExtractValues.tsx": {"path":"/home/runner/work/lizards-inc-fe/lizards-inc-fe/libs/limits-and-boundaries/src/lib/components/ExtractValues.tsx","statementMap":{"0":{"start":{"line":1,"column":29},"end":{"line":7,"column":1}},"1":{"start":{"line":2,"column":2},"end":{"line":6,"column":3}},"2":{"start":{"line":3,"column":4},"end":{"line":3,"column":26}},"3":{"start":{"line":5,"column":4},"end":{"line":5,"column":17}}},"fnMap":{"0":{"name":"(anonymous_0)","decl":{"start":{"line":1,"column":29},"end":{"line":1,"column":30}},"loc":{"start":{"line":1,"column":85},"end":{"line":7,"column":1}},"line":1}},"branchMap":{"0":{"loc":{"start":{"line":2,"column":2},"end":{"line":6,"column":3}},"type":"if","locations":[{"start":{"line":2,"column":2},"end":{"line":6,"column":3}},{"start":{"line":4,"column":9},"end":{"line":6,"column":3}}],"line":2}},"s":{"0":3,"1":2,"2":1,"3":1},"f":{"0":2},"b":{"0":[1,1]},"_coverageSchema":"1a1c01bbd47fc00a2c39e90264f33305004495a9","hash":"7b0e9c91cf84c6b8f46968473757f4062ce6c8cf"}
,"/home/runner/work/lizards-inc-fe/lizards-inc-fe/libs/limits-and-boundaries/src/lib/components/Limits.tsx": {"path":"/home/runner/work/lizards-inc-fe/lizards-inc-fe/libs/limits-and-boundaries/src/lib/components/Limits.tsx","statementMap":{"0":{"start":{"line":15,"column":22},"end":{"line":86,"column":1}},"1":{"start":{"line":16,"column":31},"end":{"line":16,"column":61}},"2":{"start":{"line":17,"column":22},"end":{"line":20,"column":4}},"3":{"start":{"line":21,"column":32},"end":{"line":21,"column":62}},"4":{"start":{"line":22,"column":30},"end":{"line":22,"column":61}},"5":{"start":{"line":24,"column":24},"end":{"line":35,"column":3}},"6":{"start":{"line":25,"column":23},"end":{"line":25,"column":43}},"7":{"start":{"line":26,"column":4},"end":{"line":34,"column":5}},"8":{"start":{"line":27,"column":6},"end":{"line":31,"column":9}},"9":{"start":{"line":32,"column":6},"end":{"line":32,"column":43}},"10":{"start":{"line":33,"column":6},"end":{"line":33,"column":43}},"11":{"start":{"line":37,"column":2},"end":{"line":51,"column":24}},"12":{"start":{"line":38,"column":4},"end":{"line":50,"column":5}},"13":{"start":{"line":39,"column":6},"end":{"line":49,"column":11}},"14":{"start":{"line":41,"column":10},"end":{"line":45,"column":11}},"15":{"start":{"line":42,"column":12},"end":{"line":42,"column":84}},"16":{"start":{"line":44,"column":12},"end":{"line":44,"column":76}},"17":{"start":{"line":48,"column":10},"end":{"line":48,"column":79}},"18":{"start":{"line":53,"column":2},"end":{"line":60,"column":21}},"19":{"start":{"line":54,"column":4},"end":{"line":59,"column":5}},"20":{"start":{"line":55,"column":6},"end":{"line":58,"column":9}},"21":{"start":{"line":62,"column":2},"end":{"line":85,"column":4}}},"fnMap":{"0":{"name":"(anonymous_0)","decl":{"start":{"line":15,"column":22},"end":{"line":15,"column":23}},"loc":{"start":{"line":15,"column":103},"end":{"line":86,"column":1}},"line":15},"1":{"name":"(anonymous_1)","decl":{"start":{"line":24,"column":24},"end":{"line":24,"column":25}},"loc":{"start":{"line":24,"column":62},"end":{"line":35,"column":3}},"line":24},"2":{"name":"(anonymous_2)","decl":{"start":{"line":37,"column":12},"end":{"line":37,"column":13}},"loc":{"start":{"line":37,"column":18},"end":{"line":51,"column":3}},"line":37},"3":{"name":"(anonymous_3)","decl":{"start":{"line":40,"column":14},"end":{"line":40,"column":15}},"loc":{"start":{"line":40,"column":26},"end":{"line":46,"column":9}},"line":40},"4":{"name":"(anonymous_4)","decl":{"start":{"line":47,"column":15},"end":{"line":47,"column":16}},"loc":{"start":{"line":47,"column":21},"end":{"line":49,"column":9}},"line":47},"5":{"name":"(anonymous_5)","decl":{"start":{"line":53,"column":12},"end":{"line":53,"column":13}},"loc":{"start":{"line":53,"column":18},"end":{"line":60,"column":3}},"line":53}},"branchMap":{"0":{"loc":{"start":{"line":26,"column":4},"end":{"line":34,"column":5}},"type":"if","locations":[{"start":{"line":26,"column":4},"end":{"line":34,"column":5}},{"start":{},"end":{}}],"line":26},"1":{"loc":{"start":{"line":38,"column":4},"end":{"line":50,"column":5}},"type":"if","locations":[{"start":{"line":38,"column":4},"end":{"line":50,"column":5}},{"start":{},"end":{}}],"line":38},"2":{"loc":{"start":{"line":41,"column":10},"end":{"line":45,"column":11}},"type":"if","locations":[{"start":{"line":41,"column":10},"end":{"line":45,"column":11}},{"start":{"line":43,"column":17},"end":{"line":45,"column":11}}],"line":41},"3":{"loc":{"start":{"line":54,"column":4},"end":{"line":59,"column":5}},"type":"if","locations":[{"start":{"line":54,"column":4},"end":{"line":59,"column":5}},{"start":{},"end":{}}],"line":54},"4":{"loc":{"start":{"line":70,"column":9},"end":{"line":82,"column":9}},"type":"cond-expr","locations":[{"start":{"line":71,"column":10},"end":{"line":77,"column":12}},{"start":{"line":79,"column":10},"end":{"line":81,"column":21}}],"line":70},"5":{"loc":{"start":{"line":74,"column":26},"end":{"line":74,"column":113}},"type":"cond-expr","locations":[{"start":{"line":74,"column":39},"end":{"line":74,"column":103}},{"start":{"line":74,"column":106},"end":{"line":74,"column":113}}],"line":74}},"s":{"0":2,"1":6,"2":6,"3":6,"4":6,"5":6,"6":0,"7":0,"8":0,"9":0,"10":0,"11":6,"12":3,"13":0,"14":0,"15":0,"16":0,"17":0,"18":6,"19":3,"20":0,"21":6},"f":{"0":6,"1":0,"2":3,"3":0,"4":0,"5":3},"b":{"0":[0,0],"1":[0,3],"2":[0,0],"3":[0,3],"4":[2,4],"5":[2,0]},"_coverageSchema":"1a1c01bbd47fc00a2c39e90264f33305004495a9","hash":"fd036d448fbfc9fb4c39fbd0f05903bfdcdfa094"}
,"/home/runner/work/lizards-inc-fe/lizards-inc-fe/libs/limits-and-boundaries/src/lib/components/MarksAndStyle.tsx": {"path":"/home/runner/work/lizards-inc-fe/lizards-inc-fe/libs/limits-and-boundaries/src/lib/components/MarksAndStyle.tsx","statementMap":{"0":{"start":{"line":4,"column":38},"end":{"line":17,"column":1}},"1":{"start":{"line":19,"column":37},"end":{"line":26,"column":1}},"2":{"start":{"line":28,"column":37},"end":{"line":35,"column":1}}},"fnMap":{},"branchMap":{},"s":{"0":3,"1":3,"2":3},"f":{},"b":{},"_coverageSchema":"1a1c01bbd47fc00a2c39e90264f33305004495a9","hash":"596c97d7fb919652c221148719073de8bf33e542"}
,"/home/runner/work/lizards-inc-fe/lizards-inc-fe/libs/login/src/lib/Login.tsx": {"path":"/home/runner/work/lizards-inc-fe/lizards-inc-fe/libs/login/src/lib/Login.tsx","statementMap":{"0":{"start":{"line":16,"column":21},"end":{"line":118,"column":1}},"1":{"start":{"line":17,"column":42},"end":{"line":17,"column":66}},"2":{"start":{"line":18,"column":30},"end":{"line":18,"column":45}},"3":{"start":{"line":20,"column":31},"end":{"line":20,"column":47}},"4":{"start":{"line":21,"column":19},"end":{"line":21,"column":32}},"5":{"start":{"line":23,"column":16},"end":{"line":30,"column":4}},"6":{"start":{"line":25,"column":6},"end":{"line":25,"column":32}},"7":{"start":{"line":32,"column":47},"end":{"line":39,"column":4}},"8":{"start":{"line":41,"column":2},"end":{"line":45,"column":30}},"9":{"start":{"line":42,"column":4},"end":{"line":44,"column":5}},"10":{"start":{"line":43,"column":6},"end":{"line":43,"column":44}},"11":{"start":{"line":43,"column":28},"end":{"line":43,"column":42}},"12":{"start":{"line":47,"column":2},"end":{"line":52,"column":34}},"13":{"start":{"line":48,"column":4},"end":{"line":51,"column":5}},"14":{"start":{"line":49,"column":6},"end":{"line":49,"column":22}},"15":{"start":{"line":50,"column":6},"end":{"line":50,"column":34}},"16":{"start":{"line":54,"column":2},"end":{"line":71,"column":3}},"17":{"start":{"line":55,"column":4},"end":{"line":70,"column":6}},"18":{"start":{"line":64,"column":35},"end":{"line":64,"column":50}},"19":{"start":{"line":73,"column":2},"end":{"line":117,"column":4}}},"fnMap":{"0":{"name":"(anonymous_0)","decl":{"start":{"line":16,"column":21},"end":{"line":16,"column":22}},"loc":{"start":{"line":16,"column":27},"end":{"line":118,"column":1}},"line":16},"1":{"name":"(anonymous_1)","decl":{"start":{"line":24,"column":15},"end":{"line":24,"column":16}},"loc":{"start":{"line":24,"column":27},"end":{"line":26,"column":5}},"line":24},"2":{"name":"(anonymous_2)","decl":{"start":{"line":41,"column":12},"end":{"line":41,"column":13}},"loc":{"start":{"line":41,"column":18},"end":{"line":45,"column":3}},"line":41},"3":{"name":"(anonymous_3)","decl":{"start":{"line":43,"column":22},"end":{"line":43,"column":23}},"loc":{"start":{"line":43,"column":28},"end":{"line":43,"column":42}},"line":43},"4":{"name":"(anonymous_4)","decl":{"start":{"line":47,"column":12},"end":{"line":47,"column":13}},"loc":{"start":{"line":47,"column":18},"end":{"line":52,"column":3}},"line":47},"5":{"name":"(anonymous_5)","decl":{"start":{"line":64,"column":29},"end":{"line":64,"column":30}},"loc":{"start":{"line":64,"column":35},"end":{"line":64,"column":50}},"line":64}},"branchMap":{"0":{"loc":{"start":{"line":35,"column":12},"end":{"line":35,"column":36}},"type":"binary-expr","locations":[{"start":{"line":35,"column":12},"end":{"line":35,"column":30}},{"start":{"line":35,"column":34},"end":{"line":35,"column":36}}],"line":35},"1":{"loc":{"start":{"line":42,"column":4},"end":{"line":44,"column":5}},"type":"if","locations":[{"start":{"line":42,"column":4},"end":{"line":44,"column":5}},{"start":{},"end":{}}],"line":42},"2":{"loc":{"start":{"line":48,"column":4},"end":{"line":51,"column":5}},"type":"if","locations":[{"start":{"line":48,"column":4},"end":{"line":51,"column":5}},{"start":{},"end":{}}],"line":48},"3":{"loc":{"start":{"line":54,"column":2},"end":{"line":71,"column":3}},"type":"if","locations":[{"start":{"line":54,"column":2},"end":{"line":71,"column":3}},{"start":{},"end":{}}],"line":54},"4":{"loc":{"start":{"line":100,"column":11},"end":{"line":108,"column":11}},"type":"cond-expr","locations":[{"start":{"line":101,"column":12},"end":{"line":105,"column":18}},{"start":{"line":107,"column":12},"end":{"line":107,"column":24}}],"line":100}},"s":{"0":1,"1":14,"2":13,"3":13,"4":13,"5":13,"6":3,"7":13,"8":13,"9":12,"10":6,"11":5,"12":13,"13":6,"14":0,"15":0,"16":13,"17":2,"18":1,"19":11},"f":{"0":14,"1":3,"2":12,"3":5,"4":6,"5":1},"b":{"0":[13,6],"1":[6,6],"2":[0,6],"3":[2,11],"4":[10,1]},"_coverageSchema":"1a1c01bbd47fc00a2c39e90264f33305004495a9","hash":"95d68d8c91f95993bccdfec076fb8fe128468f0d"}
,"/home/runner/work/lizards-inc-fe/lizards-inc-fe/libs/login/src/lib/assets/chamelion-min.png": {"path":"/home/runner/work/lizards-inc-fe/lizards-inc-fe/libs/login/src/lib/assets/chamelion-min.png","statementMap":{"0":{"start":{"line":1,"column":0},"end":{"line":1,"column":37}}},"fnMap":{},"branchMap":{},"s":{"0":1},"f":{},"b":{},"_coverageSchema":"1a1c01bbd47fc00a2c39e90264f33305004495a9","hash":"b6c2e2f5cdb43da3be825aa032ddc8191777e644"}
,"/home/runner/work/lizards-inc-fe/lizards-inc-fe/libs/login/src/lib/assets/lizard-min.png": {"path":"/home/runner/work/lizards-inc-fe/lizards-inc-fe/libs/login/src/lib/assets/lizard-min.png","statementMap":{"0":{"start":{"line":1,"column":0},"end":{"line":1,"column":34}}},"fnMap":{},"branchMap":{},"s":{"0":1},"f":{},"b":{},"_coverageSchema":"1a1c01bbd47fc00a2c39e90264f33305004495a9","hash":"6096ae1a61ed68b07db94ae021ae861e8647f0a7"}
,"/home/runner/work/lizards-inc-fe/lizards-inc-fe/libs/login/src/lib/assets/vine.png": {"path":"/home/runner/work/lizards-inc-fe/lizards-inc-fe/libs/login/src/lib/assets/vine.png","statementMap":{"0":{"start":{"line":1,"column":0},"end":{"line":1,"column":28}}},"fnMap":{},"branchMap":{},"s":{"0":1},"f":{},"b":{},"_coverageSchema":"1a1c01bbd47fc00a2c39e90264f33305004495a9","hash":"cf542007fac9ff48633eabebed148625d978bb93"}
,"/home/runner/work/lizards-inc-fe/lizards-inc-fe/libs/measurement-history/src/lib/components/ExportDataButton.tsx": {"path":"/home/runner/work/lizards-inc-fe/lizards-inc-fe/libs/measurement-history/src/lib/components/ExportDataButton.tsx","statementMap":{"0":{"start":{"line":10,"column":32},"end":{"line":45,"column":1}},"1":{"start":{"line":11,"column":36},"end":{"line":11,"column":51}},"2":{"start":{"line":12,"column":21},"end":{"line":20,"column":3}},"3":{"start":{"line":13,"column":4},"end":{"line":15,"column":5}},"4":{"start":{"line":14,"column":6},"end":{"line":14,"column":13}},"5":{"start":{"line":16,"column":4},"end":{"line":16,"column":23}},"6":{"start":{"line":17,"column":20},"end":{"line":17,"column":46}},"7":{"start":{"line":18,"column":4},"end":{"line":18,"column":25}},"8":{"start":{"line":19,"column":4},"end":{"line":19,"column":24}},"9":{"start":{"line":22,"column":23},"end":{"line":33,"column":3}},"10":{"start":{"line":23,"column":20},"end":{"line":23,"column":62}},"11":{"start":{"line":24,"column":17},"end":{"line":29,"column":6}},"12":{"start":{"line":24,"column":31},"end":{"line":29,"column":5}},"13":{"start":{"line":31,"column":23},"end":{"line":31,"column":91}},"14":{"start":{"line":31,"column":66},"end":{"line":31,"column":79}},"15":{"start":{"line":32,"column":4},"end":{"line":32,"column":22}},"16":{"start":{"line":35,"column":22},"end":{"line":38,"column":3}},"17":{"start":{"line":36,"column":17},"end":{"line":36,"column":73}},"18":{"start":{"line":37,"column":4},"end":{"line":37,"column":49}},"19":{"start":{"line":40,"column":2},"end":{"line":44,"column":4}}},"fnMap":{"0":{"name":"(anonymous_0)","decl":{"start":{"line":10,"column":32},"end":{"line":10,"column":33}},"loc":{"start":{"line":10,"column":77},"end":{"line":45,"column":1}},"line":10},"1":{"name":"(anonymous_1)","decl":{"start":{"line":12,"column":21},"end":{"line":12,"column":22}},"loc":{"start":{"line":12,"column":27},"end":{"line":20,"column":3}},"line":12},"2":{"name":"(anonymous_2)","decl":{"start":{"line":22,"column":23},"end":{"line":22,"column":24}},"loc":{"start":{"line":22,"column":49},"end":{"line":33,"column":3}},"line":22},"3":{"name":"(anonymous_3)","decl":{"start":{"line":24,"column":26},"end":{"line":24,"column":27}},"loc":{"start":{"line":24,"column":31},"end":{"line":29,"column":5}},"line":24},"4":{"name":"(anonymous_4)","decl":{"start":{"line":31,"column":59},"end":{"line":31,"column":60}},"loc":{"start":{"line":31,"column":66},"end":{"line":31,"column":79}},"line":31},"5":{"name":"(anonymous_5)","decl":{"start":{"line":35,"column":22},"end":{"line":35,"column":23}},"loc":{"start":{"line":35,"column":43},"end":{"line":38,"column":3}},"line":35}},"branchMap":{"0":{"loc":{"start":{"line":13,"column":4},"end":{"line":15,"column":5}},"type":"if","locations":[{"start":{"line":13,"column":4},"end":{"line":15,"column":5}},{"start":{},"end":{}}],"line":13},"1":{"loc":{"start":{"line":13,"column":8},"end":{"line":13,"column":63}},"type":"binary-expr","locations":[{"start":{"line":13,"column":8},"end":{"line":13,"column":34}},{"start":{"line":13,"column":38},"end":{"line":13,"column":63}}],"line":13},"2":{"loc":{"start":{"line":41,"column":43},"end":{"line":41,"column":111}},"type":"binary-expr","locations":[{"start":{"line":41,"column":43},"end":{"line":41,"column":52}},{"start":{"line":41,"column":56},"end":{"line":41,"column":82}},{"start":{"line":41,"column":86},"end":{"line":41,"column":111}}],"line":41},"3":{"loc":{"start":{"line":42,"column":7},"end":{"line":42,"column":54}},"type":"cond-expr","locations":[{"start":{"line":42,"column":19},"end":{"line":42,"column":33}},{"start":{"line":42,"column":36},"end":{"line":42,"column":54}}],"line":42}},"s":{"0":1,"1":6,"2":6,"3":1,"4":0,"5":1,"6":1,"7":1,"8":1,"9":6,"10":1,"11":1,"12":2,"13":1,"14":2,"15":1,"16":6,"17":1,"18":1,"19":6},"f":{"0":6,"1":1,"2":1,"3":2,"4":2,"5":1},"b":{"0":[0,1],"1":[1,1],"2":[6,6,5],"3":[0,6]},"_coverageSchema":"1a1c01bbd47fc00a2c39e90264f33305004495a9","hash":"c2d7b7bb209e542493b19bedf0d1c5b349f05e75"}
,"/home/runner/work/lizards-inc-fe/lizards-inc-fe/libs/measurement-history/src/lib/components/HistoryTable.tsx": {"path":"/home/runner/work/lizards-inc-fe/lizards-inc-fe/libs/measurement-history/src/lib/components/HistoryTable.tsx","statementMap":{"0":{"start":{"line":10,"column":28},"end":{"line":14,"column":1}},"1":{"start":{"line":11,"column":22},"end":{"line":11,"column":55}},"2":{"start":{"line":13,"column":2},"end":{"line":13,"column":103}}},"fnMap":{"0":{"name":"(anonymous_0)","decl":{"start":{"line":10,"column":28},"end":{"line":10,"column":29}},"loc":{"start":{"line":10,"column":72},"end":{"line":14,"column":1}},"line":10}},"branchMap":{},"s":{"0":1,"1":3,"2":3},"f":{"0":3},"b":{},"_coverageSchema":"1a1c01bbd47fc00a2c39e90264f33305004495a9","hash":"33b3fa6e7aa05f2d996b239547ec585380937964"}
,"/home/runner/work/lizards-inc-fe/lizards-inc-fe/libs/measurement-history/src/lib/components/LineChartSummary.tsx": {"path":"/home/runner/work/lizards-inc-fe/lizards-inc-fe/libs/measurement-history/src/lib/components/LineChartSummary.tsx","statementMap":{"0":{"start":{"line":16,"column":30},"end":{"line":16,"column":40}},"1":{"start":{"line":18,"column":4},"end":{"line":24,"column":6}},"2":{"start":{"line":34,"column":32},"end":{"line":91,"column":1}},"3":{"start":{"line":35,"column":16},"end":{"line":78,"column":3}},"4":{"start":{"line":37,"column":6},"end":{"line":76,"column":7}},"5":{"start":{"line":80,"column":2},"end":{"line":90,"column":4}}},"fnMap":{"0":{"name":"(anonymous_0)","decl":{"start":{"line":14,"column":2},"end":{"line":14,"column":3}},"loc":{"start":{"line":14,"column":11},"end":{"line":25,"column":3}},"line":14},"1":{"name":"(anonymous_1)","decl":{"start":{"line":34,"column":32},"end":{"line":34,"column":33}},"loc":{"start":{"line":34,"column":101},"end":{"line":91,"column":1}},"line":34},"2":{"name":"(anonymous_2)","decl":{"start":{"line":36,"column":4},"end":{"line":36,"column":5}},"loc":{"start":{"line":37,"column":6},"end":{"line":76,"column":7}},"line":37}},"branchMap":{"0":{"loc":{"start":{"line":34,"column":41},"end":{"line":34,"column":60}},"type":"default-arg","locations":[{"start":{"line":34,"column":56},"end":{"line":34,"column":60}}],"line":34},"1":{"loc":{"start":{"line":37,"column":6},"end":{"line":76,"column":7}},"type":"cond-expr","locations":[{"start":{"line":38,"column":8},"end":{"line":73,"column":20}},{"start":{"line":75,"column":8},"end":{"line":75,"column":80}}],"line":37},"2":{"loc":{"start":{"line":37,"column":6},"end":{"line":37,"column":31}},"type":"binary-expr","locations":[{"start":{"line":37,"column":6},"end":{"line":37,"column":10}},{"start":{"line":37,"column":14},"end":{"line":37,"column":31}}],"line":37},"3":{"loc":{"start":{"line":80,"column":9},"end":{"line":90,"column":3}},"type":"cond-expr","locations":[{"start":{"line":81,"column":4},"end":{"line":87,"column":5}},{"start":{"line":89,"column":4},"end":{"line":89,"column":106}}],"line":80},"4":{"loc":{"start":{"line":81,"column":4},"end":{"line":87,"column":5}},"type":"cond-expr","locations":[{"start":{"line":82,"column":6},"end":{"line":84,"column":28}},{"start":{"line":86,"column":6},"end":{"line":86,"column":11}}],"line":81}},"s":{"0":9,"1":9,"2":1,"3":4,"4":4,"5":4},"f":{"0":9,"1":4,"2":4},"b":{"0":[1],"1":[3,1],"2":[4,3],"3":[3,1],"4":[0,3]},"_coverageSchema":"1a1c01bbd47fc00a2c39e90264f33305004495a9","hash":"b9c2fbcc12833ec2081de769e00ebf0f73f97e92"}
,"/home/runner/work/lizards-inc-fe/lizards-inc-fe/libs/measurement-history/src/lib/components/PieChartBoundaries.tsx": {"path":"/home/runner/work/lizards-inc-fe/lizards-inc-fe/libs/measurement-history/src/lib/components/PieChartBoundaries.tsx","statementMap":{"0":{"start":{"line":5,"column":15},"end":{"line":5,"column":28}},"1":{"start":{"line":28,"column":34},"end":{"line":88,"column":1}},"2":{"start":{"line":29,"column":46},"end":{"line":29,"column":68}},"3":{"start":{"line":31,"column":32},"end":{"line":48,"column":3}},"4":{"start":{"line":39,"column":19},"end":{"line":39,"column":66}},"5":{"start":{"line":40,"column":14},"end":{"line":40,"column":56}},"6":{"start":{"line":41,"column":14},"end":{"line":41,"column":56}},"7":{"start":{"line":43,"column":4},"end":{"line":47,"column":6}},"8":{"start":{"line":50,"column":2},"end":{"line":52,"column":13}},"9":{"start":{"line":51,"column":4},"end":{"line":51,"column":70}},"10":{"start":{"line":51,"column":28},"end":{"line":51,"column":70}},"11":{"start":{"line":51,"column":60},"end":{"line":51,"column":67}},"12":{"start":{"line":54,"column":2},"end":{"line":87,"column":4}},"13":{"start":{"line":71,"column":16},"end":{"line":71,"column":99}}},"fnMap":{"0":{"name":"(anonymous_0)","decl":{"start":{"line":28,"column":34},"end":{"line":28,"column":35}},"loc":{"start":{"line":28,"column":92},"end":{"line":88,"column":1}},"line":28},"1":{"name":"(anonymous_1)","decl":{"start":{"line":31,"column":32},"end":{"line":31,"column":33}},"loc":{"start":{"line":38,"column":36},"end":{"line":48,"column":3}},"line":38},"2":{"name":"(anonymous_2)","decl":{"start":{"line":50,"column":12},"end":{"line":50,"column":13}},"loc":{"start":{"line":50,"column":18},"end":{"line":52,"column":3}},"line":50},"3":{"name":"(anonymous_3)","decl":{"start":{"line":51,"column":55},"end":{"line":51,"column":56}},"loc":{"start":{"line":51,"column":60},"end":{"line":51,"column":67}},"line":51},"4":{"name":"(anonymous_4)","decl":{"start":{"line":70,"column":25},"end":{"line":70,"column":26}},"loc":{"start":{"line":71,"column":16},"end":{"line":71,"column":99}},"line":71}},"branchMap":{"0":{"loc":{"start":{"line":44,"column":49},"end":{"line":44,"column":73}},"type":"cond-expr","locations":[{"start":{"line":44,"column":58},"end":{"line":44,"column":65}},{"start":{"line":44,"column":68},"end":{"line":44,"column":73}}],"line":44},"1":{"loc":{"start":{"line":51,"column":4},"end":{"line":51,"column":70}},"type":"if","locations":[{"start":{"line":51,"column":4},"end":{"line":51,"column":70}},{"start":{},"end":{}}],"line":51},"2":{"loc":{"start":{"line":57,"column":7},"end":{"line":85,"column":7}},"type":"cond-expr","locations":[{"start":{"line":58,"column":8},"end":{"line":78,"column":9}},{"start":{"line":80,"column":8},"end":{"line":84,"column":11}}],"line":57},"3":{"loc":{"start":{"line":58,"column":8},"end":{"line":78,"column":9}},"type":"cond-expr","locations":[{"start":{"line":59,"column":10},"end":{"line":75,"column":21}},{"start":{"line":77,"column":10},"end":{"line":77,"column":82}}],"line":58},"4":{"loc":{"start":{"line":58,"column":8},"end":{"line":58,"column":31}},"type":"binary-expr","locations":[{"start":{"line":58,"column":8},"end":{"line":58,"column":12}},{"start":{"line":58,"column":16},"end":{"line":58,"column":31}}],"line":58}},"s":{"0":2,"1":2,"2":24,"3":24,"4":42,"5":42,"6":42,"7":42,"8":24,"9":17,"10":7,"11":21,"12":24,"13":42},"f":{"0":24,"1":42,"2":17,"3":21,"4":42},"b":{"0":[22,20],"1":[7,10],"2":[19,5],"3":[14,5],"4":[19,14]},"_coverageSchema":"1a1c01bbd47fc00a2c39e90264f33305004495a9","hash":"2e4b33631da9218b354d1bb8001e5253a97f9dec"}
,"/home/runner/work/lizards-inc-fe/lizards-inc-fe/libs/measurement-history/src/lib/components/PieChartDiagramsCard.tsx": {"path":"/home/runner/work/lizards-inc-fe/lizards-inc-fe/libs/measurement-history/src/lib/components/PieChartDiagramsCard.tsx","statementMap":{"0":{"start":{"line":16,"column":36},"end":{"line":66,"column":1}},"1":{"start":{"line":17,"column":29},"end":{"line":20,"column":3}},"2":{"start":{"line":18,"column":10},"end":{"line":18,"column":112}},"3":{"start":{"line":21,"column":26},"end":{"line":24,"column":3}},"4":{"start":{"line":22,"column":10},"end":{"line":22,"column":106}},"5":{"start":{"line":25,"column":21},"end":{"line":28,"column":3}},"6":{"start":{"line":26,"column":10},"end":{"line":26,"column":96}},"7":{"start":{"line":30,"column":2},"end":{"line":65,"column":4}}},"fnMap":{"0":{"name":"(anonymous_0)","decl":{"start":{"line":16,"column":36},"end":{"line":16,"column":37}},"loc":{"start":{"line":16,"column":95},"end":{"line":66,"column":1}},"line":16},"1":{"name":"(anonymous_1)","decl":{"start":{"line":18,"column":4},"end":{"line":18,"column":5}},"loc":{"start":{"line":18,"column":10},"end":{"line":18,"column":112}},"line":18},"2":{"name":"(anonymous_2)","decl":{"start":{"line":22,"column":4},"end":{"line":22,"column":5}},"loc":{"start":{"line":22,"column":10},"end":{"line":22,"column":106}},"line":22},"3":{"name":"(anonymous_3)","decl":{"start":{"line":26,"column":4},"end":{"line":26,"column":5}},"loc":{"start":{"line":26,"column":10},"end":{"line":26,"column":96}},"line":26}},"branchMap":{},"s":{"0":1,"1":3,"2":3,"3":3,"4":3,"5":3,"6":3,"7":3},"f":{"0":3,"1":3,"2":3,"3":3},"b":{},"_coverageSchema":"1a1c01bbd47fc00a2c39e90264f33305004495a9","hash":"2b8e6b26696b6ca21d12fe31c20956dc73cfedb2"}
,"/home/runner/work/lizards-inc-fe/lizards-inc-fe/libs/measurement-history/src/lib/components/useHistoricTableColumns.tsx": {"path":"/home/runner/work/lizards-inc-fe/lizards-inc-fe/libs/measurement-history/src/lib/components/useHistoricTableColumns.tsx","statementMap":{"0":{"start":{"line":18,"column":39},"end":{"line":56,"column":1}},"1":{"start":{"line":19,"column":41},"end":{"line":53,"column":3}},"2":{"start":{"line":26,"column":38},"end":{"line":26,"column":70}},"3":{"start":{"line":26,"column":84},"end":{"line":26,"column":105}},"4":{"start":{"line":27,"column":35},"end":{"line":27,"column":82}},"5":{"start":{"line":28,"column":24},"end":{"line":28,"column":55}},"6":{"start":{"line":29,"column":32},"end":{"line":29,"column":63}},"7":{"start":{"line":35,"column":24},"end":{"line":35,"column":53}},"8":{"start":{"line":37,"column":23},"end":{"line":37,"column":62}},"9":{"start":{"line":42,"column":24},"end":{"line":42,"column":47}},"10":{"start":{"line":44,"column":23},"end":{"line":44,"column":59}},"11":{"start":{"line":49,"column":24},"end":{"line":49,"column":37}},"12":{"start":{"line":51,"column":23},"end":{"line":51,"column":54}},"13":{"start":{"line":55,"column":2},"end":{"line":55,"column":21}}},"fnMap":{"0":{"name":"(anonymous_0)","decl":{"start":{"line":18,"column":39},"end":{"line":18,"column":40}},"loc":{"start":{"line":18,"column":83},"end":{"line":56,"column":1}},"line":18},"1":{"name":"(anonymous_1)","decl":{"start":{"line":26,"column":33},"end":{"line":26,"column":34}},"loc":{"start":{"line":26,"column":38},"end":{"line":26,"column":70}},"line":26},"2":{"name":"(anonymous_2)","decl":{"start":{"line":26,"column":78},"end":{"line":26,"column":79}},"loc":{"start":{"line":26,"column":84},"end":{"line":26,"column":105}},"line":26},"3":{"name":"(anonymous_3)","decl":{"start":{"line":27,"column":16},"end":{"line":27,"column":17}},"loc":{"start":{"line":27,"column":35},"end":{"line":27,"column":82}},"line":27},"4":{"name":"(anonymous_4)","decl":{"start":{"line":28,"column":14},"end":{"line":28,"column":15}},"loc":{"start":{"line":28,"column":24},"end":{"line":28,"column":55}},"line":28},"5":{"name":"(anonymous_5)","decl":{"start":{"line":29,"column":14},"end":{"line":29,"column":15}},"loc":{"start":{"line":29,"column":32},"end":{"line":29,"column":63}},"line":29},"6":{"name":"(anonymous_6)","decl":{"start":{"line":35,"column":14},"end":{"line":35,"column":15}},"loc":{"start":{"line":35,"column":24},"end":{"line":35,"column":53}},"line":35},"7":{"name":"(anonymous_7)","decl":{"start":{"line":37,"column":14},"end":{"line":37,"column":15}},"loc":{"start":{"line":37,"column":23},"end":{"line":37,"column":62}},"line":37},"8":{"name":"(anonymous_8)","decl":{"start":{"line":42,"column":14},"end":{"line":42,"column":15}},"loc":{"start":{"line":42,"column":24},"end":{"line":42,"column":47}},"line":42},"9":{"name":"(anonymous_9)","decl":{"start":{"line":44,"column":14},"end":{"line":44,"column":15}},"loc":{"start":{"line":44,"column":23},"end":{"line":44,"column":59}},"line":44},"10":{"name":"(anonymous_10)","decl":{"start":{"line":49,"column":14},"end":{"line":49,"column":15}},"loc":{"start":{"line":49,"column":24},"end":{"line":49,"column":37}},"line":49},"11":{"name":"(anonymous_11)","decl":{"start":{"line":51,"column":14},"end":{"line":51,"column":15}},"loc":{"start":{"line":51,"column":23},"end":{"line":51,"column":54}},"line":51}},"branchMap":{"0":{"loc":{"start":{"line":24,"column":8},"end":{"line":26,"column":107}},"type":"cond-expr","locations":[{"start":{"line":25,"column":12},"end":{"line":25,"column":14}},{"start":{"line":26,"column":12},"end":{"line":26,"column":107}}],"line":24}},"s":{"0":2,"1":4,"2":8,"3":8,"4":2,"5":6,"6":7,"7":2,"8":7,"9":2,"10":7,"11":2,"12":7,"13":4},"f":{"0":4,"1":8,"2":8,"3":2,"4":6,"5":7,"6":2,"7":7,"8":2,"9":7,"10":2,"11":7},"b":{"0":[1,3]},"_coverageSchema":"1a1c01bbd47fc00a2c39e90264f33305004495a9","hash":"bbdd2fd352a4b66caa4a2fa7b7576ba8095b1b42"}
,"/home/runner/work/lizards-inc-fe/lizards-inc-fe/libs/model/src/index.ts": {"path":"/home/runner/work/lizards-inc-fe/lizards-inc-fe/libs/model/src/index.ts","statementMap":{},"fnMap":{},"branchMap":{},"s":{},"f":{},"b":{},"_coverageSchema":"1a1c01bbd47fc00a2c39e90264f33305004495a9","hash":"66e47c55ece4515cb628beb68a9e8c5de134670e"}
,"/home/runner/work/lizards-inc-fe/lizards-inc-fe/libs/model/src/lib/Defaults.ts": {"path":"/home/runner/work/lizards-inc-fe/lizards-inc-fe/libs/model/src/lib/Defaults.ts","statementMap":{"0":{"start":{"line":1,"column":33},"end":{"line":1,"column":54}},"1":{"start":{"line":2,"column":32},"end":{"line":2,"column":44}},"2":{"start":{"line":3,"column":29},"end":{"line":3,"column":50}},"3":{"start":{"line":16,"column":45},"end":{"line":29,"column":1}},"4":{"start":{"line":18,"column":27},"end":{"line":18,"column":60}},"5":{"start":{"line":22,"column":24},"end":{"line":22,"column":53}},"6":{"start":{"line":26,"column":19},"end":{"line":26,"column":46}},"7":{"start":{"line":36,"column":26},"end":{"line":39,"column":1}},"8":{"start":{"line":37,"column":19},"end":{"line":37,"column":41}},"9":{"start":{"line":38,"column":2},"end":{"line":38,"column":49}}},"fnMap":{"0":{"name":"(anonymous_0)","decl":{"start":{"line":18,"column":12},"end":{"line":18,"column":13}},"loc":{"start":{"line":18,"column":27},"end":{"line":18,"column":60}},"line":18},"1":{"name":"(anonymous_1)","decl":{"start":{"line":22,"column":12},"end":{"line":22,"column":13}},"loc":{"start":{"line":22,"column":24},"end":{"line":22,"column":53}},"line":22},"2":{"name":"(anonymous_2)","decl":{"start":{"line":26,"column":12},"end":{"line":26,"column":13}},"loc":{"start":{"line":26,"column":19},"end":{"line":26,"column":46}},"line":26},"3":{"name":"(anonymous_3)","decl":{"start":{"line":36,"column":26},"end":{"line":36,"column":27}},"loc":{"start":{"line":36,"column":63},"end":{"line":39,"column":1}},"line":36}},"branchMap":{},"s":{"0":9,"1":9,"2":9,"3":9,"4":25,"5":19,"6":19,"7":9,"8":69,"9":69},"f":{"0":25,"1":19,"2":19,"3":69},"b":{},"_coverageSchema":"1a1c01bbd47fc00a2c39e90264f33305004495a9","hash":"c24c441d044fabc34f4cd905e5d7b27345dfb43e"}
,"/home/runner/work/lizards-inc-fe/lizards-inc-fe/libs/model/src/lib/IAnimal.ts": {"path":"/home/runner/work/lizards-inc-fe/lizards-inc-fe/libs/model/src/lib/IAnimal.ts","statementMap":{},"fnMap":{},"branchMap":{},"s":{},"f":{},"b":{},"_coverageSchema":"1a1c01bbd47fc00a2c39e90264f33305004495a9","hash":"6d3f7f8db5062ea59c9c56695f0a4e4e330a17c1"}
,"/home/runner/work/lizards-inc-fe/lizards-inc-fe/libs/model/src/lib/IBoundary.ts": {"path":"/home/runner/work/lizards-inc-fe/lizards-inc-fe/libs/model/src/lib/IBoundary.ts","statementMap":{},"fnMap":{},"branchMap":{},"s":{},"f":{},"b":{},"_coverageSchema":"1a1c01bbd47fc00a2c39e90264f33305004495a9","hash":"1dc16c67a3a53c6dedebf5ebd69061649d35f026"}
,"/home/runner/work/lizards-inc-fe/lizards-inc-fe/libs/model/src/lib/IMeasurement.ts": {"path":"/home/runner/work/lizards-inc-fe/lizards-inc-fe/libs/model/src/lib/IMeasurement.ts","statementMap":{},"fnMap":{},"branchMap":{},"s":{},"f":{},"b":{},"_coverageSchema":"1a1c01bbd47fc00a2c39e90264f33305004495a9","hash":"ccb338cba6005875f2a27c11d5b4c34fca76ac9e"}
,"/home/runner/work/lizards-inc-fe/lizards-inc-fe/libs/model/src/lib/ITerrarium.ts": {"path":"/home/runner/work/lizards-inc-fe/lizards-inc-fe/libs/model/src/lib/ITerrarium.ts","statementMap":{},"fnMap":{},"branchMap":{},"s":{},"f":{},"b":{},"_coverageSchema":"1a1c01bbd47fc00a2c39e90264f33305004495a9","hash":"ed04f17144c9efb8f5f981311dc99263571f487f"}
,"/home/runner/work/lizards-inc-fe/lizards-inc-fe/libs/model/src/lib/UtilityFunctions.ts": {"path":"/home/runner/work/lizards-inc-fe/lizards-inc-fe/libs/model/src/lib/UtilityFunctions.ts","statementMap":{"0":{"start":{"line":10,"column":2},"end":{"line":10,"column":42}},"1":{"start":{"line":10,"column":25},"end":{"line":10,"column":42}},"2":{"start":{"line":12,"column":2},"end":{"line":12,"column":95}},"3":{"start":{"line":12,"column":32},"end":{"line":12,"column":95}},"4":{"start":{"line":14,"column":22},"end":{"line":14,"column":80}},"5":{"start":{"line":16,"column":2},"end":{"line":19,"column":16}},"6":{"start":{"line":17,"column":4},"end":{"line":17,"column":60}},"7":{"start":{"line":17,"column":42},"end":{"line":17,"column":60}},"8":{"start":{"line":18,"column":4},"end":{"line":18,"column":15}}},"fnMap":{"0":{"name":"filterData","decl":{"start":{"line":9,"column":16},"end":{"line":9,"column":26}},"loc":{"start":{"line":9,"column":83},"end":{"line":20,"column":1}},"line":9},"1":{"name":"(anonymous_1)","decl":{"start":{"line":16,"column":21},"end":{"line":16,"column":22}},"loc":{"start":{"line":16,"column":53},"end":{"line":19,"column":3}},"line":16}},"branchMap":{"0":{"loc":{"start":{"line":10,"column":2},"end":{"line":10,"column":42}},"type":"if","locations":[{"start":{"line":10,"column":2},"end":{"line":10,"column":42}},{"start":{},"end":{}}],"line":10},"1":{"loc":{"start":{"line":12,"column":2},"end":{"line":12,"column":95}},"type":"if","locations":[{"start":{"line":12,"column":2},"end":{"line":12,"column":95}},{"start":{},"end":{}}],"line":12},"2":{"loc":{"start":{"line":17,"column":4},"end":{"line":17,"column":60}},"type":"if","locations":[{"start":{"line":17,"column":4},"end":{"line":17,"column":60}},{"start":{},"end":{}}],"line":17}},"s":{"0":14,"1":7,"2":7,"3":2,"4":5,"5":5,"6":50,"7":21,"8":50},"f":{"0":14,"1":50},"b":{"0":[7,7],"1":[2,5],"2":[21,29]},"_coverageSchema":"1a1c01bbd47fc00a2c39e90264f33305004495a9","hash":"591d710a1110d99a5a7b8137008b617f4f318bc6"}
,"/home/runner/work/lizards-inc-fe/lizards-inc-fe/libs/notification-center/src/index.ts": {"path":"/home/runner/work/lizards-inc-fe/lizards-inc-fe/libs/notification-center/src/index.ts","statementMap":{},"fnMap":{},"branchMap":{},"s":{},"f":{},"b":{},"_coverageSchema":"1a1c01bbd47fc00a2c39e90264f33305004495a9","hash":"2b511fe3bc39275a9063bae65b1745fdd60455eb"}
[...]
,"/home/runner/work/lizards-inc-fe/lizards-inc-fe/libs/notification-center/src/lib/components/Notification.tsx": {"path":"/home/runner/work/lizards-inc-fe/lizards-inc-fe/libs/notification-center/src/lib/components/Notification.tsx","statementMap":{"0":{"start":{"line":21,"column":28},"end":{"line":54,"column":1}},"1":{"start":{"line":22,"column":32},"end":{"line":27,"column":4}},"2":{"start":{"line":29,"column":2},"end":{"line":31,"column":33}},"3":{"start":{"line":30,"column":4},"end":{"line":30,"column":49}},"4":{"start":{"line":33,"column":21},"end":{"line":38,"column":23}},"5":{"start":{"line":34,"column":4},"end":{"line":37,"column":14}},"6":{"start":{"line":36,"column":8},"end":{"line":36,"column":18}},"7":{"start":{"line":40,"column":2},"end":{"line":53,"column":4}}},"fnMap":{"0":{"name":"(anonymous_0)","decl":{"start":{"line":21,"column":28},"end":{"line":21,"column":29}},"loc":{"start":{"line":21,"column":102},"end":{"line":54,"column":1}},"line":21},"1":{"name":"(anonymous_1)","decl":{"start":{"line":29,"column":12},"end":{"line":29,"column":13}},"loc":{"start":{"line":29,"column":18},"end":{"line":31,"column":3}},"line":29},"2":{"name":"(anonymous_2)","decl":{"start":{"line":33,"column":33},"end":{"line":33,"column":34}},"loc":{"start":{"line":33,"column":39},"end":{"line":38,"column":3}},"line":33},"3":{"name":"(anonymous_3)","decl":{"start":{"line":35,"column":17},"end":{"line":35,"column":18}},"loc":{"start":{"line":35,"column":23},"end":{"line":37,"column":7}},"line":35}},"branchMap":{"0":{"loc":{"start":{"line":30,"column":4},"end":{"line":30,"column":48}},"type":"binary-expr","locations":[{"start":{"line":30,"column":4},"end":{"line":30,"column":28}},{"start":{"line":30,"column":32},"end":{"line":30,"column":48}}],"line":30},"1":{"loc":{"start":{"line":34,"column":4},"end":{"line":37,"column":13}},"type":"binary-expr","locations":[{"start":{"line":34,"column":4},"end":{"line":34,"column":11}},{"start":{"line":35,"column":6},"end":{"line":37,"column":13}}],"line":34},"2":{"loc":{"start":{"line":51,"column":7},"end":{"line":51,"column":75}},"type":"cond-expr","locations":[{"start":{"line":51,"column":17},"end":{"line":51,"column":41}},{"start":{"line":51,"column":44},"end":{"line":51,"column":75}}],"line":51}},"s":{"0":3,"1":7,"2":7,"3":7,"4":7,"5":1,"6":1,"7":7},"f":{"0":7,"1":7,"2":1,"3":1},"b":{"0":[7,3],"1":[1,1],"2":[4,3]},"_coverageSchema":"1a1c01bbd47fc00a2c39e90264f33305004495a9","hash":"87e3de340131e67077c81f610975020d04b7b071"}
,"/home/runner/work/lizards-inc-fe/lizards-inc-fe/libs/shared-components/src/index.ts": {"path":"/home/runner/work/lizards-inc-fe/lizards-inc-fe/libs/shared-components/src/index.ts","statementMap":{},"fnMap":{},"branchMap":{},"s":{},"f":{},"b":{},"_coverageSchema":"1a1c01bbd47fc00a2c39e90264f33305004495a9","hash":"e5691e2da6beb2407baa57f422685ed9f80855a4"}
,"/home/runner/work/lizards-inc-fe/lizards-inc-fe/libs/shared-components/src/lib/TestComponent.tsx": {"path":"/home/runner/work/lizards-inc-fe/lizards-inc-fe/libs/shared-components/src/lib/TestComponent.tsx","statementMap":{"0":{"start":{"line":1,"column":29},"end":{"line":3,"column":1}},"1":{"start":{"line":2,"column":2},"end":{"line":2,"column":29}}},"fnMap":{"0":{"name":"(anonymous_0)","decl":{"start":{"line":1,"column":29},"end":{"line":1,"column":30}},"loc":{"start":{"line":1,"column":35},"end":{"line":3,"column":1}},"line":1}},"branchMap":{},"s":{"0":8,"1":2},"f":{"0":2},"b":{},"_coverageSchema":"1a1c01bbd47fc00a2c39e90264f33305004495a9","hash":"59b8ba248a73ec14d0304cc26ea36253b70d7bd7"}
,"/home/runner/work/lizards-inc-fe/lizards-inc-fe/libs/shared-components/src/lib/error-logo.png": {"path":"/home/runner/work/lizards-inc-fe/lizards-inc-fe/libs/shared-components/src/lib/error-logo.png","statementMap":{"0":{"start":{"line":1,"column":0},"end":{"line":1,"column":34}}},"fnMap":{},"branchMap":{},"s":{"0":4},"f":{},"b":{},"_coverageSchema":"1a1c01bbd47fc00a2c39e90264f33305004495a9","hash":"d23e806f2a43d21760b3e0f6e9b767c9b38fefac"}
,"/home/runner/work/lizards-inc-fe/lizards-inc-fe/libs/shared-components/src/lib/routing/RoutingTable.ts": {"path":"/home/runner/work/lizards-inc-fe/lizards-inc-fe/libs/shared-components/src/lib/routing/RoutingTable.ts","statementMap":{"0":{"start":{"line":1,"column":28},"end":{"line":15,"column":10}}},"fnMap":{},"branchMap":{},"s":{"0":8},"f":{},"b":{},"_coverageSchema":"1a1c01bbd47fc00a2c39e90264f33305004495a9","hash":"4e1e489276e7c40578d53f016eb1eaaca4bfa78b"}
,"/home/runner/work/lizards-inc-fe/lizards-inc-fe/libs/shared-components/src/lib/routing/index.ts": {"path":"/home/runner/work/lizards-inc-fe/lizards-inc-fe/libs/shared-components/src/lib/routing/index.ts","statementMap":{},"fnMap":{},"branchMap":{},"s":{},"f":{},"b":{},"_coverageSchema":"1a1c01bbd47fc00a2c39e90264f33305004495a9","hash":"b2f1ffd7e84a084a8580890e87d38f2b0059b5d6"}
,"/home/runner/work/lizards-inc-fe/lizards-inc-fe/libs/shared-components/src/lib/ui-components/CardElement.tsx": {"path":"/home/runner/work/lizards-inc-fe/lizards-inc-fe/libs/shared-components/src/lib/ui-components/CardElement.tsx","statementMap":{"0":{"start":{"line":9,"column":27},"end":{"line":17,"column":1}},"1":{"start":{"line":10,"column":25},"end":{"line":12,"column":8}},"2":{"start":{"line":14,"column":2},"end":{"line":16,"column":4}}},"fnMap":{"0":{"name":"(anonymous_0)","decl":{"start":{"line":9,"column":27},"end":{"line":9,"column":28}},"loc":{"start":{"line":9,"column":49},"end":{"line":17,"column":1}},"line":9}},"branchMap":{"0":{"loc":{"start":{"line":10,"column":25},"end":{"line":12,"column":8}},"type":"cond-expr","locations":[{"start":{"line":11,"column":6},"end":{"line":11,"column":78}},{"start":{"line":12,"column":6},"end":{"line":12,"column":8}}],"line":10}},"s":{"0":9,"1":22,"2":22},"f":{"0":22},"b":{"0":[19,3]},"_coverageSchema":"1a1c01bbd47fc00a2c39e90264f33305004495a9","hash":"63d19a4b0b331d49561a13a5e042f11541d6c892"}
,"/home/runner/work/lizards-inc-fe/lizards-inc-fe/libs/shared-components/src/lib/ui-components/error-page/ErrorCodePage.tsx": {"path":"/home/runner/work/lizards-inc-fe/lizards-inc-fe/libs/shared-components/src/lib/ui-components/error-page/ErrorCodePage.tsx","statementMap":{"0":{"start":{"line":5,"column":34},"end":{"line":8,"column":1}},"1":{"start":{"line":6,"column":19},"end":{"line":6,"column":32}},"2":{"start":{"line":7,"column":2},"end":{"line":7,"column":101}},"3":{"start":{"line":7,"column":56},"end":{"line":7,"column":98}},"4":{"start":{"line":18,"column":29},"end":{"line":61,"column":1}},"5":{"start":{"line":19,"column":36},"end":{"line":54,"column":3}},"6":{"start":{"line":35,"column":62},"end":{"line":35,"column":82}},"7":{"start":{"line":56,"column":19},"end":{"line":56,"column":106}},"8":{"start":{"line":58,"column":2},"end":{"line":60,"column":4}}},"fnMap":{"0":{"name":"(anonymous_0)","decl":{"start":{"line":5,"column":34},"end":{"line":5,"column":35}},"loc":{"start":{"line":5,"column":40},"end":{"line":8,"column":1}},"line":5},"1":{"name":"(anonymous_1)","decl":{"start":{"line":7,"column":33},"end":{"line":7,"column":34}},"loc":{"start":{"line":7,"column":56},"end":{"line":7,"column":98}},"line":7},"2":{"name":"(anonymous_2)","decl":{"start":{"line":18,"column":29},"end":{"line":18,"column":30}},"loc":{"start":{"line":18,"column":68},"end":{"line":61,"column":1}},"line":18},"3":{"name":"(anonymous_3)","decl":{"start":{"line":35,"column":56},"end":{"line":35,"column":57}},"loc":{"start":{"line":35,"column":62},"end":{"line":35,"column":82}},"line":35}},"branchMap":{"0":{"loc":{"start":{"line":56,"column":19},"end":{"line":56,"column":106}},"type":"cond-expr","locations":[{"start":{"line":56,"column":56},"end":{"line":56,"column":88}},{"start":{"line":56,"column":91},"end":{"line":56,"column":106}}],"line":56}},"s":{"0":9,"1":36,"2":36,"3":0,"4":9,"5":7,"6":1,"7":7,"8":7},"f":{"0":36,"1":0,"2":7,"3":1},"b":{"0":[6,1]},"_coverageSchema":"1a1c01bbd47fc00a2c39e90264f33305004495a9","hash":"01829be0632a271e0cc26adef684a1730732cda8"}
,"/home/runner/work/lizards-inc-fe/lizards-inc-fe/libs/shared-components/src/lib/ui-components/error-page/ErrorPage.tsx": {"path":"/home/runner/work/lizards-inc-fe/lizards-inc-fe/libs/shared-components/src/lib/ui-components/error-page/ErrorPage.tsx","statementMap":{"0":{"start":{"line":10,"column":25},"end":{"line":25,"column":1}},"1":{"start":{"line":11,"column":2},"end":{"line":24,"column":4}}},"fnMap":{"0":{"name":"(anonymous_0)","decl":{"start":{"line":10,"column":25},"end":{"line":10,"column":26}},"loc":{"start":{"line":10,"column":83},"end":{"line":25,"column":1}},"line":10}},"branchMap":{},"s":{"0":10,"1":12},"f":{"0":12},"b":{},"_coverageSchema":"1a1c01bbd47fc00a2c39e90264f33305004495a9","hash":"5f52c0309fb416ae6505a2db238590536ded797d"}
,"/home/runner/work/lizards-inc-fe/lizards-inc-fe/libs/shared-components/src/lib/ui-components/error-page/ErrorParamsPage.tsx": {"path":"/home/runner/work/lizards-inc-fe/lizards-inc-fe/libs/shared-components/src/lib/ui-components/error-page/ErrorParamsPage.tsx","statementMap":{"0":{"start":{"line":4,"column":31},"end":{"line":8,"column":1}},"1":{"start":{"line":5,"column":19},"end":{"line":5,"column":30}},"2":{"start":{"line":7,"column":2},"end":{"line":7,"column":49}}},"fnMap":{"0":{"name":"(anonymous_0)","decl":{"start":{"line":4,"column":31},"end":{"line":4,"column":32}},"loc":{"start":{"line":4,"column":37},"end":{"line":8,"column":1}},"line":4}},"branchMap":{"0":{"loc":{"start":{"line":7,"column":35},"end":{"line":7,"column":44}},"type":"binary-expr","locations":[{"start":{"line":7,"column":35},"end":{"line":7,"column":39}},{"start":{"line":7,"column":43},"end":{"line":7,"column":44}}],"line":7}},"s":{"0":9,"1":3,"2":3},"f":{"0":3},"b":{"0":[3,0]},"_coverageSchema":"1a1c01bbd47fc00a2c39e90264f33305004495a9","hash":"e9daaaa412b13db9792c14f2837a176aac8dea15"}
,"/home/runner/work/lizards-inc-fe/lizards-inc-fe/libs/terrarium/src/components/AnimalCard.tsx": {"path":"/home/runner/work/lizards-inc-fe/lizards-inc-fe/libs/terrarium/src/components/AnimalCard.tsx","statementMap":{"0":{"start":{"line":14,"column":26},"end":{"line":61,"column":1}},"1":{"start":{"line":15,"column":22},"end":{"line":17,"column":4}},"2":{"start":{"line":18,"column":46},"end":{"line":18,"column":61}},"3":{"start":{"line":20,"column":20},"end":{"line":31,"column":3}},"4":{"start":{"line":21,"column":4},"end":{"line":30,"column":5}},"5":{"start":{"line":23,"column":8},"end":{"line":23,"column":22}},"6":{"start":{"line":25,"column":8},"end":{"line":25,"column":24}},"7":{"start":{"line":27,"column":8},"end":{"line":27,"column":23}},"8":{"start":{"line":29,"column":8},"end":{"line":29,"column":22}},"9":{"start":{"line":33,"column":31},"end":{"line":33,"column":107}},"10":{"start":{"line":34,"column":18},"end":{"line":34,"column":103}},"11":{"start":{"line":36,"column":24},"end":{"line":42,"column":3}},"12":{"start":{"line":37,"column":4},"end":{"line":37,"column":27}},"13":{"start":{"line":38,"column":4},"end":{"line":41,"column":7}},"14":{"start":{"line":39,"column":6},"end":{"line":39,"column":30}},"15":{"start":{"line":40,"column":6},"end":{"line":40,"column":23}},"16":{"start":{"line":44,"column":2},"end":{"line":60,"column":4}}},"fnMap":{"0":{"name":"(anonymous_0)","decl":{"start":{"line":14,"column":26},"end":{"line":14,"column":27}},"loc":{"start":{"line":14,"column":75},"end":{"line":61,"column":1}},"line":14},"1":{"name":"(anonymous_1)","decl":{"start":{"line":20,"column":20},"end":{"line":20,"column":21}},"loc":{"start":{"line":20,"column":40},"end":{"line":31,"column":3}},"line":20},"2":{"name":"(anonymous_2)","decl":{"start":{"line":36,"column":24},"end":{"line":36,"column":25}},"loc":{"start":{"line":36,"column":30},"end":{"line":42,"column":3}},"line":36},"3":{"name":"(anonymous_3)","decl":{"start":{"line":38,"column":19},"end":{"line":38,"column":20}},"loc":{"start":{"line":38,"column":25},"end":{"line":41,"column":5}},"line":38}},"branchMap":{"0":{"loc":{"start":{"line":21,"column":4},"end":{"line":30,"column":5}},"type":"switch","locations":[{"start":{"line":22,"column":6},"end":{"line":23,"column":22}},{"start":{"line":24,"column":6},"end":{"line":25,"column":24}},{"start":{"line":26,"column":6},"end":{"line":27,"column":23}},{"start":{"line":28,"column":6},"end":{"line":29,"column":22}}],"line":21},"1":{"loc":{"start":{"line":33,"column":31},"end":{"line":33,"column":107}},"type":"cond-expr","locations":[{"start":{"line":33,"column":57},"end":{"line":33,"column":93}},{"start":{"line":33,"column":96},"end":{"line":33,"column":107}}],"line":33},"2":{"loc":{"start":{"line":34,"column":18},"end":{"line":34,"column":103}},"type":"cond-expr","locations":[{"start":{"line":34,"column":46},"end":{"line":34,"column":65}},{"start":{"line":34,"column":68},"end":{"line":34,"column":103}}],"line":34}},"s":{"0":1,"1":12,"2":12,"3":12,"4":12,"5":1,"6":9,"7":1,"8":1,"9":12,"10":12,"11":12,"12":1,"13":1,"14":1,"15":1,"16":12},"f":{"0":12,"1":12,"2":1,"3":1},"b":{"0":[1,9,1,1],"1":[1,11],"2":[11,1]},"_coverageSchema":"1a1c01bbd47fc00a2c39e90264f33305004495a9","hash":"650623f32c4efd6696f5b2efab1a01269f7fca66"}
,"/home/runner/work/lizards-inc-fe/lizards-inc-fe/libs/terrarium/src/components/AnimalDeleteButton.tsx": {"path":"/home/runner/work/lizards-inc-fe/lizards-inc-fe/libs/terrarium/src/components/AnimalDeleteButton.tsx","statementMap":{"0":{"start":{"line":9,"column":34},"end":{"line":21,"column":1}},"1":{"start":{"line":10,"column":2},"end":{"line":20,"column":4}}},"fnMap":{"0":{"name":"(anonymous_0)","decl":{"start":{"line":9,"column":34},"end":{"line":9,"column":35}},"loc":{"start":{"line":9,"column":87},"end":{"line":21,"column":1}},"line":9}},"branchMap":{"0":{"loc":{"start":{"line":17,"column":14},"end":{"line":17,"column":87}},"type":"cond-expr","locations":[{"start":{"line":17,"column":26},"end":{"line":17,"column":50}},{"start":{"line":17,"column":53},"end":{"line":17,"column":87}}],"line":17}},"s":{"0":1,"1":12},"f":{"0":12},"b":{"0":[1,11]},"_coverageSchema":"1a1c01bbd47fc00a2c39e90264f33305004495a9","hash":"bba2d7b65f303cb924015b1a60b211540a89ff09"}
,"/home/runner/work/lizards-inc-fe/lizards-inc-fe/src/app/TerrariumOutlined.tsx": {"path":"/home/runner/work/lizards-inc-fe/lizards-inc-fe/src/app/TerrariumOutlined.tsx","statementMap":{"0":{"start":{"line":1,"column":33},"end":{"line":51,"column":1}},"1":{"start":{"line":2,"column":2},"end":{"line":50,"column":8}}},"fnMap":{"0":{"name":"(anonymous_0)","decl":{"start":{"line":1,"column":33},"end":{"line":1,"column":34}},"loc":{"start":{"line":2,"column":2},"end":{"line":50,"column":8}},"line":2}},"branchMap":{},"s":{"0":1,"1":2},"f":{"0":2},"b":{},"_coverageSchema":"1a1c01bbd47fc00a2c39e90264f33305004495a9","hash":"1ce03a2a6f631c5c3ea096d28c903e38dbaec39d"}
,"/home/runner/work/lizards-inc-fe/lizards-inc-fe/src/app/app.tsx": {"path":"/home/runner/work/lizards-inc-fe/lizards-inc-fe/src/app/app.tsx","statementMap":{"0":{"start":{"line":20,"column":12},"end":{"line":150,"column":1}},"1":{"start":{"line":21,"column":36},"end":{"line":21,"column":51}},"2":{"start":{"line":22,"column":36},"end":{"line":22,"column":63}},"3":{"start":{"line":26,"column":6},"end":{"line":26,"column":22}},"4":{"start":{"line":27,"column":19},"end":{"line":27,"column":32}},"5":{"start":{"line":28,"column":21},"end":{"line":28,"column":37}},"6":{"start":{"line":30,"column":28},"end":{"line":59,"column":3}},"7":{"start":{"line":60,"column":23},"end":{"line":62,"column":3}},"8":{"start":{"line":61,"column":4},"end":{"line":61,"column":36}},"9":{"start":{"line":64,"column":37},"end":{"line":66,"column":3}},"10":{"start":{"line":65,"column":4},"end":{"line":65,"column":42}},"11":{"start":{"line":65,"column":30},"end":{"line":65,"column":40}},"12":{"start":{"line":68,"column":2},"end":{"line":74,"column":5}},"13":{"start":{"line":69,"column":4},"end":{"line":69,"column":52}},"14":{"start":{"line":71,"column":4},"end":{"line":73,"column":6}},"15":{"start":{"line":72,"column":6},"end":{"line":72,"column":57}},"16":{"start":{"line":76,"column":2},"end":{"line":149,"column":4}},"17":{"start":{"line":108,"column":30},"end":{"line":108,"column":47}},"18":{"start":{"line":116,"column":27},"end":{"line":116,"column":46}},"19":{"start":{"line":127,"column":16},"end":{"line":127,"column":34}},"20":{"start":{"line":128,"column":16},"end":{"line":128,"column":36}}},"fnMap":{"0":{"name":"(anonymous_0)","decl":{"start":{"line":20,"column":12},"end":{"line":20,"column":13}},"loc":{"start":{"line":20,"column":18},"end":{"line":150,"column":1}},"line":20},"1":{"name":"(anonymous_1)","decl":{"start":{"line":60,"column":23},"end":{"line":60,"column":24}},"loc":{"start":{"line":60,"column":29},"end":{"line":62,"column":3}},"line":60},"2":{"name":"(anonymous_2)","decl":{"start":{"line":64,"column":37},"end":{"line":64,"column":38}},"loc":{"start":{"line":64,"column":43},"end":{"line":66,"column":3}},"line":64},"3":{"name":"(anonymous_3)","decl":{"start":{"line":65,"column":17},"end":{"line":65,"column":18}},"loc":{"start":{"line":65,"column":30},"end":{"line":65,"column":40}},"line":65},"4":{"name":"(anonymous_4)","decl":{"start":{"line":68,"column":12},"end":{"line":68,"column":13}},"loc":{"start":{"line":68,"column":18},"end":{"line":74,"column":3}},"line":68},"5":{"name":"(anonymous_5)","decl":{"start":{"line":71,"column":11},"end":{"line":71,"column":12}},"loc":{"start":{"line":71,"column":17},"end":{"line":73,"column":5}},"line":71},"6":{"name":"(anonymous_6)","decl":{"start":{"line":108,"column":23},"end":{"line":108,"column":24}},"loc":{"start":{"line":108,"column":30},"end":{"line":108,"column":47}},"line":108},"7":{"name":"(anonymous_7)","decl":{"start":{"line":116,"column":21},"end":{"line":116,"column":22}},"loc":{"start":{"line":116,"column":27},"end":{"line":116,"column":46}},"line":116},"8":{"name":"(anonymous_8)","decl":{"start":{"line":126,"column":23},"end":{"line":126,"column":24}},"loc":{"start":{"line":126,"column":30},"end":{"line":129,"column":15}},"line":126}},"branchMap":{"0":{"loc":{"start":{"line":81,"column":13},"end":{"line":81,"column":89}},"type":"binary-expr","locations":[{"start":{"line":81,"column":13},"end":{"line":81,"column":28}},{"start":{"line":81,"column":32},"end":{"line":81,"column":89}}],"line":81},"1":{"loc":{"start":{"line":83,"column":15},"end":{"line":83,"column":104}},"type":"cond-expr","locations":[{"start":{"line":83,"column":27},"end":{"line":83,"column":65}},{"start":{"line":83,"column":68},"end":{"line":83,"column":104}}],"line":83},"2":{"loc":{"start":{"line":100,"column":9},"end":{"line":132,"column":9}},"type":"cond-expr","locations":[{"start":{"line":101,"column":10},"end":{"line":110,"column":18}},{"start":{"line":112,"column":10},"end":{"line":131,"column":19}}],"line":100}},"s":{"0":1,"1":3,"2":2,"3":2,"4":2,"5":2,"6":2,"7":2,"8":0,"9":2,"10":0,"11":0,"12":2,"13":2,"14":2,"15":2,"16":2,"17":0,"18":0,"19":0,"20":0},"f":{"0":3,"1":0,"2":0,"3":0,"4":2,"5":2,"6":0,"7":0,"8":0},"b":{"0":[2,2],"1":[0,2],"2":[2,0]},"_coverageSchema":"1a1c01bbd47fc00a2c39e90264f33305004495a9","hash":"6ed69e8b5f8bde34389f3b9809b549e5b3f3d018"}
}
