{"/home/runner/work/lizards-inc-fe/lizards-inc-fe/libs/auth/src/index.ts": {"path":"/home/runner/work/lizards-inc-fe/lizards-inc-fe/libs/auth/src/index.ts","statementMap":{},"fnMap":{},"branchMap":{},"s":{},"f":{},"b":{},"_coverageSchema":"1a1c01bbd47fc00a2c39e90264f33305004495a9","hash":"da9f6af6bd9af81c05e1795c010e8adbeeb42878"}
,"/home/runner/work/lizards-inc-fe/lizards-inc-fe/libs/auth/src/lib/AuthProvider.tsx": {"path":"/home/runner/work/lizards-inc-fe/lizards-inc-fe/libs/auth/src/lib/AuthProvider.tsx","statementMap":{"0":{"start":{"line":20,"column":20},"end":{"line":20,"column":70}},"1":{"start":{"line":25,"column":28},"end":{"line":69,"column":1}},"2":{"start":{"line":26,"column":44},"end":{"line":26,"column":68}},"3":{"start":{"line":28,"column":2},"end":{"line":40,"column":9}},"4":{"start":{"line":29,"column":17},"end":{"line":29,"column":93}},"5":{"start":{"line":31,"column":4},"end":{"line":37,"column":5}},"6":{"start":{"line":32,"column":6},"end":{"line":32,"column":36}},"7":{"start":{"line":33,"column":6},"end":{"line":33,"column":29}},"8":{"start":{"line":34,"column":6},"end":{"line":36,"column":8}},"9":{"start":{"line":39,"column":4},"end":{"line":39,"column":59}},"10":{"start":{"line":42,"column":16},"end":{"line":53,"column":3}},"11":{"start":{"line":43,"column":4},"end":{"line":43,"column":65}},"12":{"start":{"line":44,"column":4},"end":{"line":44,"column":27}},"13":{"start":{"line":46,"column":17},"end":{"line":46,"column":91}},"14":{"start":{"line":48,"column":4},"end":{"line":52,"column":5}},"15":{"start":{"line":49,"column":6},"end":{"line":51,"column":8}},"16":{"start":{"line":55,"column":17},"end":{"line":60,"column":3}},"17":{"start":{"line":56,"column":4},"end":{"line":56,"column":42}},"18":{"start":{"line":57,"column":4},"end":{"line":57,"column":28}},"19":{"start":{"line":58,"column":4},"end":{"line":58,"column":19}},"20":{"start":{"line":59,"column":4},"end":{"line":59,"column":58}},"21":{"start":{"line":62,"column":30},"end":{"line":62,"column":111}},"22":{"start":{"line":62,"column":45},"end":{"line":62,"column":77}},"23":{"start":{"line":64,"column":2},"end":{"line":68,"column":4}},"24":{"start":{"line":71,"column":30},"end":{"line":77,"column":1}},"25":{"start":{"line":72,"column":18},"end":{"line":72,"column":41}},"26":{"start":{"line":73,"column":2},"end":{"line":75,"column":3}},"27":{"start":{"line":74,"column":4},"end":{"line":74,"column":73}},"28":{"start":{"line":76,"column":2},"end":{"line":76,"column":17}}},"fnMap":{"0":{"name":"(anonymous_0)","decl":{"start":{"line":25,"column":28},"end":{"line":25,"column":29}},"loc":{"start":{"line":25,"column":53},"end":{"line":69,"column":1}},"line":25},"1":{"name":"(anonymous_1)","decl":{"start":{"line":28,"column":12},"end":{"line":28,"column":13}},"loc":{"start":{"line":28,"column":18},"end":{"line":40,"column":3}},"line":28},"2":{"name":"(anonymous_2)","decl":{"start":{"line":42,"column":16},"end":{"line":42,"column":17}},"loc":{"start":{"line":42,"column":50},"end":{"line":53,"column":3}},"line":42},"3":{"name":"(anonymous_3)","decl":{"start":{"line":55,"column":17},"end":{"line":55,"column":18}},"loc":{"start":{"line":55,"column":23},"end":{"line":60,"column":3}},"line":55},"4":{"name":"(anonymous_4)","decl":{"start":{"line":62,"column":38},"end":{"line":62,"column":39}},"loc":{"start":{"line":62,"column":45},"end":{"line":62,"column":77}},"line":62},"5":{"name":"(anonymous_5)","decl":{"start":{"line":71,"column":30},"end":{"line":71,"column":31}},"loc":{"start":{"line":71,"column":36},"end":{"line":77,"column":1}},"line":71}},"branchMap":{"0":{"loc":{"start":{"line":29,"column":28},"end":{"line":29,"column":70}},"type":"binary-expr","locations":[{"start":{"line":29,"column":28},"end":{"line":29,"column":62}},{"start":{"line":29,"column":66},"end":{"line":29,"column":70}}],"line":29},"1":{"loc":{"start":{"line":31,"column":4},"end":{"line":37,"column":5}},"type":"if","locations":[{"start":{"line":31,"column":4},"end":{"line":37,"column":5}},{"start":{},"end":{}}],"line":31},"2":{"loc":{"start":{"line":46,"column":28},"end":{"line":46,"column":68}},"type":"binary-expr","locations":[{"start":{"line":46,"column":28},"end":{"line":46,"column":62}},{"start":{"line":46,"column":66},"end":{"line":46,"column":68}}],"line":46},"3":{"loc":{"start":{"line":48,"column":4},"end":{"line":52,"column":5}},"type":"if","locations":[{"start":{"line":48,"column":4},"end":{"line":52,"column":5}},{"start":{},"end":{}}],"line":48},"4":{"loc":{"start":{"line":73,"column":2},"end":{"line":75,"column":3}},"type":"if","locations":[{"start":{"line":73,"column":2},"end":{"line":75,"column":3}},{"start":{},"end":{}}],"line":73}},"s":{"0":7,"1":7,"2":14,"3":14,"4":14,"5":14,"6":0,"7":0,"8":0,"9":14,"10":14,"11":0,"12":0,"13":0,"14":0,"15":0,"16":14,"17":0,"18":0,"19":0,"20":0,"21":14,"22":14,"23":14,"24":7,"25":23,"26":23,"27":0,"28":23},"f":{"0":14,"1":14,"2":0,"3":0,"4":14,"5":23},"b":{"0":[14,14],"1":[0,14],"2":[0,0],"3":[0,0],"4":[0,23]},"_coverageSchema":"1a1c01bbd47fc00a2c39e90264f33305004495a9","hash":"46bfc274993a19ff852827f88d0176c0f83eae8d"}
,"/home/runner/work/lizards-inc-fe/lizards-inc-fe/libs/fetcher/src/index.ts": {"path":"/home/runner/work/lizards-inc-fe/lizards-inc-fe/libs/fetcher/src/index.ts","statementMap":{},"fnMap":{},"branchMap":{},"s":{},"f":{},"b":{},"_coverageSchema":"1a1c01bbd47fc00a2c39e90264f33305004495a9","hash":"5f32ff82fbffe1c14eee5259e81b499525fd0b26"}
,"/home/runner/work/lizards-inc-fe/lizards-inc-fe/libs/fetcher/src/lib/ApiUrl.ts": {"path":"/home/runner/work/lizards-inc-fe/lizards-inc-fe/libs/fetcher/src/lib/ApiUrl.ts","statementMap":{"0":{"start":{"line":1,"column":22},"end":{"line":1,"column":44}}},"fnMap":{},"branchMap":{},"s":{"0":6},"f":{},"b":{},"_coverageSchema":"1a1c01bbd47fc00a2c39e90264f33305004495a9","hash":"139b49df773f67ff067e5fea6a570a4815df44e4"}
,"/home/runner/work/lizards-inc-fe/lizards-inc-fe/libs/fetcher/src/lib/useDeleteRequest.ts": {"path":"/home/runner/work/lizards-inc-fe/lizards-inc-fe/libs/fetcher/src/lib/useDeleteRequest.ts","statementMap":{"0":{"start":{"line":11,"column":32},"end":{"line":33,"column":1}},"1":{"start":{"line":16,"column":28},"end":{"line":16,"column":44}},"2":{"start":{"line":18,"column":63},"end":{"line":22,"column":3}},"3":{"start":{"line":24,"column":2},"end":{"line":26,"column":3}},"4":{"start":{"line":25,"column":4},"end":{"line":25,"column":36}},"5":{"start":{"line":28,"column":2},"end":{"line":30,"column":3}},"6":{"start":{"line":29,"column":4},"end":{"line":29,"column":40}},"7":{"start":{"line":32,"column":2},"end":{"line":32,"column":83}}},"fnMap":{"0":{"name":"(anonymous_0)","decl":{"start":{"line":11,"column":32},"end":{"line":11,"column":33}},"loc":{"start":{"line":15,"column":43},"end":{"line":33,"column":1}},"line":15}},"branchMap":{"0":{"loc":{"start":{"line":24,"column":2},"end":{"line":26,"column":3}},"type":"if","locations":[{"start":{"line":24,"column":2},"end":{"line":26,"column":3}},{"start":{},"end":{}}],"line":24},"1":{"loc":{"start":{"line":28,"column":2},"end":{"line":30,"column":3}},"type":"if","locations":[{"start":{"line":28,"column":2},"end":{"line":30,"column":3}},{"start":{},"end":{}}],"line":28},"2":{"loc":{"start":{"line":32,"column":39},"end":{"line":32,"column":81}},"type":"cond-expr","locations":[{"start":{"line":32,"column":55},"end":{"line":32,"column":74}},{"start":{"line":32,"column":77},"end":{"line":32,"column":81}}],"line":32}},"s":{"0":6,"1":0,"2":0,"3":0,"4":0,"5":0,"6":0,"7":0},"f":{"0":0},"b":{"0":[0,0],"1":[0,0],"2":[0,0]},"_coverageSchema":"1a1c01bbd47fc00a2c39e90264f33305004495a9","hash":"156fea4a5f4b0aa49cdd7f436e370ca72cad3b18"}
,"/home/runner/work/lizards-inc-fe/lizards-inc-fe/libs/fetcher/src/lib/useGetRequest.ts": {"path":"/home/runner/work/lizards-inc-fe/lizards-inc-fe/libs/fetcher/src/lib/useGetRequest.ts","statementMap":{"0":{"start":{"line":11,"column":29},"end":{"line":27,"column":1}},"1":{"start":{"line":15,"column":28},"end":{"line":15,"column":44}},"2":{"start":{"line":16,"column":47},"end":{"line":20,"column":3}},"3":{"start":{"line":22,"column":2},"end":{"line":24,"column":3}},"4":{"start":{"line":23,"column":4},"end":{"line":23,"column":37}},"5":{"start":{"line":26,"column":2},"end":{"line":26,"column":74}}},"fnMap":{"0":{"name":"(anonymous_0)","decl":{"start":{"line":11,"column":29},"end":{"line":11,"column":30}},"loc":{"start":{"line":14,"column":27},"end":{"line":27,"column":1}},"line":14}},"branchMap":{"0":{"loc":{"start":{"line":22,"column":2},"end":{"line":24,"column":3}},"type":"if","locations":[{"start":{"line":22,"column":2},"end":{"line":24,"column":3}},{"start":{},"end":{}}],"line":22},"1":{"loc":{"start":{"line":26,"column":33},"end":{"line":26,"column":72}},"type":"cond-expr","locations":[{"start":{"line":26,"column":49},"end":{"line":26,"column":65}},{"start":{"line":26,"column":68},"end":{"line":26,"column":72}}],"line":26}},"s":{"0":6,"1":6,"2":6,"3":6,"4":1,"5":6},"f":{"0":6},"b":{"0":[1,5],"1":[0,6]},"_coverageSchema":"1a1c01bbd47fc00a2c39e90264f33305004495a9","hash":"a1138f205db1d63656c9e8a2c2861c53de4057c4"}
,"/home/runner/work/lizards-inc-fe/lizards-inc-fe/libs/fetcher/src/lib/useMutateRequest.ts": {"path":"/home/runner/work/lizards-inc-fe/lizards-inc-fe/libs/fetcher/src/lib/useMutateRequest.ts","statementMap":{"0":{"start":{"line":30,"column":6},"end":{"line":47,"column":3}},"1":{"start":{"line":33,"column":10},"end":{"line":33,"column":39}},"2":{"start":{"line":49,"column":2},"end":{"line":56,"column":4}}},"fnMap":{"0":{"name":"useMutateRequest","decl":{"start":{"line":20,"column":16},"end":{"line":20,"column":32}},"loc":{"start":{"line":23,"column":23},"end":{"line":57,"column":1}},"line":23},"1":{"name":"(anonymous_1)","decl":{"start":{"line":33,"column":4},"end":{"line":33,"column":5}},"loc":{"start":{"line":33,"column":10},"end":{"line":33,"column":39}},"line":33}},"branchMap":{"0":{"loc":{"start":{"line":50,"column":10},"end":{"line":50,"column":35}},"type":"binary-expr","locations":[{"start":{"line":50,"column":10},"end":{"line":50,"column":18}},{"start":{"line":50,"column":22},"end":{"line":50,"column":35}}],"line":50}},"s":{"0":14,"1":0,"2":14},"f":{"0":14,"1":0},"b":{"0":[14,0]},"_coverageSchema":"1a1c01bbd47fc00a2c39e90264f33305004495a9","hash":"9168e65cb26def13da76c9218aa84139de1d88fd"}
,"/home/runner/work/lizards-inc-fe/lizards-inc-fe/libs/fetcher/src/lib/usePostRequest.ts": {"path":"/home/runner/work/lizards-inc-fe/lizards-inc-fe/libs/fetcher/src/lib/usePostRequest.ts","statementMap":{"0":{"start":{"line":12,"column":30},"end":{"line":38,"column":1}},"1":{"start":{"line":17,"column":28},"end":{"line":17,"column":44}},"2":{"start":{"line":19,"column":61},"end":{"line":23,"column":3}},"3":{"start":{"line":25,"column":2},"end":{"line":27,"column":3}},"4":{"start":{"line":26,"column":4},"end":{"line":26,"column":34}},"5":{"start":{"line":29,"column":2},"end":{"line":31,"column":3}},"6":{"start":{"line":30,"column":4},"end":{"line":30,"column":38}},"7":{"start":{"line":33,"column":22},"end":{"line":35,"column":11}},"8":{"start":{"line":34,"column":4},"end":{"line":34,"column":37}},"9":{"start":{"line":37,"column":2},"end":{"line":37,"column":96}}},"fnMap":{"0":{"name":"(anonymous_0)","decl":{"start":{"line":12,"column":30},"end":{"line":12,"column":31}},"loc":{"start":{"line":16,"column":41},"end":{"line":38,"column":1}},"line":16},"1":{"name":"(anonymous_1)","decl":{"start":{"line":33,"column":30},"end":{"line":33,"column":31}},"loc":{"start":{"line":33,"column":36},"end":{"line":35,"column":3}},"line":33}},"branchMap":{"0":{"loc":{"start":{"line":25,"column":2},"end":{"line":27,"column":3}},"type":"if","locations":[{"start":{"line":25,"column":2},"end":{"line":27,"column":3}},{"start":{},"end":{}}],"line":25},"1":{"loc":{"start":{"line":29,"column":2},"end":{"line":31,"column":3}},"type":"if","locations":[{"start":{"line":29,"column":2},"end":{"line":31,"column":3}},{"start":{},"end":{}}],"line":29},"2":{"loc":{"start":{"line":37,"column":39},"end":{"line":37,"column":94}},"type":"cond-expr","locations":[{"start":{"line":37,"column":70},"end":{"line":37,"column":87}},{"start":{"line":37,"column":90},"end":{"line":37,"column":94}}],"line":37},"3":{"loc":{"start":{"line":37,"column":39},"end":{"line":37,"column":67}},"type":"binary-expr","locations":[{"start":{"line":37,"column":39},"end":{"line":37,"column":52}},{"start":{"line":37,"column":56},"end":{"line":37,"column":67}}],"line":37}},"s":{"0":6,"1":2,"2":2,"3":2,"4":2,"5":2,"6":0,"7":2,"8":2,"9":2},"f":{"0":2,"1":2},"b":{"0":[2,0],"1":[0,2],"2":[2,0],"3":[2,2]},"_coverageSchema":"1a1c01bbd47fc00a2c39e90264f33305004495a9","hash":"8f6634b7bfc2d0ae30ee1c7edff6442010f028e7"}
,"/home/runner/work/lizards-inc-fe/lizards-inc-fe/libs/fetcher/src/lib/usePutRequest.ts": {"path":"/home/runner/work/lizards-inc-fe/lizards-inc-fe/libs/fetcher/src/lib/usePutRequest.ts","statementMap":{"0":{"start":{"line":11,"column":29},"end":{"line":33,"column":1}},"1":{"start":{"line":16,"column":28},"end":{"line":16,"column":44}},"2":{"start":{"line":18,"column":60},"end":{"line":22,"column":3}},"3":{"start":{"line":24,"column":2},"end":{"line":26,"column":3}},"4":{"start":{"line":25,"column":4},"end":{"line":25,"column":33}},"5":{"start":{"line":28,"column":2},"end":{"line":30,"column":3}},"6":{"start":{"line":29,"column":4},"end":{"line":29,"column":37}},"7":{"start":{"line":32,"column":2},"end":{"line":32,"column":80}}},"fnMap":{"0":{"name":"(anonymous_0)","decl":{"start":{"line":11,"column":29},"end":{"line":11,"column":30}},"loc":{"start":{"line":15,"column":40},"end":{"line":33,"column":1}},"line":15}},"branchMap":{"0":{"loc":{"start":{"line":24,"column":2},"end":{"line":26,"column":3}},"type":"if","locations":[{"start":{"line":24,"column":2},"end":{"line":26,"column":3}},{"start":{},"end":{}}],"line":24},"1":{"loc":{"start":{"line":28,"column":2},"end":{"line":30,"column":3}},"type":"if","locations":[{"start":{"line":28,"column":2},"end":{"line":30,"column":3}},{"start":{},"end":{}}],"line":28},"2":{"loc":{"start":{"line":32,"column":39},"end":{"line":32,"column":78}},"type":"cond-expr","locations":[{"start":{"line":32,"column":55},"end":{"line":32,"column":71}},{"start":{"line":32,"column":74},"end":{"line":32,"column":78}}],"line":32}},"s":{"0":6,"1":12,"2":12,"3":12,"4":4,"5":12,"6":0,"7":12},"f":{"0":12},"b":{"0":[4,8],"1":[0,12],"2":[0,12]},"_coverageSchema":"1a1c01bbd47fc00a2c39e90264f33305004495a9","hash":"56aca0143c0602bf79e2ae8c8e44501401b3e350"}
,"/home/runner/work/lizards-inc-fe/lizards-inc-fe/libs/fetcher/src/lib/useRequest.ts": {"path":"/home/runner/work/lizards-inc-fe/lizards-inc-fe/libs/fetcher/src/lib/useRequest.ts","statementMap":{"0":{"start":{"line":27,"column":6},"end":{"line":48,"column":3}},"1":{"start":{"line":34,"column":10},"end":{"line":34,"column":39}},"2":{"start":{"line":50,"column":2},"end":{"line":57,"column":4}}},"fnMap":{"0":{"name":"useRequest","decl":{"start":{"line":17,"column":16},"end":{"line":17,"column":26}},"loc":{"start":{"line":20,"column":23},"end":{"line":58,"column":1}},"line":20},"1":{"name":"(anonymous_1)","decl":{"start":{"line":34,"column":4},"end":{"line":34,"column":5}},"loc":{"start":{"line":34,"column":10},"end":{"line":34,"column":39}},"line":34}},"branchMap":{"0":{"loc":{"start":{"line":19,"column":2},"end":{"line":19,"column":55}},"type":"default-arg","locations":[{"start":{"line":19,"column":53},"end":{"line":19,"column":55}}],"line":19},"1":{"loc":{"start":{"line":38,"column":8},"end":{"line":46,"column":33}},"type":"binary-expr","locations":[{"start":{"line":38,"column":8},"end":{"line":38,"column":20}},{"start":{"line":39,"column":9},"end":{"line":46,"column":32}}],"line":38},"2":{"loc":{"start":{"line":51,"column":10},"end":{"line":51,"column":35}},"type":"binary-expr","locations":[{"start":{"line":51,"column":10},"end":{"line":51,"column":18}},{"start":{"line":51,"column":22},"end":{"line":51,"column":35}}],"line":51}},"s":{"0":6,"1":0,"2":6},"f":{"0":6,"1":0},"b":{"0":[6],"1":[6,0],"2":[6,0]},"_coverageSchema":"1a1c01bbd47fc00a2c39e90264f33305004495a9","hash":"7a59c8938e5f692bd6525726150d875668cbc6e1"}
,"/home/runner/work/lizards-inc-fe/lizards-inc-fe/libs/home/src/lib/Home.tsx": {"path":"/home/runner/work/lizards-inc-fe/lizards-inc-fe/libs/home/src/lib/Home.tsx","statementMap":{"0":{"start":{"line":18,"column":20},"end":{"line":114,"column":1}},"1":{"start":{"line":19,"column":77},"end":{"line":21,"column":4}},"2":{"start":{"line":22,"column":31},"end":{"line":22,"column":89}},"3":{"start":{"line":23,"column":37},"end":{"line":29,"column":4}},"4":{"start":{"line":31,"column":2},"end":{"line":113,"column":4}},"5":{"start":{"line":59,"column":92},"end":{"line":62,"column":17}},"6":{"start":{"line":81,"column":92},"end":{"line":84,"column":17}},"7":{"start":{"line":101,"column":92},"end":{"line":104,"column":17}}},"fnMap":{"0":{"name":"(anonymous_0)","decl":{"start":{"line":18,"column":20},"end":{"line":18,"column":21}},"loc":{"start":{"line":18,"column":26},"end":{"line":114,"column":1}},"line":18},"1":{"name":"(anonymous_1)","decl":{"start":{"line":59,"column":76},"end":{"line":59,"column":77}},"loc":{"start":{"line":59,"column":92},"end":{"line":62,"column":17}},"line":59},"2":{"name":"(anonymous_2)","decl":{"start":{"line":81,"column":76},"end":{"line":81,"column":77}},"loc":{"start":{"line":81,"column":92},"end":{"line":84,"column":17}},"line":81},"3":{"name":"(anonymous_3)","decl":{"start":{"line":101,"column":76},"end":{"line":101,"column":77}},"loc":{"start":{"line":101,"column":92},"end":{"line":104,"column":17}},"line":101}},"branchMap":{"0":{"loc":{"start":{"line":39,"column":13},"end":{"line":43,"column":13}},"type":"cond-expr","locations":[{"start":{"line":40,"column":14},"end":{"line":40,"column":81}},{"start":{"line":42,"column":14},"end":{"line":42,"column":102}}],"line":39},"1":{"loc":{"start":{"line":56,"column":28},"end":{"line":58,"column":29}},"type":"cond-expr","locations":[{"start":{"line":57,"column":20},"end":{"line":57,"column":102}},{"start":{"line":58,"column":20},"end":{"line":58,"column":29}}],"line":56},"2":{"loc":{"start":{"line":64,"column":73},"end":{"line":64,"column":108}},"type":"binary-expr","locations":[{"start":{"line":64,"column":73},"end":{"line":64,"column":103}},{"start":{"line":64,"column":107},"end":{"line":64,"column":108}}],"line":64},"3":{"loc":{"start":{"line":78,"column":28},"end":{"line":80,"column":29}},"type":"cond-expr","locations":[{"start":{"line":79,"column":20},"end":{"line":79,"column":96}},{"start":{"line":80,"column":20},"end":{"line":80,"column":29}}],"line":78},"4":{"loc":{"start":{"line":86,"column":70},"end":{"line":86,"column":102}},"type":"binary-expr","locations":[{"start":{"line":86,"column":70},"end":{"line":86,"column":97}},{"start":{"line":86,"column":101},"end":{"line":86,"column":102}}],"line":86},"5":{"loc":{"start":{"line":100,"column":28},"end":{"line":100,"column":119}},"type":"cond-expr","locations":[{"start":{"line":100,"column":41},"end":{"line":100,"column":107}},{"start":{"line":100,"column":110},"end":{"line":100,"column":119}}],"line":100},"6":{"loc":{"start":{"line":106,"column":65},"end":{"line":106,"column":92}},"type":"binary-expr","locations":[{"start":{"line":106,"column":65},"end":{"line":106,"column":87}},{"start":{"line":106,"column":91},"end":{"line":106,"column":92}}],"line":106}},"s":{"0":1,"1":1,"2":1,"3":1,"4":1,"5":0,"6":0,"7":0},"f":{"0":1,"1":0,"2":0,"3":0},"b":{"0":[0,1],"1":[0,1],"2":[1,1],"3":[0,1],"4":[1,1],"5":[0,1],"6":[1,1]},"_coverageSchema":"1a1c01bbd47fc00a2c39e90264f33305004495a9","hash":"9686e03728b41c39c61e6911ba627aa63bd7782a"}
,"/home/runner/work/lizards-inc-fe/lizards-inc-fe/libs/home/src/lib/assets/co2-icon.png": {"path":"/home/runner/work/lizards-inc-fe/lizards-inc-fe/libs/home/src/lib/assets/co2-icon.png","statementMap":{"0":{"start":{"line":1,"column":0},"end":{"line":1,"column":32}}},"fnMap":{},"branchMap":{},"s":{"0":1},"f":{},"b":{},"_coverageSchema":"1a1c01bbd47fc00a2c39e90264f33305004495a9","hash":"b3ad91ccea616614d65a15c08f6167c7d62bf809"}
,"/home/runner/work/lizards-inc-fe/lizards-inc-fe/libs/home/src/lib/assets/humidity-icon.png": {"path":"/home/runner/work/lizards-inc-fe/lizards-inc-fe/libs/home/src/lib/assets/humidity-icon.png","statementMap":{"0":{"start":{"line":1,"column":0},"end":{"line":1,"column":37}}},"fnMap":{},"branchMap":{},"s":{"0":1},"f":{},"b":{},"_coverageSchema":"1a1c01bbd47fc00a2c39e90264f33305004495a9","hash":"2d8a832da4bdd4064518fbed113e0bdfda44ddcb"}
,"/home/runner/work/lizards-inc-fe/lizards-inc-fe/libs/home/src/lib/assets/temperature-icon.png": {"path":"/home/runner/work/lizards-inc-fe/lizards-inc-fe/libs/home/src/lib/assets/temperature-icon.png","statementMap":{"0":{"start":{"line":1,"column":0},"end":{"line":1,"column":40}}},"fnMap":{},"branchMap":{},"s":{"0":1},"f":{},"b":{},"_coverageSchema":"1a1c01bbd47fc00a2c39e90264f33305004495a9","hash":"406f98707977e78c083f64a6ce0a32a41f53327f"}
,"/home/runner/work/lizards-inc-fe/lizards-inc-fe/libs/home/src/lib/components/MeasurementCard.tsx": {"path":"/home/runner/work/lizards-inc-fe/lizards-inc-fe/libs/home/src/lib/components/MeasurementCard.tsx","statementMap":{"0":{"start":{"line":11,"column":31},"end":{"line":32,"column":1}},"1":{"start":{"line":12,"column":2},"end":{"line":31,"column":4}}},"fnMap":{"0":{"name":"(anonymous_0)","decl":{"start":{"line":11,"column":31},"end":{"line":11,"column":32}},"loc":{"start":{"line":11,"column":107},"end":{"line":32,"column":1}},"line":11}},"branchMap":{"0":{"loc":{"start":{"line":14,"column":7},"end":{"line":29,"column":7}},"type":"cond-expr","locations":[{"start":{"line":15,"column":8},"end":{"line":21,"column":11}},{"start":{"line":23,"column":8},"end":{"line":28,"column":10}}],"line":14}},"s":{"0":3,"1":18},"f":{"0":18},"b":{"0":[4,14]},"_coverageSchema":"1a1c01bbd47fc00a2c39e90264f33305004495a9","hash":"e1e8b91f1af3ee5a1812ad1ba1da48dd53ca3467"}
,"/home/runner/work/lizards-inc-fe/lizards-inc-fe/libs/home/src/lib/components/MeasurementContainer.tsx": {"path":"/home/runner/work/lizards-inc-fe/lizards-inc-fe/libs/home/src/lib/components/MeasurementContainer.tsx","statementMap":{"0":{"start":{"line":38,"column":36},"end":{"line":117,"column":1}},"1":{"start":{"line":39,"column":46},"end":{"line":39,"column":61}},"2":{"start":{"line":40,"column":40},"end":{"line":40,"column":58}},"3":{"start":{"line":41,"column":44},"end":{"line":41,"column":71}},"4":{"start":{"line":43,"column":39},"end":{"line":50,"column":3}},"5":{"start":{"line":44,"column":11},"end":{"line":48,"column":5}},"6":{"start":{"line":52,"column":39},"end":{"line":59,"column":3}},"7":{"start":{"line":53,"column":11},"end":{"line":57,"column":5}},"8":{"start":{"line":61,"column":2},"end":{"line":74,"column":95}},"9":{"start":{"line":62,"column":4},"end":{"line":64,"column":5}},"10":{"start":{"line":63,"column":6},"end":{"line":63,"column":59}},"11":{"start":{"line":66,"column":4},"end":{"line":73,"column":5}},"12":{"start":{"line":67,"column":6},"end":{"line":69,"column":7}},"13":{"start":{"line":68,"column":8},"end":{"line":68,"column":70}},"14":{"start":{"line":70,"column":6},"end":{"line":72,"column":7}},"15":{"start":{"line":71,"column":8},"end":{"line":71,"column":70}},"16":{"start":{"line":76,"column":24},"end":{"line":76,"column":72}},"17":{"start":{"line":76,"column":30},"end":{"line":76,"column":72}},"18":{"start":{"line":76,"column":61},"end":{"line":76,"column":71}},"19":{"start":{"line":78,"column":2},"end":{"line":116,"column":4}}},"fnMap":{"0":{"name":"(anonymous_0)","decl":{"start":{"line":38,"column":36},"end":{"line":38,"column":37}},"loc":{"start":{"line":38,"column":115},"end":{"line":117,"column":1}},"line":38},"1":{"name":"(anonymous_1)","decl":{"start":{"line":44,"column":4},"end":{"line":44,"column":5}},"loc":{"start":{"line":44,"column":11},"end":{"line":48,"column":5}},"line":44},"2":{"name":"(anonymous_2)","decl":{"start":{"line":53,"column":4},"end":{"line":53,"column":5}},"loc":{"start":{"line":53,"column":11},"end":{"line":57,"column":5}},"line":53},"3":{"name":"(anonymous_3)","decl":{"start":{"line":61,"column":12},"end":{"line":61,"column":13}},"loc":{"start":{"line":61,"column":18},"end":{"line":74,"column":3}},"line":61},"4":{"name":"(anonymous_4)","decl":{"start":{"line":76,"column":24},"end":{"line":76,"column":25}},"loc":{"start":{"line":76,"column":30},"end":{"line":76,"column":72}},"line":76},"5":{"name":"(anonymous_5)","decl":{"start":{"line":76,"column":48},"end":{"line":76,"column":49}},"loc":{"start":{"line":76,"column":61},"end":{"line":76,"column":71}},"line":76}},"branchMap":{"0":{"loc":{"start":{"line":62,"column":4},"end":{"line":64,"column":5}},"type":"if","locations":[{"start":{"line":62,"column":4},"end":{"line":64,"column":5}},{"start":{},"end":{}}],"line":62},"1":{"loc":{"start":{"line":66,"column":4},"end":{"line":73,"column":5}},"type":"if","locations":[{"start":{"line":66,"column":4},"end":{"line":73,"column":5}},{"start":{},"end":{}}],"line":66},"2":{"loc":{"start":{"line":66,"column":8},"end":{"line":66,"column":55}},"type":"binary-expr","locations":[{"start":{"line":66,"column":8},"end":{"line":66,"column":27}},{"start":{"line":66,"column":31},"end":{"line":66,"column":55}}],"line":66},"3":{"loc":{"start":{"line":67,"column":6},"end":{"line":69,"column":7}},"type":"if","locations":[{"start":{"line":67,"column":6},"end":{"line":69,"column":7}},{"start":{},"end":{}}],"line":67},"4":{"loc":{"start":{"line":70,"column":6},"end":{"line":72,"column":7}},"type":"if","locations":[{"start":{"line":70,"column":6},"end":{"line":72,"column":7}},{"start":{},"end":{}}],"line":70},"5":{"loc":{"start":{"line":85,"column":17},"end":{"line":85,"column":54}},"type":"binary-expr","locations":[{"start":{"line":85,"column":17},"end":{"line":85,"column":48}},{"start":{"line":85,"column":52},"end":{"line":85,"column":54}}],"line":85},"6":{"loc":{"start":{"line":88,"column":9},"end":{"line":94,"column":9}},"type":"cond-expr","locations":[{"start":{"line":89,"column":10},"end":{"line":91,"column":16}},{"start":{"line":93,"column":10},"end":{"line":93,"column":72}}],"line":88},"7":{"loc":{"start":{"line":102,"column":50},"end":{"line":102,"column":87}},"type":"cond-expr","locations":[{"start":{"line":102,"column":67},"end":{"line":102,"column":75}},{"start":{"line":102,"column":78},"end":{"line":102,"column":87}}],"line":102}},"s":{"0":2,"1":15,"2":15,"3":15,"4":15,"5":8,"6":15,"7":8,"8":15,"9":8,"10":5,"11":8,"12":5,"13":1,"14":5,"15":1,"16":15,"17":2,"18":2,"19":15},"f":{"0":15,"1":8,"2":8,"3":8,"4":2,"5":2},"b":{"0":[5,3],"1":[5,3],"2":[8,5],"3":[1,4],"4":[1,4],"5":[15,0],"6":[13,2],"7":[1,14]},"_coverageSchema":"1a1c01bbd47fc00a2c39e90264f33305004495a9","hash":"f256b8d30e3c0a538c56964ef03d8748af411b09"}
,"/home/runner/work/lizards-inc-fe/lizards-inc-fe/libs/home/src/lib/components/MeasurementDiagramWithReferenceLine.tsx": {"path":"/home/runner/work/lizards-inc-fe/lizards-inc-fe/libs/home/src/lib/components/MeasurementDiagramWithReferenceLine.tsx","statementMap":{"0":{"start":{"line":30,"column":30},"end":{"line":30,"column":40}},"1":{"start":{"line":32,"column":4},"end":{"line":38,"column":6}},"2":{"start":{"line":42,"column":51},"end":{"line":69,"column":1}},"3":{"start":{"line":51,"column":2},"end":{"line":68,"column":4}},"4":{"start":{"line":61,"column":8},"end":{"line":61,"column":75}}},"fnMap":{"0":{"name":"(anonymous_0)","decl":{"start":{"line":27,"column":2},"end":{"line":27,"column":3}},"loc":{"start":{"line":27,"column":11},"end":{"line":39,"column":3}},"line":27},"1":{"name":"(anonymous_1)","decl":{"start":{"line":42,"column":51},"end":{"line":42,"column":52}},"loc":{"start":{"line":50,"column":48},"end":{"line":69,"column":1}},"line":50},"2":{"name":"(anonymous_2)","decl":{"start":{"line":60,"column":17},"end":{"line":60,"column":18}},"loc":{"start":{"line":61,"column":8},"end":{"line":61,"column":75}},"line":61}},"branchMap":{"0":{"loc":{"start":{"line":51,"column":9},"end":{"line":68,"column":3}},"type":"cond-expr","locations":[{"start":{"line":52,"column":4},"end":{"line":52,"column":113}},{"start":{"line":53,"column":6},"end":{"line":68,"column":3}}],"line":51},"1":{"loc":{"start":{"line":53,"column":6},"end":{"line":68,"column":3}},"type":"cond-expr","locations":[{"start":{"line":54,"column":4},"end":{"line":65,"column":16}},{"start":{"line":67,"column":4},"end":{"line":67,"column":90}}],"line":53},"2":{"loc":{"start":{"line":53,"column":6},"end":{"line":53,"column":29}},"type":"binary-expr","locations":[{"start":{"line":53,"column":6},"end":{"line":53,"column":10}},{"start":{"line":53,"column":14},"end":{"line":53,"column":29}}],"line":53}},"s":{"0":7,"1":7,"2":3,"3":19,"4":2},"f":{"0":7,"1":19,"2":2},"b":{"0":[5,14],"1":[2,12],"2":[14,14]},"_coverageSchema":"1a1c01bbd47fc00a2c39e90264f33305004495a9","hash":"4ee3728cdacb3dd35d0f2188b78112a2046ab811"}
,"/home/runner/work/lizards-inc-fe/lizards-inc-fe/libs/limits-and-boundaries/src/lib/LimitsAndBoundaries.tsx": {"path":"/home/runner/work/lizards-inc-fe/lizards-inc-fe/libs/limits-and-boundaries/src/lib/LimitsAndBoundaries.tsx","statementMap":{"0":{"start":{"line":10,"column":28},"end":{"line":85,"column":1}},"1":{"start":{"line":11,"column":35},"end":{"line":13,"column":4}},"2":{"start":{"line":14,"column":57},"end":{"line":14,"column":108}},"3":{"start":{"line":16,"column":2},"end":{"line":84,"column":4}}},"fnMap":{"0":{"name":"(anonymous_0)","decl":{"start":{"line":10,"column":28},"end":{"line":10,"column":29}},"loc":{"start":{"line":10,"column":34},"end":{"line":85,"column":1}},"line":10}},"branchMap":{},"s":{"0":1,"1":1,"2":1,"3":1},"f":{"0":1},"b":{},"_coverageSchema":"1a1c01bbd47fc00a2c39e90264f33305004495a9","hash":"9cf078fa79cd268aa5569af33a0d5d3e141bfa37"}
,"/home/runner/work/lizards-inc-fe/lizards-inc-fe/libs/limits-and-boundaries/src/lib/components/BoundariesSlider.tsx": {"path":"/home/runner/work/lizards-inc-fe/lizards-inc-fe/libs/limits-and-boundaries/src/lib/components/BoundariesSlider.tsx","statementMap":{"0":{"start":{"line":7,"column":32},"end":{"line":120,"column":1}},"1":{"start":{"line":20,"column":34},"end":{"line":20,"column":62}},"2":{"start":{"line":21,"column":32},"end":{"line":21,"column":59}},"3":{"start":{"line":22,"column":32},"end":{"line":22,"column":59}},"4":{"start":{"line":24,"column":15},"end":{"line":24,"column":29}},"5":{"start":{"line":25,"column":31},"end":{"line":25,"column":61}},"6":{"start":{"line":26,"column":22},"end":{"line":29,"column":4}},"7":{"start":{"line":30,"column":32},"end":{"line":30,"column":62}},"8":{"start":{"line":32,"column":24},"end":{"line":38,"column":3}},"9":{"start":{"line":33,"column":4},"end":{"line":37,"column":5}},"10":{"start":{"line":34,"column":6},"end":{"line":34,"column":28}},"11":{"start":{"line":36,"column":6},"end":{"line":36,"column":19}},"12":{"start":{"line":40,"column":24},"end":{"line":66,"column":3}},"13":{"start":{"line":41,"column":23},"end":{"line":41,"column":43}},"14":{"start":{"line":42,"column":4},"end":{"line":65,"column":5}},"15":{"start":{"line":43,"column":6},"end":{"line":64,"column":7}},"16":{"start":{"line":44,"column":8},"end":{"line":47,"column":11}},"17":{"start":{"line":48,"column":8},"end":{"line":48,"column":42}},"18":{"start":{"line":49,"column":8},"end":{"line":49,"column":42}},"19":{"start":{"line":50,"column":13},"end":{"line":64,"column":7}},"20":{"start":{"line":51,"column":8},"end":{"line":54,"column":11}},"21":{"start":{"line":55,"column":8},"end":{"line":55,"column":39}},"22":{"start":{"line":56,"column":8},"end":{"line":56,"column":39}},"23":{"start":{"line":58,"column":8},"end":{"line":61,"column":11}},"24":{"start":{"line":62,"column":8},"end":{"line":62,"column":34}},"25":{"start":{"line":63,"column":8},"end":{"line":63,"column":34}},"26":{"start":{"line":68,"column":2},"end":{"line":83,"column":44}},"27":{"start":{"line":69,"column":4},"end":{"line":82,"column":5}},"28":{"start":{"line":70,"column":6},"end":{"line":81,"column":11}},"29":{"start":{"line":72,"column":10},"end":{"line":76,"column":11}},"30":{"start":{"line":73,"column":12},"end":{"line":73,"column":84}},"31":{"start":{"line":75,"column":12},"end":{"line":75,"column":76}},"32":{"start":{"line":79,"column":10},"end":{"line":79,"column":31}},"33":{"start":{"line":80,"column":10},"end":{"line":80,"column":79}},"34":{"start":{"line":85,"column":2},"end":{"line":92,"column":21}},"35":{"start":{"line":86,"column":4},"end":{"line":91,"column":5}},"36":{"start":{"line":87,"column":6},"end":{"line":90,"column":9}},"37":{"start":{"line":94,"column":39},"end":{"line":94,"column":46}},"38":{"start":{"line":96,"column":2},"end":{"line":102,"column":3}},"39":{"start":{"line":97,"column":4},"end":{"line":97,"column":111}},"40":{"start":{"line":98,"column":9},"end":{"line":102,"column":3}},"41":{"start":{"line":99,"column":4},"end":{"line":99,"column":105}},"42":{"start":{"line":100,"column":9},"end":{"line":102,"column":3}},"43":{"start":{"line":101,"column":4},"end":{"line":101,"column":95}},"44":{"start":{"line":104,"column":2},"end":{"line":119,"column":4}}},"fnMap":{"0":{"name":"(anonymous_0)","decl":{"start":{"line":7,"column":32},"end":{"line":7,"column":33}},"loc":{"start":{"line":19,"column":6},"end":{"line":120,"column":1}},"line":19},"1":{"name":"(anonymous_1)","decl":{"start":{"line":32,"column":24},"end":{"line":32,"column":25}},"loc":{"start":{"line":32,"column":80},"end":{"line":38,"column":3}},"line":32},"2":{"name":"(anonymous_2)","decl":{"start":{"line":40,"column":24},"end":{"line":40,"column":25}},"loc":{"start":{"line":40,"column":62},"end":{"line":66,"column":3}},"line":40},"3":{"name":"(anonymous_3)","decl":{"start":{"line":68,"column":12},"end":{"line":68,"column":13}},"loc":{"start":{"line":68,"column":18},"end":{"line":83,"column":3}},"line":68},"4":{"name":"(anonymous_4)","decl":{"start":{"line":71,"column":14},"end":{"line":71,"column":15}},"loc":{"start":{"line":71,"column":26},"end":{"line":77,"column":9}},"line":71},"5":{"name":"(anonymous_5)","decl":{"start":{"line":78,"column":15},"end":{"line":78,"column":16}},"loc":{"start":{"line":78,"column":24},"end":{"line":81,"column":9}},"line":78},"6":{"name":"(anonymous_6)","decl":{"start":{"line":85,"column":12},"end":{"line":85,"column":13}},"loc":{"start":{"line":85,"column":18},"end":{"line":92,"column":3}},"line":85}},"branchMap":{"0":{"loc":{"start":{"line":33,"column":4},"end":{"line":37,"column":5}},"type":"if","locations":[{"start":{"line":33,"column":4},"end":{"line":37,"column":5}},{"start":{"line":35,"column":11},"end":{"line":37,"column":5}}],"line":33},"1":{"loc":{"start":{"line":42,"column":4},"end":{"line":65,"column":5}},"type":"if","locations":[{"start":{"line":42,"column":4},"end":{"line":65,"column":5}},{"start":{},"end":{}}],"line":42},"2":{"loc":{"start":{"line":43,"column":6},"end":{"line":64,"column":7}},"type":"if","locations":[{"start":{"line":43,"column":6},"end":{"line":64,"column":7}},{"start":{"line":50,"column":13},"end":{"line":64,"column":7}}],"line":43},"3":{"loc":{"start":{"line":50,"column":13},"end":{"line":64,"column":7}},"type":"if","locations":[{"start":{"line":50,"column":13},"end":{"line":64,"column":7}},{"start":{"line":57,"column":13},"end":{"line":64,"column":7}}],"line":50},"4":{"loc":{"start":{"line":69,"column":4},"end":{"line":82,"column":5}},"type":"if","locations":[{"start":{"line":69,"column":4},"end":{"line":82,"column":5}},{"start":{},"end":{}}],"line":69},"5":{"loc":{"start":{"line":69,"column":8},"end":{"line":69,"column":38}},"type":"binary-expr","locations":[{"start":{"line":69,"column":8},"end":{"line":69,"column":16}},{"start":{"line":69,"column":20},"end":{"line":69,"column":27}},{"start":{"line":69,"column":31},"end":{"line":69,"column":38}}],"line":69},"6":{"loc":{"start":{"line":72,"column":10},"end":{"line":76,"column":11}},"type":"if","locations":[{"start":{"line":72,"column":10},"end":{"line":76,"column":11}},{"start":{"line":74,"column":17},"end":{"line":76,"column":11}}],"line":72},"7":{"loc":{"start":{"line":86,"column":4},"end":{"line":91,"column":5}},"type":"if","locations":[{"start":{"line":86,"column":4},"end":{"line":91,"column":5}},{"start":{},"end":{}}],"line":86},"8":{"loc":{"start":{"line":96,"column":2},"end":{"line":102,"column":3}},"type":"if","locations":[{"start":{"line":96,"column":2},"end":{"line":102,"column":3}},{"start":{"line":98,"column":9},"end":{"line":102,"column":3}}],"line":96},"9":{"loc":{"start":{"line":97,"column":20},"end":{"line":97,"column":63}},"type":"binary-expr","locations":[{"start":{"line":97,"column":20},"end":{"line":97,"column":58}},{"start":{"line":97,"column":62},"end":{"line":97,"column":63}}],"line":97},"10":{"loc":{"start":{"line":97,"column":65},"end":{"line":97,"column":109}},"type":"binary-expr","locations":[{"start":{"line":97,"column":65},"end":{"line":97,"column":103}},{"start":{"line":97,"column":107},"end":{"line":97,"column":109}}],"line":97},"11":{"loc":{"start":{"line":98,"column":9},"end":{"line":102,"column":3}},"type":"if","locations":[{"start":{"line":98,"column":9},"end":{"line":102,"column":3}},{"start":{"line":100,"column":9},"end":{"line":102,"column":3}}],"line":98},"12":{"loc":{"start":{"line":99,"column":20},"end":{"line":99,"column":60}},"type":"binary-expr","locations":[{"start":{"line":99,"column":20},"end":{"line":99,"column":55}},{"start":{"line":99,"column":59},"end":{"line":99,"column":60}}],"line":99},"13":{"loc":{"start":{"line":99,"column":62},"end":{"line":99,"column":103}},"type":"binary-expr","locations":[{"start":{"line":99,"column":62},"end":{"line":99,"column":97}},{"start":{"line":99,"column":101},"end":{"line":99,"column":103}}],"line":99},"14":{"loc":{"start":{"line":100,"column":9},"end":{"line":102,"column":3}},"type":"if","locations":[{"start":{"line":100,"column":9},"end":{"line":102,"column":3}},{"start":{},"end":{}}],"line":100},"15":{"loc":{"start":{"line":101,"column":20},"end":{"line":101,"column":55}},"type":"binary-expr","locations":[{"start":{"line":101,"column":20},"end":{"line":101,"column":50}},{"start":{"line":101,"column":54},"end":{"line":101,"column":55}}],"line":101},"16":{"loc":{"start":{"line":101,"column":57},"end":{"line":101,"column":93}},"type":"binary-expr","locations":[{"start":{"line":101,"column":57},"end":{"line":101,"column":87}},{"start":{"line":101,"column":91},"end":{"line":101,"column":93}}],"line":101},"17":{"loc":{"start":{"line":110,"column":9},"end":{"line":116,"column":9}},"type":"cond-expr","locations":[{"start":{"line":111,"column":10},"end":{"line":111,"column":108}},{"start":{"line":113,"column":10},"end":{"line":115,"column":21}}],"line":110}},"s":{"0":2,"1":9,"2":9,"3":9,"4":9,"5":9,"6":9,"7":9,"8":9,"9":0,"10":0,"11":0,"12":9,"13":0,"14":0,"15":0,"16":0,"17":0,"18":0,"19":0,"20":0,"21":0,"22":0,"23":0,"24":0,"25":0,"26":9,"27":9,"28":0,"29":0,"30":0,"31":0,"32":0,"33":0,"34":9,"35":9,"36":0,"37":9,"38":9,"39":3,"40":6,"41":3,"42":3,"43":3,"44":9},"f":{"0":9,"1":0,"2":0,"3":9,"4":0,"5":0,"6":9},"b":{"0":[0,0],"1":[0,0],"2":[0,0],"3":[0,0],"4":[0,9],"5":[9,9,9],"6":[0,0],"7":[0,9],"8":[3,6],"9":[3,2],"10":[3,2],"11":[3,3],"12":[3,2],"13":[3,2],"14":[3,0],"15":[3,2],"16":[3,2],"17":[3,6]},"_coverageSchema":"1a1c01bbd47fc00a2c39e90264f33305004495a9","hash":"e73b585c286d63f8d9978f94db337e97fab1aff8"}
,"/home/runner/work/lizards-inc-fe/lizards-inc-fe/libs/limits-and-boundaries/src/lib/components/ExtractValues.tsx": {"path":"/home/runner/work/lizards-inc-fe/lizards-inc-fe/libs/limits-and-boundaries/src/lib/components/ExtractValues.tsx","statementMap":{"0":{"start":{"line":1,"column":29},"end":{"line":7,"column":1}},"1":{"start":{"line":2,"column":2},"end":{"line":6,"column":3}},"2":{"start":{"line":3,"column":4},"end":{"line":3,"column":26}},"3":{"start":{"line":5,"column":4},"end":{"line":5,"column":17}}},"fnMap":{"0":{"name":"(anonymous_0)","decl":{"start":{"line":1,"column":29},"end":{"line":1,"column":30}},"loc":{"start":{"line":1,"column":85},"end":{"line":7,"column":1}},"line":1}},"branchMap":{"0":{"loc":{"start":{"line":2,"column":2},"end":{"line":6,"column":3}},"type":"if","locations":[{"start":{"line":2,"column":2},"end":{"line":6,"column":3}},{"start":{"line":4,"column":9},"end":{"line":6,"column":3}}],"line":2}},"s":{"0":3,"1":2,"2":1,"3":1},"f":{"0":2},"b":{"0":[1,1]},"_coverageSchema":"1a1c01bbd47fc00a2c39e90264f33305004495a9","hash":"7b0e9c91cf84c6b8f46968473757f4062ce6c8cf"}
,"/home/runner/work/lizards-inc-fe/lizards-inc-fe/libs/limits-and-boundaries/src/lib/components/Limits.tsx": {"path":"/home/runner/work/lizards-inc-fe/lizards-inc-fe/libs/limits-and-boundaries/src/lib/components/Limits.tsx","statementMap":{"0":{"start":{"line":15,"column":22},"end":{"line":84,"column":1}},"1":{"start":{"line":16,"column":31},"end":{"line":16,"column":61}},"2":{"start":{"line":17,"column":22},"end":{"line":20,"column":4}},"3":{"start":{"line":21,"column":32},"end":{"line":21,"column":62}},"4":{"start":{"line":22,"column":30},"end":{"line":22,"column":61}},"5":{"start":{"line":24,"column":24},"end":{"line":35,"column":3}},"6":{"start":{"line":25,"column":23},"end":{"line":25,"column":43}},"7":{"start":{"line":26,"column":4},"end":{"line":34,"column":5}},"8":{"start":{"line":27,"column":6},"end":{"line":31,"column":9}},"9":{"start":{"line":32,"column":6},"end":{"line":32,"column":43}},"10":{"start":{"line":33,"column":6},"end":{"line":33,"column":43}},"11":{"start":{"line":37,"column":2},"end":{"line":51,"column":24}},"12":{"start":{"line":38,"column":4},"end":{"line":50,"column":5}},"13":{"start":{"line":39,"column":6},"end":{"line":49,"column":11}},"14":{"start":{"line":41,"column":10},"end":{"line":45,"column":11}},"15":{"start":{"line":42,"column":12},"end":{"line":42,"column":84}},"16":{"start":{"line":44,"column":12},"end":{"line":44,"column":76}},"17":{"start":{"line":48,"column":10},"end":{"line":48,"column":79}},"18":{"start":{"line":53,"column":2},"end":{"line":60,"column":21}},"19":{"start":{"line":54,"column":4},"end":{"line":59,"column":5}},"20":{"start":{"line":55,"column":6},"end":{"line":58,"column":9}},"21":{"start":{"line":62,"column":2},"end":{"line":83,"column":4}}},"fnMap":{"0":{"name":"(anonymous_0)","decl":{"start":{"line":15,"column":22},"end":{"line":15,"column":23}},"loc":{"start":{"line":15,"column":103},"end":{"line":84,"column":1}},"line":15},"1":{"name":"(anonymous_1)","decl":{"start":{"line":24,"column":24},"end":{"line":24,"column":25}},"loc":{"start":{"line":24,"column":62},"end":{"line":35,"column":3}},"line":24},"2":{"name":"(anonymous_2)","decl":{"start":{"line":37,"column":12},"end":{"line":37,"column":13}},"loc":{"start":{"line":37,"column":18},"end":{"line":51,"column":3}},"line":37},"3":{"name":"(anonymous_3)","decl":{"start":{"line":40,"column":14},"end":{"line":40,"column":15}},"loc":{"start":{"line":40,"column":26},"end":{"line":46,"column":9}},"line":40},"4":{"name":"(anonymous_4)","decl":{"start":{"line":47,"column":15},"end":{"line":47,"column":16}},"loc":{"start":{"line":47,"column":21},"end":{"line":49,"column":9}},"line":47},"5":{"name":"(anonymous_5)","decl":{"start":{"line":53,"column":12},"end":{"line":53,"column":13}},"loc":{"start":{"line":53,"column":18},"end":{"line":60,"column":3}},"line":53}},"branchMap":{"0":{"loc":{"start":{"line":26,"column":4},"end":{"line":34,"column":5}},"type":"if","locations":[{"start":{"line":26,"column":4},"end":{"line":34,"column":5}},{"start":{},"end":{}}],"line":26},"1":{"loc":{"start":{"line":38,"column":4},"end":{"line":50,"column":5}},"type":"if","locations":[{"start":{"line":38,"column":4},"end":{"line":50,"column":5}},{"start":{},"end":{}}],"line":38},"2":{"loc":{"start":{"line":41,"column":10},"end":{"line":45,"column":11}},"type":"if","locations":[{"start":{"line":41,"column":10},"end":{"line":45,"column":11}},{"start":{"line":43,"column":17},"end":{"line":45,"column":11}}],"line":41},"3":{"loc":{"start":{"line":54,"column":4},"end":{"line":59,"column":5}},"type":"if","locations":[{"start":{"line":54,"column":4},"end":{"line":59,"column":5}},{"start":{},"end":{}}],"line":54},"4":{"loc":{"start":{"line":68,"column":9},"end":{"line":80,"column":9}},"type":"cond-expr","locations":[{"start":{"line":69,"column":10},"end":{"line":75,"column":12}},{"start":{"line":77,"column":10},"end":{"line":79,"column":21}}],"line":68},"5":{"loc":{"start":{"line":72,"column":26},"end":{"line":72,"column":113}},"type":"cond-expr","locations":[{"start":{"line":72,"column":39},"end":{"line":72,"column":103}},{"start":{"line":72,"column":106},"end":{"line":72,"column":113}}],"line":72}},"s":{"0":2,"1":3,"2":3,"3":3,"4":3,"5":3,"6":0,"7":0,"8":0,"9":0,"10":0,"11":3,"12":3,"13":0,"14":0,"15":0,"16":0,"17":0,"18":3,"19":3,"20":0,"21":3},"f":{"0":3,"1":0,"2":3,"3":0,"4":0,"5":3},"b":{"0":[0,0],"1":[0,3],"2":[0,0],"3":[0,3],"4":[1,2],"5":[1,0]},"_coverageSchema":"1a1c01bbd47fc00a2c39e90264f33305004495a9","hash":"e7f07dcf9ced18e3d98f3418e3423447738b19ca"}
,"/home/runner/work/lizards-inc-fe/lizards-inc-fe/libs/limits-and-boundaries/src/lib/components/MarksAndStyle.tsx": {"path":"/home/runner/work/lizards-inc-fe/lizards-inc-fe/libs/limits-and-boundaries/src/lib/components/MarksAndStyle.tsx","statementMap":{"0":{"start":{"line":4,"column":38},"end":{"line":17,"column":1}},"1":{"start":{"line":19,"column":37},"end":{"line":26,"column":1}},"2":{"start":{"line":28,"column":37},"end":{"line":35,"column":1}}},"fnMap":{},"branchMap":{},"s":{"0":3,"1":3,"2":3},"f":{},"b":{},"_coverageSchema":"1a1c01bbd47fc00a2c39e90264f33305004495a9","hash":"596c97d7fb919652c221148719073de8bf33e542"}
,"/home/runner/work/lizards-inc-fe/lizards-inc-fe/libs/login/src/lib/Login.tsx": {"path":"/home/runner/work/lizards-inc-fe/lizards-inc-fe/libs/login/src/lib/Login.tsx","statementMap":{"0":{"start":{"line":16,"column":21},"end":{"line":97,"column":1}},"1":{"start":{"line":17,"column":42},"end":{"line":17,"column":66}},"2":{"start":{"line":19,"column":31},"end":{"line":19,"column":47}},"3":{"start":{"line":20,"column":19},"end":{"line":20,"column":32}},"4":{"start":{"line":22,"column":16},"end":{"line":29,"column":4}},"5":{"start":{"line":24,"column":6},"end":{"line":24,"column":32}},"6":{"start":{"line":31,"column":40},"end":{"line":37,"column":4}},"7":{"start":{"line":39,"column":2},"end":{"line":43,"column":30}},"8":{"start":{"line":40,"column":4},"end":{"line":42,"column":5}},"9":{"start":{"line":41,"column":6},"end":{"line":41,"column":16}},"10":{"start":{"line":45,"column":2},"end":{"line":50,"column":34}},"11":{"start":{"line":46,"column":4},"end":{"line":49,"column":5}},"12":{"start":{"line":47,"column":6},"end":{"line":47,"column":22}},"13":{"start":{"line":48,"column":6},"end":{"line":48,"column":34}},"14":{"start":{"line":52,"column":2},"end":{"line":96,"column":4}}},"fnMap":{"0":{"name":"(anonymous_0)","decl":{"start":{"line":16,"column":21},"end":{"line":16,"column":22}},"loc":{"start":{"line":16,"column":27},"end":{"line":97,"column":1}},"line":16},"1":{"name":"(anonymous_1)","decl":{"start":{"line":23,"column":15},"end":{"line":23,"column":16}},"loc":{"start":{"line":23,"column":27},"end":{"line":25,"column":5}},"line":23},"2":{"name":"(anonymous_2)","decl":{"start":{"line":39,"column":12},"end":{"line":39,"column":13}},"loc":{"start":{"line":39,"column":18},"end":{"line":43,"column":3}},"line":39},"3":{"name":"(anonymous_3)","decl":{"start":{"line":45,"column":12},"end":{"line":45,"column":13}},"loc":{"start":{"line":45,"column":18},"end":{"line":50,"column":3}},"line":45}},"branchMap":{"0":{"loc":{"start":{"line":34,"column":12},"end":{"line":34,"column":36}},"type":"binary-expr","locations":[{"start":{"line":34,"column":12},"end":{"line":34,"column":30}},{"start":{"line":34,"column":34},"end":{"line":34,"column":36}}],"line":34},"1":{"loc":{"start":{"line":40,"column":4},"end":{"line":42,"column":5}},"type":"if","locations":[{"start":{"line":40,"column":4},"end":{"line":42,"column":5}},{"start":{},"end":{}}],"line":40},"2":{"loc":{"start":{"line":46,"column":4},"end":{"line":49,"column":5}},"type":"if","locations":[{"start":{"line":46,"column":4},"end":{"line":49,"column":5}},{"start":{},"end":{}}],"line":46},"3":{"loc":{"start":{"line":79,"column":11},"end":{"line":87,"column":11}},"type":"cond-expr","locations":[{"start":{"line":80,"column":12},"end":{"line":84,"column":18}},{"start":{"line":86,"column":12},"end":{"line":86,"column":24}}],"line":79}},"s":{"0":1,"1":2,"2":2,"3":2,"4":2,"5":0,"6":2,"7":2,"8":2,"9":0,"10":2,"11":2,"12":0,"13":0,"14":2},"f":{"0":2,"1":0,"2":2,"3":2},"b":{"0":[2,2],"1":[0,2],"2":[0,2],"3":[2,0]},"_coverageSchema":"1a1c01bbd47fc00a2c39e90264f33305004495a9","hash":"436d86ac5bc8a0d877e78e548d124ee54275681d"}
,"/home/runner/work/lizards-inc-fe/lizards-inc-fe/libs/login/src/lib/assets/chamelion-min.png": {"path":"/home/runner/work/lizards-inc-fe/lizards-inc-fe/libs/login/src/lib/assets/chamelion-min.png","statementMap":{"0":{"start":{"line":1,"column":0},"end":{"line":1,"column":37}}},"fnMap":{},"branchMap":{},"s":{"0":1},"f":{},"b":{},"_coverageSchema":"1a1c01bbd47fc00a2c39e90264f33305004495a9","hash":"b6c2e2f5cdb43da3be825aa032ddc8191777e644"}
,"/home/runner/work/lizards-inc-fe/lizards-inc-fe/libs/login/src/lib/assets/lizard-min.png": {"path":"/home/runner/work/lizards-inc-fe/lizards-inc-fe/libs/login/src/lib/assets/lizard-min.png","statementMap":{"0":{"start":{"line":1,"column":0},"end":{"line":1,"column":34}}},"fnMap":{},"branchMap":{},"s":{"0":1},"f":{},"b":{},"_coverageSchema":"1a1c01bbd47fc00a2c39e90264f33305004495a9","hash":"6096ae1a61ed68b07db94ae021ae861e8647f0a7"}
,"/home/runner/work/lizards-inc-fe/lizards-inc-fe/libs/login/src/lib/assets/vine.png": {"path":"/home/runner/work/lizards-inc-fe/lizards-inc-fe/libs/login/src/lib/assets/vine.png","statementMap":{"0":{"start":{"line":1,"column":0},"end":{"line":1,"column":28}}},"fnMap":{},"branchMap":{},"s":{"0":1},"f":{},"b":{},"_coverageSchema":"1a1c01bbd47fc00a2c39e90264f33305004495a9","hash":"cf542007fac9ff48633eabebed148625d978bb93"}
,"/home/runner/work/lizards-inc-fe/lizards-inc-fe/libs/measurement-history/src/lib/components/ExportDataButton.tsx": {"path":"/home/runner/work/lizards-inc-fe/lizards-inc-fe/libs/measurement-history/src/lib/components/ExportDataButton.tsx","statementMap":{"0":{"start":{"line":10,"column":32},"end":{"line":45,"column":1}},"1":{"start":{"line":11,"column":36},"end":{"line":11,"column":51}},"2":{"start":{"line":12,"column":21},"end":{"line":20,"column":3}},"3":{"start":{"line":13,"column":4},"end":{"line":15,"column":5}},"4":{"start":{"line":14,"column":6},"end":{"line":14,"column":13}},"5":{"start":{"line":16,"column":4},"end":{"line":16,"column":23}},"6":{"start":{"line":17,"column":20},"end":{"line":17,"column":46}},"7":{"start":{"line":18,"column":4},"end":{"line":18,"column":25}},"8":{"start":{"line":19,"column":4},"end":{"line":19,"column":24}},"9":{"start":{"line":22,"column":23},"end":{"line":33,"column":3}},"10":{"start":{"line":23,"column":20},"end":{"line":23,"column":62}},"11":{"start":{"line":24,"column":17},"end":{"line":29,"column":6}},"12":{"start":{"line":24,"column":31},"end":{"line":29,"column":5}},"13":{"start":{"line":31,"column":23},"end":{"line":31,"column":91}},"14":{"start":{"line":31,"column":66},"end":{"line":31,"column":79}},"15":{"start":{"line":32,"column":4},"end":{"line":32,"column":22}},"16":{"start":{"line":35,"column":22},"end":{"line":38,"column":3}},"17":{"start":{"line":36,"column":17},"end":{"line":36,"column":73}},"18":{"start":{"line":37,"column":4},"end":{"line":37,"column":49}},"19":{"start":{"line":40,"column":2},"end":{"line":44,"column":4}}},"fnMap":{"0":{"name":"(anonymous_0)","decl":{"start":{"line":10,"column":32},"end":{"line":10,"column":33}},"loc":{"start":{"line":10,"column":77},"end":{"line":45,"column":1}},"line":10},"1":{"name":"(anonymous_1)","decl":{"start":{"line":12,"column":21},"end":{"line":12,"column":22}},"loc":{"start":{"line":12,"column":27},"end":{"line":20,"column":3}},"line":12},"2":{"name":"(anonymous_2)","decl":{"start":{"line":22,"column":23},"end":{"line":22,"column":24}},"loc":{"start":{"line":22,"column":49},"end":{"line":33,"column":3}},"line":22},"3":{"name":"(anonymous_3)","decl":{"start":{"line":24,"column":26},"end":{"line":24,"column":27}},"loc":{"start":{"line":24,"column":31},"end":{"line":29,"column":5}},"line":24},"4":{"name":"(anonymous_4)","decl":{"start":{"line":31,"column":59},"end":{"line":31,"column":60}},"loc":{"start":{"line":31,"column":66},"end":{"line":31,"column":79}},"line":31},"5":{"name":"(anonymous_5)","decl":{"start":{"line":35,"column":22},"end":{"line":35,"column":23}},"loc":{"start":{"line":35,"column":43},"end":{"line":38,"column":3}},"line":35}},"branchMap":{"0":{"loc":{"start":{"line":13,"column":4},"end":{"line":15,"column":5}},"type":"if","locations":[{"start":{"line":13,"column":4},"end":{"line":15,"column":5}},{"start":{},"end":{}}],"line":13},"1":{"loc":{"start":{"line":13,"column":8},"end":{"line":13,"column":63}},"type":"binary-expr","locations":[{"start":{"line":13,"column":8},"end":{"line":13,"column":34}},{"start":{"line":13,"column":38},"end":{"line":13,"column":63}}],"line":13},"2":{"loc":{"start":{"line":41,"column":43},"end":{"line":41,"column":111}},"type":"binary-expr","locations":[{"start":{"line":41,"column":43},"end":{"line":41,"column":52}},{"start":{"line":41,"column":56},"end":{"line":41,"column":82}},{"start":{"line":41,"column":86},"end":{"line":41,"column":111}}],"line":41},"3":{"loc":{"start":{"line":42,"column":7},"end":{"line":42,"column":54}},"type":"cond-expr","locations":[{"start":{"line":42,"column":19},"end":{"line":42,"column":33}},{"start":{"line":42,"column":36},"end":{"line":42,"column":54}}],"line":42}},"s":{"0":1,"1":6,"2":6,"3":1,"4":0,"5":1,"6":1,"7":1,"8":1,"9":6,"10":1,"11":1,"12":2,"13":1,"14":2,"15":1,"16":6,"17":1,"18":1,"19":6},"f":{"0":6,"1":1,"2":1,"3":2,"4":2,"5":1},"b":{"0":[0,1],"1":[1,1],"2":[6,6,5],"3":[0,6]},"_coverageSchema":"1a1c01bbd47fc00a2c39e90264f33305004495a9","hash":"c2d7b7bb209e542493b19bedf0d1c5b349f05e75"}
,"/home/runner/work/lizards-inc-fe/lizards-inc-fe/libs/measurement-history/src/lib/components/HistoryTable.tsx": {"path":"/home/runner/work/lizards-inc-fe/lizards-inc-fe/libs/measurement-history/src/lib/components/HistoryTable.tsx","statementMap":{"0":{"start":{"line":10,"column":28},"end":{"line":14,"column":1}},"1":{"start":{"line":11,"column":22},"end":{"line":11,"column":55}},"2":{"start":{"line":13,"column":2},"end":{"line":13,"column":103}}},"fnMap":{"0":{"name":"(anonymous_0)","decl":{"start":{"line":10,"column":28},"end":{"line":10,"column":29}},"loc":{"start":{"line":10,"column":72},"end":{"line":14,"column":1}},"line":10}},"branchMap":{},"s":{"0":1,"1":3,"2":3},"f":{"0":3},"b":{},"_coverageSchema":"1a1c01bbd47fc00a2c39e90264f33305004495a9","hash":"33b3fa6e7aa05f2d996b239547ec585380937964"}
,"/home/runner/work/lizards-inc-fe/lizards-inc-fe/libs/measurement-history/src/lib/components/LineChartSummary.tsx": {"path":"/home/runner/work/lizards-inc-fe/lizards-inc-fe/libs/measurement-history/src/lib/components/LineChartSummary.tsx","statementMap":{"0":{"start":{"line":16,"column":30},"end":{"line":16,"column":40}},"1":{"start":{"line":18,"column":4},"end":{"line":24,"column":6}},"2":{"start":{"line":34,"column":32},"end":{"line":88,"column":1}},"3":{"start":{"line":35,"column":16},"end":{"line":75,"column":3}},"4":{"start":{"line":37,"column":6},"end":{"line":73,"column":7}},"5":{"start":{"line":77,"column":2},"end":{"line":87,"column":4}}},"fnMap":{"0":{"name":"(anonymous_0)","decl":{"start":{"line":14,"column":2},"end":{"line":14,"column":3}},"loc":{"start":{"line":14,"column":11},"end":{"line":25,"column":3}},"line":14},"1":{"name":"(anonymous_1)","decl":{"start":{"line":34,"column":32},"end":{"line":34,"column":33}},"loc":{"start":{"line":34,"column":101},"end":{"line":88,"column":1}},"line":34},"2":{"name":"(anonymous_2)","decl":{"start":{"line":36,"column":4},"end":{"line":36,"column":5}},"loc":{"start":{"line":37,"column":6},"end":{"line":73,"column":7}},"line":37}},"branchMap":{"0":{"loc":{"start":{"line":34,"column":41},"end":{"line":34,"column":60}},"type":"default-arg","locations":[{"start":{"line":34,"column":56},"end":{"line":34,"column":60}}],"line":34},"1":{"loc":{"start":{"line":37,"column":6},"end":{"line":73,"column":7}},"type":"cond-expr","locations":[{"start":{"line":38,"column":8},"end":{"line":70,"column":20}},{"start":{"line":72,"column":8},"end":{"line":72,"column":80}}],"line":37},"2":{"loc":{"start":{"line":37,"column":6},"end":{"line":37,"column":31}},"type":"binary-expr","locations":[{"start":{"line":37,"column":6},"end":{"line":37,"column":10}},{"start":{"line":37,"column":14},"end":{"line":37,"column":31}}],"line":37},"3":{"loc":{"start":{"line":77,"column":9},"end":{"line":87,"column":3}},"type":"cond-expr","locations":[{"start":{"line":78,"column":4},"end":{"line":84,"column":5}},{"start":{"line":86,"column":4},"end":{"line":86,"column":106}}],"line":77},"4":{"loc":{"start":{"line":78,"column":4},"end":{"line":84,"column":5}},"type":"cond-expr","locations":[{"start":{"line":79,"column":6},"end":{"line":81,"column":28}},{"start":{"line":83,"column":6},"end":{"line":83,"column":11}}],"line":78}},"s":{"0":9,"1":9,"2":1,"3":4,"4":4,"5":4},"f":{"0":9,"1":4,"2":4},"b":{"0":[1],"1":[3,1],"2":[4,3],"3":[3,1],"4":[0,3]},"_coverageSchema":"1a1c01bbd47fc00a2c39e90264f33305004495a9","hash":"93f401163584cd250b88bb249f99f8a1379e8795"}
,"/home/runner/work/lizards-inc-fe/lizards-inc-fe/libs/measurement-history/src/lib/components/PieChartBoundaries.tsx": {"path":"/home/runner/work/lizards-inc-fe/lizards-inc-fe/libs/measurement-history/src/lib/components/PieChartBoundaries.tsx","statementMap":{"0":{"start":{"line":5,"column":15},"end":{"line":5,"column":28}},"1":{"start":{"line":28,"column":34},"end":{"line":88,"column":1}},"2":{"start":{"line":29,"column":46},"end":{"line":29,"column":68}},"3":{"start":{"line":31,"column":32},"end":{"line":48,"column":3}},"4":{"start":{"line":39,"column":19},"end":{"line":39,"column":66}},"5":{"start":{"line":40,"column":14},"end":{"line":40,"column":56}},"6":{"start":{"line":41,"column":14},"end":{"line":41,"column":56}},"7":{"start":{"line":43,"column":4},"end":{"line":47,"column":6}},"8":{"start":{"line":50,"column":2},"end":{"line":52,"column":13}},"9":{"start":{"line":51,"column":4},"end":{"line":51,"column":70}},"10":{"start":{"line":51,"column":28},"end":{"line":51,"column":70}},"11":{"start":{"line":51,"column":60},"end":{"line":51,"column":67}},"12":{"start":{"line":54,"column":2},"end":{"line":87,"column":4}},"13":{"start":{"line":71,"column":16},"end":{"line":71,"column":99}}},"fnMap":{"0":{"name":"(anonymous_0)","decl":{"start":{"line":28,"column":34},"end":{"line":28,"column":35}},"loc":{"start":{"line":28,"column":92},"end":{"line":88,"column":1}},"line":28},"1":{"name":"(anonymous_1)","decl":{"start":{"line":31,"column":32},"end":{"line":31,"column":33}},"loc":{"start":{"line":38,"column":36},"end":{"line":48,"column":3}},"line":38},"2":{"name":"(anonymous_2)","decl":{"start":{"line":50,"column":12},"end":{"line":50,"column":13}},"loc":{"start":{"line":50,"column":18},"end":{"line":52,"column":3}},"line":50},"3":{"name":"(anonymous_3)","decl":{"start":{"line":51,"column":55},"end":{"line":51,"column":56}},"loc":{"start":{"line":51,"column":60},"end":{"line":51,"column":67}},"line":51},"4":{"name":"(anonymous_4)","decl":{"start":{"line":70,"column":25},"end":{"line":70,"column":26}},"loc":{"start":{"line":71,"column":16},"end":{"line":71,"column":99}},"line":71}},"branchMap":{"0":{"loc":{"start":{"line":44,"column":49},"end":{"line":44,"column":73}},"type":"cond-expr","locations":[{"start":{"line":44,"column":58},"end":{"line":44,"column":65}},{"start":{"line":44,"column":68},"end":{"line":44,"column":73}}],"line":44},"1":{"loc":{"start":{"line":51,"column":4},"end":{"line":51,"column":70}},"type":"if","locations":[{"start":{"line":51,"column":4},"end":{"line":51,"column":70}},{"start":{},"end":{}}],"line":51},"2":{"loc":{"start":{"line":57,"column":7},"end":{"line":85,"column":7}},"type":"cond-expr","locations":[{"start":{"line":58,"column":8},"end":{"line":78,"column":9}},{"start":{"line":80,"column":8},"end":{"line":84,"column":11}}],"line":57},"3":{"loc":{"start":{"line":58,"column":8},"end":{"line":78,"column":9}},"type":"cond-expr","locations":[{"start":{"line":59,"column":10},"end":{"line":75,"column":21}},{"start":{"line":77,"column":10},"end":{"line":77,"column":82}}],"line":58},"4":{"loc":{"start":{"line":58,"column":8},"end":{"line":58,"column":31}},"type":"binary-expr","locations":[{"start":{"line":58,"column":8},"end":{"line":58,"column":12}},{"start":{"line":58,"column":16},"end":{"line":58,"column":31}}],"line":58}},"s":{"0":2,"1":2,"2":24,"3":24,"4":42,"5":42,"6":42,"7":42,"8":24,"9":17,"10":7,"11":21,"12":24,"13":42},"f":{"0":24,"1":42,"2":17,"3":21,"4":42},"b":{"0":[22,20],"1":[7,10],"2":[19,5],"3":[14,5],"4":[19,14]},"_coverageSchema":"1a1c01bbd47fc00a2c39e90264f33305004495a9","hash":"2e4b33631da9218b354d1bb8001e5253a97f9dec"}
,"/home/runner/work/lizards-inc-fe/lizards-inc-fe/libs/measurement-history/src/lib/components/PieChartDiagramsCard.tsx": {"path":"/home/runner/work/lizards-inc-fe/lizards-inc-fe/libs/measurement-history/src/lib/components/PieChartDiagramsCard.tsx","statementMap":{"0":{"start":{"line":16,"column":36},"end":{"line":66,"column":1}},"1":{"start":{"line":17,"column":29},"end":{"line":20,"column":3}},"2":{"start":{"line":18,"column":10},"end":{"line":18,"column":112}},"3":{"start":{"line":21,"column":26},"end":{"line":24,"column":3}},"4":{"start":{"line":22,"column":10},"end":{"line":22,"column":106}},"5":{"start":{"line":25,"column":21},"end":{"line":28,"column":3}},"6":{"start":{"line":26,"column":10},"end":{"line":26,"column":96}},"7":{"start":{"line":30,"column":2},"end":{"line":65,"column":4}}},"fnMap":{"0":{"name":"(anonymous_0)","decl":{"start":{"line":16,"column":36},"end":{"line":16,"column":37}},"loc":{"start":{"line":16,"column":95},"end":{"line":66,"column":1}},"line":16},"1":{"name":"(anonymous_1)","decl":{"start":{"line":18,"column":4},"end":{"line":18,"column":5}},"loc":{"start":{"line":18,"column":10},"end":{"line":18,"column":112}},"line":18},"2":{"name":"(anonymous_2)","decl":{"start":{"line":22,"column":4},"end":{"line":22,"column":5}},"loc":{"start":{"line":22,"column":10},"end":{"line":22,"column":106}},"line":22},"3":{"name":"(anonymous_3)","decl":{"start":{"line":26,"column":4},"end":{"line":26,"column":5}},"loc":{"start":{"line":26,"column":10},"end":{"line":26,"column":96}},"line":26}},"branchMap":{},"s":{"0":1,"1":3,"2":3,"3":3,"4":3,"5":3,"6":3,"7":3},"f":{"0":3,"1":3,"2":3,"3":3},"b":{},"_coverageSchema":"1a1c01bbd47fc00a2c39e90264f33305004495a9","hash":"2b8e6b26696b6ca21d12fe31c20956dc73cfedb2"}
,"/home/runner/work/lizards-inc-fe/lizards-inc-fe/libs/measurement-history/src/lib/components/useHistoricTableColumns.tsx": {"path":"/home/runner/work/lizards-inc-fe/lizards-inc-fe/libs/measurement-history/src/lib/components/useHistoricTableColumns.tsx","statementMap":{"0":{"start":{"line":18,"column":39},"end":{"line":56,"column":1}},"1":{"start":{"line":19,"column":41},"end":{"line":53,"column":3}},"2":{"start":{"line":26,"column":38},"end":{"line":26,"column":70}},"3":{"start":{"line":26,"column":84},"end":{"line":26,"column":105}},"4":{"start":{"line":27,"column":35},"end":{"line":27,"column":82}},"5":{"start":{"line":28,"column":24},"end":{"line":28,"column":55}},"6":{"start":{"line":29,"column":32},"end":{"line":29,"column":63}},"7":{"start":{"line":35,"column":24},"end":{"line":35,"column":53}},"8":{"start":{"line":37,"column":23},"end":{"line":37,"column":62}},"9":{"start":{"line":42,"column":24},"end":{"line":42,"column":47}},"10":{"start":{"line":44,"column":23},"end":{"line":44,"column":59}},"11":{"start":{"line":49,"column":24},"end":{"line":49,"column":37}},"12":{"start":{"line":51,"column":23},"end":{"line":51,"column":54}},"13":{"start":{"line":55,"column":2},"end":{"line":55,"column":21}}},"fnMap":{"0":{"name":"(anonymous_0)","decl":{"start":{"line":18,"column":39},"end":{"line":18,"column":40}},"loc":{"start":{"line":18,"column":83},"end":{"line":56,"column":1}},"line":18},"1":{"name":"(anonymous_1)","decl":{"start":{"line":26,"column":33},"end":{"line":26,"column":34}},"loc":{"start":{"line":26,"column":38},"end":{"line":26,"column":70}},"line":26},"2":{"name":"(anonymous_2)","decl":{"start":{"line":26,"column":78},"end":{"line":26,"column":79}},"loc":{"start":{"line":26,"column":84},"end":{"line":26,"column":105}},"line":26},"3":{"name":"(anonymous_3)","decl":{"start":{"line":27,"column":16},"end":{"line":27,"column":17}},"loc":{"start":{"line":27,"column":35},"end":{"line":27,"column":82}},"line":27},"4":{"name":"(anonymous_4)","decl":{"start":{"line":28,"column":14},"end":{"line":28,"column":15}},"loc":{"start":{"line":28,"column":24},"end":{"line":28,"column":55}},"line":28},"5":{"name":"(anonymous_5)","decl":{"start":{"line":29,"column":14},"end":{"line":29,"column":15}},"loc":{"start":{"line":29,"column":32},"end":{"line":29,"column":63}},"line":29},"6":{"name":"(anonymous_6)","decl":{"start":{"line":35,"column":14},"end":{"line":35,"column":15}},"loc":{"start":{"line":35,"column":24},"end":{"line":35,"column":53}},"line":35},"7":{"name":"(anonymous_7)","decl":{"start":{"line":37,"column":14},"end":{"line":37,"column":15}},"loc":{"start":{"line":37,"column":23},"end":{"line":37,"column":62}},"line":37},"8":{"name":"(anonymous_8)","decl":{"start":{"line":42,"column":14},"end":{"line":42,"column":15}},"loc":{"start":{"line":42,"column":24},"end":{"line":42,"column":47}},"line":42},"9":{"name":"(anonymous_9)","decl":{"start":{"line":44,"column":14},"end":{"line":44,"column":15}},"loc":{"start":{"line":44,"column":23},"end":{"line":44,"column":59}},"line":44},"10":{"name":"(anonymous_10)","decl":{"start":{"line":49,"column":14},"end":{"line":49,"column":15}},"loc":{"start":{"line":49,"column":24},"end":{"line":49,"column":37}},"line":49},"11":{"name":"(anonymous_11)","decl":{"start":{"line":51,"column":14},"end":{"line":51,"column":15}},"loc":{"start":{"line":51,"column":23},"end":{"line":51,"column":54}},"line":51}},"branchMap":{"0":{"loc":{"start":{"line":24,"column":8},"end":{"line":26,"column":107}},"type":"cond-expr","locations":[{"start":{"line":25,"column":12},"end":{"line":25,"column":14}},{"start":{"line":26,"column":12},"end":{"line":26,"column":107}}],"line":24}},"s":{"0":2,"1":4,"2":8,"3":8,"4":2,"5":6,"6":7,"7":2,"8":7,"9":2,"10":7,"11":2,"12":7,"13":4},"f":{"0":4,"1":8,"2":8,"3":2,"4":6,"5":7,"6":2,"7":7,"8":2,"9":7,"10":2,"11":7},"b":{"0":[1,3]},"_coverageSchema":"1a1c01bbd47fc00a2c39e90264f33305004495a9","hash":"bbdd2fd352a4b66caa4a2fa7b7576ba8095b1b42"}
,"/home/runner/work/lizards-inc-fe/lizards-inc-fe/libs/model/src/index.ts": {"path":"/home/runner/work/lizards-inc-fe/lizards-inc-fe/libs/model/src/index.ts","statementMap":{},"fnMap":{},"branchMap":{},"s":{},"f":{},"b":{},"_coverageSchema":"1a1c01bbd47fc00a2c39e90264f33305004495a9","hash":"66e47c55ece4515cb628beb68a9e8c5de134670e"}
,"/home/runner/work/lizards-inc-fe/lizards-inc-fe/libs/model/src/lib/Defaults.ts": {"path":"/home/runner/work/lizards-inc-fe/lizards-inc-fe/libs/model/src/lib/Defaults.ts","statementMap":{"0":{"start":{"line":1,"column":33},"end":{"line":1,"column":54}},"1":{"start":{"line":2,"column":32},"end":{"line":2,"column":44}},"2":{"start":{"line":15,"column":45},"end":{"line":28,"column":1}},"3":{"start":{"line":17,"column":27},"end":{"line":17,"column":60}},"4":{"start":{"line":21,"column":24},"end":{"line":21,"column":53}},"5":{"start":{"line":25,"column":19},"end":{"line":25,"column":46}},"6":{"start":{"line":35,"column":26},"end":{"line":38,"column":1}},"7":{"start":{"line":36,"column":19},"end":{"line":36,"column":41}},"8":{"start":{"line":37,"column":2},"end":{"line":37,"column":49}}},"fnMap":{"0":{"name":"(anonymous_0)","decl":{"start":{"line":17,"column":12},"end":{"line":17,"column":13}},"loc":{"start":{"line":17,"column":27},"end":{"line":17,"column":60}},"line":17},"1":{"name":"(anonymous_1)","decl":{"start":{"line":21,"column":12},"end":{"line":21,"column":13}},"loc":{"start":{"line":21,"column":24},"end":{"line":21,"column":53}},"line":21},"2":{"name":"(anonymous_2)","decl":{"start":{"line":25,"column":12},"end":{"line":25,"column":13}},"loc":{"start":{"line":25,"column":19},"end":{"line":25,"column":46}},"line":25},"3":{"name":"(anonymous_3)","decl":{"start":{"line":35,"column":26},"end":{"line":35,"column":27}},"loc":{"start":{"line":35,"column":63},"end":{"line":38,"column":1}},"line":35}},"branchMap":{},"s":{"0":9,"1":9,"2":9,"3":24,"4":18,"5":18,"6":9,"7":66,"8":66},"f":{"0":24,"1":18,"2":18,"3":66},"b":{},"_coverageSchema":"1a1c01bbd47fc00a2c39e90264f33305004495a9","hash":"a90a8382431260b00f53c1d6d1f1a458daa58ab1"}
,"/home/runner/work/lizards-inc-fe/lizards-inc-fe/libs/model/src/lib/IAnimal.ts": {"path":"/home/runner/work/lizards-inc-fe/lizards-inc-fe/libs/model/src/lib/IAnimal.ts","statementMap":{},"fnMap":{},"branchMap":{},"s":{},"f":{},"b":{},"_coverageSchema":"1a1c01bbd47fc00a2c39e90264f33305004495a9","hash":"6d3f7f8db5062ea59c9c56695f0a4e4e330a17c1"}
,"/home/runner/work/lizards-inc-fe/lizards-inc-fe/libs/model/src/lib/IBoundary.ts": {"path":"/home/runner/work/lizards-inc-fe/lizards-inc-fe/libs/model/src/lib/IBoundary.ts","statementMap":{},"fnMap":{},"branchMap":{},"s":{},"f":{},"b":{},"_coverageSchema":"1a1c01bbd47fc00a2c39e90264f33305004495a9","hash":"1dc16c67a3a53c6dedebf5ebd69061649d35f026"}
,"/home/runner/work/lizards-inc-fe/lizards-inc-fe/libs/model/src/lib/IMeasurement.ts": {"path":"/home/runner/work/lizards-inc-fe/lizards-inc-fe/libs/model/src/lib/IMeasurement.ts","statementMap":{},"fnMap":{},"branchMap":{},"s":{},"f":{},"b":{},"_coverageSchema":"1a1c01bbd47fc00a2c39e90264f33305004495a9","hash":"ccb338cba6005875f2a27c11d5b4c34fca76ac9e"}
,"/home/runner/work/lizards-inc-fe/lizards-inc-fe/libs/model/src/lib/ITerrarium.ts": {"path":"/home/runner/work/lizards-inc-fe/lizards-inc-fe/libs/model/src/lib/ITerrarium.ts","statementMap":{},"fnMap":{},"branchMap":{},"s":{},"f":{},"b":{},"_coverageSchema":"1a1c01bbd47fc00a2c39e90264f33305004495a9","hash":"ed04f17144c9efb8f5f981311dc99263571f487f"}
,"/home/runner/work/lizards-inc-fe/lizards-inc-fe/libs/model/src/lib/UtilityFunctions.ts": {"path":"/home/runner/work/lizards-inc-fe/lizards-inc-fe/libs/model/src/lib/UtilityFunctions.ts","statementMap":{"0":{"start":{"line":10,"column":2},"end":{"line":10,"column":42}},"1":{"start":{"line":10,"column":25},"end":{"line":10,"column":42}},"2":{"start":{"line":12,"column":2},"end":{"line":12,"column":95}},"3":{"start":{"line":12,"column":32},"end":{"line":12,"column":95}},"4":{"start":{"line":14,"column":22},"end":{"line":14,"column":80}},"5":{"start":{"line":16,"column":2},"end":{"line":19,"column":16}},"6":{"start":{"line":17,"column":4},"end":{"line":17,"column":60}},"7":{"start":{"line":17,"column":42},"end":{"line":17,"column":60}},"8":{"start":{"line":18,"column":4},"end":{"line":18,"column":15}}},"fnMap":{"0":{"name":"filterData","decl":{"start":{"line":9,"column":16},"end":{"line":9,"column":26}},"loc":{"start":{"line":9,"column":83},"end":{"line":20,"column":1}},"line":9},"1":{"name":"(anonymous_1)","decl":{"start":{"line":16,"column":21},"end":{"line":16,"column":22}},"loc":{"start":{"line":16,"column":53},"end":{"line":19,"column":3}},"line":16}},"branchMap":{"0":{"loc":{"start":{"line":10,"column":2},"end":{"line":10,"column":42}},"type":"if","locations":[{"start":{"line":10,"column":2},"end":{"line":10,"column":42}},{"start":{},"end":{}}],"line":10},"1":{"loc":{"start":{"line":12,"column":2},"end":{"line":12,"column":95}},"type":"if","locations":[{"start":{"line":12,"column":2},"end":{"line":12,"column":95}},{"start":{},"end":{}}],"line":12},"2":{"loc":{"start":{"line":17,"column":4},"end":{"line":17,"column":60}},"type":"if","locations":[{"start":{"line":17,"column":4},"end":{"line":17,"column":60}},{"start":{},"end":{}}],"line":17}},"s":{"0":11,"1":4,"2":7,"3":2,"4":5,"5":5,"6":50,"7":21,"8":50},"f":{"0":11,"1":50},"b":{"0":[4,7],"1":[2,5],"2":[21,29]},"_coverageSchema":"1a1c01bbd47fc00a2c39e90264f33305004495a9","hash":"591d710a1110d99a5a7b8137008b617f4f318bc6"}
,"/home/runner/work/lizards-inc-fe/lizards-inc-fe/libs/notification-center/src/index.ts": {"path":"/home/runner/work/lizards-inc-fe/lizards-inc-fe/libs/notification-center/src/index.ts","statementMap":{},"fnMap":{},"branchMap":{},"s":{},"f":{},"b":{},"_coverageSchema":"1a1c01bbd47fc00a2c39e90264f33305004495a9","hash":"2b511fe3bc39275a9063bae65b1745fdd60455eb"}
,"/home/runner/work/lizards-inc-fe/lizards-inc-fe/libs/notification-center/src/lib/NotificationCenter.tsx": {"path":"/home/runner/work/lizards-inc-fe/lizards-inc-fe/libs/notification-center/src/lib/NotificationCenter.tsx","statementMap":{"0":{"start":{"line":7,"column":34},"end":{"line":69,"column":1}},"1":{"start":{"line":8,"column":38},"end":{"line":8,"column":95}},"2":{"start":{"line":10,"column":28},"end":{"line":12,"column":12}},"3":{"start":{"line":11,"column":4},"end":{"line":11,"column":52}},"4":{"start":{"line":11,"column":29},"end":{"line":11,"column":38}},"5":{"start":{"line":14,"column":2},"end":{"line":68,"column":4}},"6":{"start":{"line":33,"column":14},"end":{"line":42,"column":16}}},"fnMap":{"0":{"name":"(anonymous_0)","decl":{"start":{"line":7,"column":34},"end":{"line":7,"column":35}},"loc":{"start":{"line":7,"column":40},"end":{"line":69,"column":1}},"line":7},"1":{"name":"(anonymous_1)","decl":{"start":{"line":10,"column":36},"end":{"line":10,"column":37}},"loc":{"start":{"line":10,"column":42},"end":{"line":12,"column":3}},"line":10},"2":{"name":"(anonymous_2)","decl":{"start":{"line":11,"column":24},"end":{"line":11,"column":25}},"loc":{"start":{"line":11,"column":29},"end":{"line":11,"column":38}},"line":11},"3":{"name":"(anonymous_3)","decl":{"start":{"line":32,"column":22},"end":{"line":32,"column":23}},"loc":{"start":{"line":32,"column":31},"end":{"line":43,"column":13}},"line":32}},"branchMap":{"0":{"loc":{"start":{"line":11,"column":11},"end":{"line":11,"column":51}},"type":"binary-expr","locations":[{"start":{"line":11,"column":11},"end":{"line":11,"column":46}},{"start":{"line":11,"column":50},"end":{"line":11,"column":51}}],"line":11},"1":{"loc":{"start":{"line":20,"column":13},"end":{"line":20,"column":108}},"type":"cond-expr","locations":[{"start":{"line":20,"column":74},"end":{"line":20,"column":103}},{"start":{"line":20,"column":106},"end":{"line":20,"column":108}}],"line":20},"2":{"loc":{"start":{"line":20,"column":13},"end":{"line":20,"column":71}},"type":"binary-expr","locations":[{"start":{"line":20,"column":13},"end":{"line":20,"column":22}},{"start":{"line":20,"column":27},"end":{"line":20,"column":37}},{"start":{"line":20,"column":42},"end":{"line":20,"column":60}},{"start":{"line":20,"column":64},"end":{"line":20,"column":69}}],"line":20},"3":{"loc":{"start":{"line":23,"column":11},"end":{"line":27,"column":11}},"type":"binary-expr","locations":[{"start":{"line":23,"column":11},"end":{"line":23,"column":20}},{"start":{"line":24,"column":12},"end":{"line":26,"column":18}}],"line":23},"4":{"loc":{"start":{"line":29,"column":11},"end":{"line":29,"column":78}},"type":"binary-expr","locations":[{"start":{"line":29,"column":11},"end":{"line":29,"column":21}},{"start":{"line":29,"column":26},"end":{"line":29,"column":44}},{"start":{"line":29,"column":48},"end":{"line":29,"column":53}},{"start":{"line":29,"column":58},"end":{"line":29,"column":78}}],"line":29},"5":{"loc":{"start":{"line":31,"column":11},"end":{"line":43,"column":14}},"type":"binary-expr","locations":[{"start":{"line":31,"column":11},"end":{"line":31,"column":21}},{"start":{"line":32,"column":12},"end":{"line":43,"column":14}}],"line":31},"6":{"loc":{"start":{"line":56,"column":21},"end":{"line":56,"column":51}},"type":"cond-expr","locations":[{"start":{"line":56,"column":45},"end":{"line":56,"column":47}},{"start":{"line":56,"column":50},"end":{"line":56,"column":51}}],"line":56}},"s":{"0":2,"1":6,"2":6,"3":6,"4":2,"5":6,"6":2},"f":{"0":6,"1":6,"2":2,"3":2},"b":{"0":[6,2],"1":[5,1],"2":[6,5,5,2],"3":[6,1],"4":[6,5,2,4],"5":[6,5],"6":[0,6]},"_coverageSchema":"1a1c01bbd47fc00a2c39e90264f33305004495a9","hash":"1541e0665427d84349b9554fad034d0310b5f5b0"}
,"/home/runner/work/lizards-inc-fe/lizards-inc-fe/libs/notification-center/src/lib/components/Notification.tsx": {"path":"/home/runner/work/lizards-inc-fe/lizards-inc-fe/libs/notification-center/src/lib/components/Notification.tsx","statementMap":{"0":{"start":{"line":21,"column":28},"end":{"line":54,"column":1}},"1":{"start":{"line":22,"column":32},"end":{"line":27,"column":4}},"2":{"start":{"line":29,"column":2},"end":{"line":31,"column":33}},"3":{"start":{"line":30,"column":4},"end":{"line":30,"column":49}},"4":{"start":{"line":33,"column":21},"end":{"line":38,"column":23}},"5":{"start":{"line":34,"column":4},"end":{"line":37,"column":14}},"6":{"start":{"line":36,"column":8},"end":{"line":36,"column":18}},"7":{"start":{"line":40,"column":2},"end":{"line":53,"column":4}}},"fnMap":{"0":{"name":"(anonymous_0)","decl":{"start":{"line":21,"column":28},"end":{"line":21,"column":29}},"loc":{"start":{"line":21,"column":102},"end":{"line":54,"column":1}},"line":21},"1":{"name":"(anonymous_1)","decl":{"start":{"line":29,"column":12},"end":{"line":29,"column":13}},"loc":{"start":{"line":29,"column":18},"end":{"line":31,"column":3}},"line":29},"2":{"name":"(anonymous_2)","decl":{"start":{"line":33,"column":33},"end":{"line":33,"column":34}},"loc":{"start":{"line":33,"column":39},"end":{"line":38,"column":3}},"line":33},"3":{"name":"(anonymous_3)","decl":{"start":{"line":35,"column":17},"end":{"line":35,"column":18}},"loc":{"start":{"line":35,"column":23},"end":{"line":37,"column":7}},"line":35}},"branchMap":{"0":{"loc":{"start":{"line":30,"column":4},"end":{"line":30,"column":48}},"type":"binary-expr","locations":[{"start":{"line":30,"column":4},"end":{"line":30,"column":28}},{"start":{"line":30,"column":32},"end":{"line":30,"column":48}}],"line":30},"1":{"loc":{"start":{"line":34,"column":4},"end":{"line":37,"column":13}},"type":"binary-expr","locations":[{"start":{"line":34,"column":4},"end":{"line":34,"column":11}},{"start":{"line":35,"column":6},"end":{"line":37,"column":13}}],"line":34},"2":{"loc":{"start":{"line":51,"column":7},"end":{"line":51,"column":75}},"type":"cond-expr","locations":[{"start":{"line":51,"column":17},"end":{"line":51,"column":41}},{"start":{"line":51,"column":44},"end":{"line":51,"column":75}}],"line":51}},"s":{"0":3,"1":7,"2":7,"3":7,"4":7,"5":1,"6":1,"7":7},"f":{"0":7,"1":7,"2":1,"3":1},"b":{"0":[7,3],"1":[1,1],"2":[4,3]},"_coverageSchema":"1a1c01bbd47fc00a2c39e90264f33305004495a9","hash":"87e3de340131e67077c81f610975020d04b7b071"}
,"/home/runner/work/lizards-inc-fe/lizards-inc-fe/libs/shared-components/src/index.ts": {"path":"/home/runner/work/lizards-inc-fe/lizards-inc-fe/libs/shared-components/src/index.ts","statementMap":{},"fnMap":{},"branchMap":{},"s":{},"f":{},"b":{},"_coverageSchema":"1a1c01bbd47fc00a2c39e90264f33305004495a9","hash":"e5691e2da6beb2407baa57f422685ed9f80855a4"}
,"/home/runner/work/lizards-inc-fe/lizards-inc-fe/libs/shared-components/src/lib/TestComponent.tsx": {"path":"/home/runner/work/lizards-inc-fe/lizards-inc-fe/libs/shared-components/src/lib/TestComponent.tsx","statementMap":{"0":{"start":{"line":1,"column":29},"end":{"line":3,"column":1}},"1":{"start":{"line":2,"column":2},"end":{"line":2,"column":29}}},"fnMap":{"0":{"name":"(anonymous_0)","decl":{"start":{"line":1,"column":29},"end":{"line":1,"column":30}},"loc":{"start":{"line":1,"column":35},"end":{"line":3,"column":1}},"line":1}},"branchMap":{},"s":{"0":5,"1":2},"f":{"0":2},"b":{},"_coverageSchema":"1a1c01bbd47fc00a2c39e90264f33305004495a9","hash":"59b8ba248a73ec14d0304cc26ea36253b70d7bd7"}
,"/home/runner/work/lizards-inc-fe/lizards-inc-fe/libs/shared-components/src/lib/error-logo.png": {"path":"/home/runner/work/lizards-inc-fe/lizards-inc-fe/libs/shared-components/src/lib/error-logo.png","statementMap":{"0":{"start":{"line":1,"column":0},"end":{"line":1,"column":34}}},"fnMap":{},"branchMap":{},"s":{"0":2},"f":{},"b":{},"_coverageSchema":"1a1c01bbd47fc00a2c39e90264f33305004495a9","hash":"d23e806f2a43d21760b3e0f6e9b767c9b38fefac"}
,"/home/runner/work/lizards-inc-fe/lizards-inc-fe/libs/shared-components/src/lib/routing/NotFoundPage.tsx": {"path":"/home/runner/work/lizards-inc-fe/lizards-inc-fe/libs/shared-components/src/lib/routing/NotFoundPage.tsx","statementMap":{"0":{"start":{"line":3,"column":28},"end":{"line":11,"column":1}},"1":{"start":{"line":4,"column":2},"end":{"line":10,"column":4}}},"fnMap":{"0":{"name":"(anonymous_0)","decl":{"start":{"line":3,"column":28},"end":{"line":3,"column":29}},"loc":{"start":{"line":3,"column":34},"end":{"line":11,"column":1}},"line":3}},"branchMap":{},"s":{"0":5,"1":0},"f":{"0":0},"b":{},"_coverageSchema":"1a1c01bbd47fc00a2c39e90264f33305004495a9","hash":"aea0d3c9e10b2902f101b4b8fe6520230fdd3eaf"}
,"/home/runner/work/lizards-inc-fe/lizards-inc-fe/libs/shared-components/src/lib/routing/RoutingTable.ts": {"path":"/home/runner/work/lizards-inc-fe/lizards-inc-fe/libs/shared-components/src/lib/routing/RoutingTable.ts","statementMap":{"0":{"start":{"line":1,"column":28},"end":{"line":15,"column":10}}},"fnMap":{},"branchMap":{},"s":{"0":5},"f":{},"b":{},"_coverageSchema":"1a1c01bbd47fc00a2c39e90264f33305004495a9","hash":"4e1e489276e7c40578d53f016eb1eaaca4bfa78b"}
,"/home/runner/work/lizards-inc-fe/lizards-inc-fe/libs/shared-components/src/lib/routing/index.ts": {"path":"/home/runner/work/lizards-inc-fe/lizards-inc-fe/libs/shared-components/src/lib/routing/index.ts","statementMap":{},"fnMap":{},"branchMap":{},"s":{},"f":{},"b":{},"_coverageSchema":"1a1c01bbd47fc00a2c39e90264f33305004495a9","hash":"b2f1ffd7e84a084a8580890e87d38f2b0059b5d6"}
,"/home/runner/work/lizards-inc-fe/lizards-inc-fe/libs/shared-components/src/lib/ui-components/CardElement.tsx": {"path":"/home/runner/work/lizards-inc-fe/lizards-inc-fe/libs/shared-components/src/lib/ui-components/CardElement.tsx","statementMap":{"0":{"start":{"line":9,"column":27},"end":{"line":17,"column":1}},"1":{"start":{"line":10,"column":25},"end":{"line":12,"column":8}},"2":{"start":{"line":14,"column":2},"end":{"line":16,"column":4}}},"fnMap":{"0":{"name":"(anonymous_0)","decl":{"start":{"line":9,"column":27},"end":{"line":9,"column":28}},"loc":{"start":{"line":9,"column":49},"end":{"line":17,"column":1}},"line":9}},"branchMap":{"0":{"loc":{"start":{"line":10,"column":25},"end":{"line":12,"column":8}},"type":"cond-expr","locations":[{"start":{"line":11,"column":6},"end":{"line":11,"column":78}},{"start":{"line":12,"column":6},"end":{"line":12,"column":8}}],"line":10}},"s":{"0":6,"1":19,"2":19},"f":{"0":19},"b":{"0":[16,3]},"_coverageSchema":"1a1c01bbd47fc00a2c39e90264f33305004495a9","hash":"63d19a4b0b331d49561a13a5e042f11541d6c892"}
,"/home/runner/work/lizards-inc-fe/lizards-inc-fe/libs/terrarium/src/components/AnimalCard.tsx": {"path":"/home/runner/work/lizards-inc-fe/lizards-inc-fe/libs/terrarium/src/components/AnimalCard.tsx","statementMap":{"0":{"start":{"line":14,"column":26},"end":{"line":61,"column":1}},"1":{"start":{"line":15,"column":22},"end":{"line":17,"column":4}},"2":{"start":{"line":18,"column":46},"end":{"line":18,"column":61}},"3":{"start":{"line":20,"column":20},"end":{"line":31,"column":3}},"4":{"start":{"line":21,"column":4},"end":{"line":30,"column":5}},"5":{"start":{"line":23,"column":8},"end":{"line":23,"column":22}},"6":{"start":{"line":25,"column":8},"end":{"line":25,"column":24}},"7":{"start":{"line":27,"column":8},"end":{"line":27,"column":23}},"8":{"start":{"line":29,"column":8},"end":{"line":29,"column":22}},"9":{"start":{"line":33,"column":31},"end":{"line":33,"column":107}},"10":{"start":{"line":34,"column":18},"end":{"line":34,"column":103}},"11":{"start":{"line":36,"column":24},"end":{"line":42,"column":3}},"12":{"start":{"line":37,"column":4},"end":{"line":37,"column":27}},"13":{"start":{"line":38,"column":4},"end":{"line":41,"column":7}},"14":{"start":{"line":39,"column":6},"end":{"line":39,"column":30}},"15":{"start":{"line":40,"column":6},"end":{"line":40,"column":23}},"16":{"start":{"line":44,"column":2},"end":{"line":60,"column":4}}},"fnMap":{"0":{"name":"(anonymous_0)","decl":{"start":{"line":14,"column":26},"end":{"line":14,"column":27}},"loc":{"start":{"line":14,"column":75},"end":{"line":61,"column":1}},"line":14},"1":{"name":"(anonymous_1)","decl":{"start":{"line":20,"column":20},"end":{"line":20,"column":21}},"loc":{"start":{"line":20,"column":40},"end":{"line":31,"column":3}},"line":20},"2":{"name":"(anonymous_2)","decl":{"start":{"line":36,"column":24},"end":{"line":36,"column":25}},"loc":{"start":{"line":36,"column":30},"end":{"line":42,"column":3}},"line":36},"3":{"name":"(anonymous_3)","decl":{"start":{"line":38,"column":19},"end":{"line":38,"column":20}},"loc":{"start":{"line":38,"column":25},"end":{"line":41,"column":5}},"line":38}},"branchMap":{"0":{"loc":{"start":{"line":21,"column":4},"end":{"line":30,"column":5}},"type":"switch","locations":[{"start":{"line":22,"column":6},"end":{"line":23,"column":22}},{"start":{"line":24,"column":6},"end":{"line":25,"column":24}},{"start":{"line":26,"column":6},"end":{"line":27,"column":23}},{"start":{"line":28,"column":6},"end":{"line":29,"column":22}}],"line":21},"1":{"loc":{"start":{"line":33,"column":31},"end":{"line":33,"column":107}},"type":"cond-expr","locations":[{"start":{"line":33,"column":57},"end":{"line":33,"column":93}},{"start":{"line":33,"column":96},"end":{"line":33,"column":107}}],"line":33},"2":{"loc":{"start":{"line":34,"column":18},"end":{"line":34,"column":103}},"type":"cond-expr","locations":[{"start":{"line":34,"column":46},"end":{"line":34,"column":65}},{"start":{"line":34,"column":68},"end":{"line":34,"column":103}}],"line":34}},"s":{"0":1,"1":12,"2":12,"3":12,"4":12,"5":1,"6":9,"7":1,"8":1,"9":12,"10":12,"11":12,"12":1,"13":1,"14":1,"15":1,"16":12},"f":{"0":12,"1":12,"2":1,"3":1},"b":{"0":[1,9,1,1],"1":[1,11],"2":[11,1]},"_coverageSchema":"1a1c01bbd47fc00a2c39e90264f33305004495a9","hash":"650623f32c4efd6696f5b2efab1a01269f7fca66"}
,"/home/runner/work/lizards-inc-fe/lizards-inc-fe/libs/terrarium/src/components/AnimalDeleteButton.tsx": {"path":"/home/runner/work/lizards-inc-fe/lizards-inc-fe/libs/terrarium/src/components/AnimalDeleteButton.tsx","statementMap":{"0":{"start":{"line":9,"column":34},"end":{"line":21,"column":1}},"1":{"start":{"line":10,"column":2},"end":{"line":20,"column":4}}},"fnMap":{"0":{"name":"(anonymous_0)","decl":{"start":{"line":9,"column":34},"end":{"line":9,"column":35}},"loc":{"start":{"line":9,"column":87},"end":{"line":21,"column":1}},"line":9}},"branchMap":{"0":{"loc":{"start":{"line":17,"column":14},"end":{"line":17,"column":87}},"type":"cond-expr","locations":[{"start":{"line":17,"column":26},"end":{"line":17,"column":50}},{"start":{"line":17,"column":53},"end":{"line":17,"column":87}}],"line":17}},"s":{"0":1,"1":12},"f":{"0":12},"b":{"0":[1,11]},"_coverageSchema":"1a1c01bbd47fc00a2c39e90264f33305004495a9","hash":"bba2d7b65f303cb924015b1a60b211540a89ff09"}
,"/home/runner/work/lizards-inc-fe/lizards-inc-fe/src/app/app.tsx": {"path":"/home/runner/work/lizards-inc-fe/lizards-inc-fe/src/app/app.tsx","statementMap":{"0":{"start":{"line":19,"column":12},"end":{"line":149,"column":1}},"1":{"start":{"line":20,"column":36},"end":{"line":20,"column":51}},"2":{"start":{"line":21,"column":36},"end":{"line":21,"column":63}},"3":{"start":{"line":25,"column":6},"end":{"line":25,"column":22}},"4":{"start":{"line":26,"column":19},"end":{"line":26,"column":32}},"5":{"start":{"line":27,"column":21},"end":{"line":27,"column":37}},"6":{"start":{"line":29,"column":28},"end":{"line":58,"column":3}},"7":{"start":{"line":59,"column":23},"end":{"line":61,"column":3}},"8":{"start":{"line":60,"column":4},"end":{"line":60,"column":36}},"9":{"start":{"line":63,"column":37},"end":{"line":65,"column":3}},"10":{"start":{"line":64,"column":4},"end":{"line":64,"column":42}},"11":{"start":{"line":64,"column":30},"end":{"line":64,"column":40}},"12":{"start":{"line":67,"column":2},"end":{"line":73,"column":5}},"13":{"start":{"line":68,"column":4},"end":{"line":68,"column":52}},"14":{"start":{"line":70,"column":4},"end":{"line":72,"column":6}},"15":{"start":{"line":71,"column":6},"end":{"line":71,"column":57}},"16":{"start":{"line":75,"column":2},"end":{"line":148,"column":4}},"17":{"start":{"line":107,"column":30},"end":{"line":107,"column":47}},"18":{"start":{"line":115,"column":27},"end":{"line":115,"column":46}},"19":{"start":{"line":126,"column":16},"end":{"line":126,"column":34}},"20":{"start":{"line":127,"column":16},"end":{"line":127,"column":36}}},"fnMap":{"0":{"name":"(anonymous_0)","decl":{"start":{"line":19,"column":12},"end":{"line":19,"column":13}},"loc":{"start":{"line":19,"column":18},"end":{"line":149,"column":1}},"line":19},"1":{"name":"(anonymous_1)","decl":{"start":{"line":59,"column":23},"end":{"line":59,"column":24}},"loc":{"start":{"line":59,"column":29},"end":{"line":61,"column":3}},"line":59},"2":{"name":"(anonymous_2)","decl":{"start":{"line":63,"column":37},"end":{"line":63,"column":38}},"loc":{"start":{"line":63,"column":43},"end":{"line":65,"column":3}},"line":63},"3":{"name":"(anonymous_3)","decl":{"start":{"line":64,"column":17},"end":{"line":64,"column":18}},"loc":{"start":{"line":64,"column":30},"end":{"line":64,"column":40}},"line":64},"4":{"name":"(anonymous_4)","decl":{"start":{"line":67,"column":12},"end":{"line":67,"column":13}},"loc":{"start":{"line":67,"column":18},"end":{"line":73,"column":3}},"line":67},"5":{"name":"(anonymous_5)","decl":{"start":{"line":70,"column":11},"end":{"line":70,"column":12}},"loc":{"start":{"line":70,"column":17},"end":{"line":72,"column":5}},"line":70},"6":{"name":"(anonymous_6)","decl":{"start":{"line":107,"column":23},"end":{"line":107,"column":24}},"loc":{"start":{"line":107,"column":30},"end":{"line":107,"column":47}},"line":107},"7":{"name":"(anonymous_7)","decl":{"start":{"line":115,"column":21},"end":{"line":115,"column":22}},"loc":{"start":{"line":115,"column":27},"end":{"line":115,"column":46}},"line":115},"8":{"name":"(anonymous_8)","decl":{"start":{"line":125,"column":23},"end":{"line":125,"column":24}},"loc":{"start":{"line":125,"column":30},"end":{"line":128,"column":15}},"line":125}},"branchMap":{"0":{"loc":{"start":{"line":80,"column":13},"end":{"line":80,"column":89}},"type":"binary-expr","locations":[{"start":{"line":80,"column":13},"end":{"line":80,"column":28}},{"start":{"line":80,"column":32},"end":{"line":80,"column":89}}],"line":80},"1":{"loc":{"start":{"line":82,"column":15},"end":{"line":82,"column":104}},"type":"cond-expr","locations":[{"start":{"line":82,"column":27},"end":{"line":82,"column":65}},{"start":{"line":82,"column":68},"end":{"line":82,"column":104}}],"line":82},"2":{"loc":{"start":{"line":99,"column":9},"end":{"line":131,"column":9}},"type":"cond-expr","locations":[{"start":{"line":100,"column":10},"end":{"line":109,"column":18}},{"start":{"line":111,"column":10},"end":{"line":130,"column":19}}],"line":99}},"s":{"0":1,"1":2,"2":1,"3":1,"4":1,"5":1,"6":1,"7":1,"8":0,"9":1,"10":0,"11":0,"12":1,"13":1,"14":1,"15":1,"16":1,"17":0,"18":0,"19":0,"20":0},"f":{"0":2,"1":0,"2":0,"3":0,"4":1,"5":1,"6":0,"7":0,"8":0},"b":{"0":[1,1],"1":[0,1],"2":[1,0]},"_coverageSchema":"1a1c01bbd47fc00a2c39e90264f33305004495a9","hash":"588106dbffe23afb14db4863a322ed8ff8064fde"}
}
